<?xml version="1.0" encoding="UTF-8"?>
<testsuite xmlns:xsi="http://www.w3.org/2001/XMLSchema-instance" xsi:noNamespaceSchemaLocation="https://maven.apache.org/surefire/maven-surefire-plugin/xsd/surefire-test-report.xsd" version="3.0.2" name="com.example.demo.consumer.MessageConsumerTest" time="6.012" tests="1" errors="0" skipped="0" failures="0">
  <properties>
    <property name="jdk.tls.rejectClientInitiatedRenegotiation" value="true"/>
    <property name="java.specification.version" value="17"/>
    <property name="sun.cpu.isalist" value="amd64"/>
    <property name="sun.jnu.encoding" value="Cp1252"/>
    <property name="java.class.path" value="E:\codebase\Repo1\apachekafkawithspringboot\target\test-classes;E:\codebase\Repo1\apachekafkawithspringboot\target\classes;C:\Users\HP\.m2\repository\org\springframework\boot\spring-boot-starter-web\3.4.5\spring-boot-starter-web-3.4.5.jar;C:\Users\HP\.m2\repository\org\springframework\boot\spring-boot-starter\3.4.5\spring-boot-starter-3.4.5.jar;C:\Users\HP\.m2\repository\org\springframework\boot\spring-boot\3.4.5\spring-boot-3.4.5.jar;C:\Users\HP\.m2\repository\org\springframework\boot\spring-boot-autoconfigure\3.4.5\spring-boot-autoconfigure-3.4.5.jar;C:\Users\HP\.m2\repository\org\springframework\boot\spring-boot-starter-logging\3.4.5\spring-boot-starter-logging-3.4.5.jar;C:\Users\HP\.m2\repository\org\apache\logging\log4j\log4j-to-slf4j\2.24.3\log4j-to-slf4j-2.24.3.jar;C:\Users\HP\.m2\repository\org\apache\logging\log4j\log4j-api\2.24.3\log4j-api-2.24.3.jar;C:\Users\HP\.m2\repository\org\slf4j\jul-to-slf4j\2.0.17\jul-to-slf4j-2.0.17.jar;C:\Users\HP\.m2\repository\jakarta\annotation\jakarta.annotation-api\2.1.1\jakarta.annotation-api-2.1.1.jar;C:\Users\HP\.m2\repository\org\yaml\snakeyaml\2.3\snakeyaml-2.3.jar;C:\Users\HP\.m2\repository\org\springframework\boot\spring-boot-starter-json\3.4.5\spring-boot-starter-json-3.4.5.jar;C:\Users\HP\.m2\repository\com\fasterxml\jackson\core\jackson-databind\2.18.3\jackson-databind-2.18.3.jar;C:\Users\HP\.m2\repository\com\fasterxml\jackson\core\jackson-annotations\2.18.3\jackson-annotations-2.18.3.jar;C:\Users\HP\.m2\repository\com\fasterxml\jackson\core\jackson-core\2.18.3\jackson-core-2.18.3.jar;C:\Users\HP\.m2\repository\com\fasterxml\jackson\datatype\jackson-datatype-jdk8\2.18.3\jackson-datatype-jdk8-2.18.3.jar;C:\Users\HP\.m2\repository\com\fasterxml\jackson\datatype\jackson-datatype-jsr310\2.18.3\jackson-datatype-jsr310-2.18.3.jar;C:\Users\HP\.m2\repository\com\fasterxml\jackson\module\jackson-module-parameter-names\2.18.3\jackson-module-parameter-names-2.18.3.jar;C:\Users\HP\.m2\repository\org\springframework\boot\spring-boot-starter-tomcat\3.4.5\spring-boot-starter-tomcat-3.4.5.jar;C:\Users\HP\.m2\repository\org\apache\tomcat\embed\tomcat-embed-core\10.1.40\tomcat-embed-core-10.1.40.jar;C:\Users\HP\.m2\repository\org\apache\tomcat\embed\tomcat-embed-el\10.1.40\tomcat-embed-el-10.1.40.jar;C:\Users\HP\.m2\repository\org\apache\tomcat\embed\tomcat-embed-websocket\10.1.40\tomcat-embed-websocket-10.1.40.jar;C:\Users\HP\.m2\repository\org\springframework\spring-web\6.2.6\spring-web-6.2.6.jar;C:\Users\HP\.m2\repository\org\springframework\spring-beans\6.2.6\spring-beans-6.2.6.jar;C:\Users\HP\.m2\repository\org\springframework\spring-webmvc\6.2.6\spring-webmvc-6.2.6.jar;C:\Users\HP\.m2\repository\org\springframework\spring-aop\6.2.6\spring-aop-6.2.6.jar;C:\Users\HP\.m2\repository\org\springframework\spring-expression\6.2.6\spring-expression-6.2.6.jar;C:\Users\HP\.m2\repository\org\springframework\kafka\spring-kafka\3.3.5\spring-kafka-3.3.5.jar;C:\Users\HP\.m2\repository\org\springframework\spring-context\6.2.6\spring-context-6.2.6.jar;C:\Users\HP\.m2\repository\org\springframework\spring-messaging\6.2.6\spring-messaging-6.2.6.jar;C:\Users\HP\.m2\repository\org\springframework\spring-tx\6.2.6\spring-tx-6.2.6.jar;C:\Users\HP\.m2\repository\org\springframework\retry\spring-retry\2.0.11\spring-retry-2.0.11.jar;C:\Users\HP\.m2\repository\org\apache\kafka\kafka-clients\3.8.1\kafka-clients-3.8.1.jar;C:\Users\HP\.m2\repository\com\github\luben\zstd-jni\1.5.6-4\zstd-jni-1.5.6-4.jar;C:\Users\HP\.m2\repository\org\lz4\lz4-java\1.8.0\lz4-java-1.8.0.jar;C:\Users\HP\.m2\repository\org\xerial\snappy\snappy-java\1.1.10.5\snappy-java-1.1.10.5.jar;C:\Users\HP\.m2\repository\org\slf4j\slf4j-api\2.0.17\slf4j-api-2.0.17.jar;C:\Users\HP\.m2\repository\io\micrometer\micrometer-observation\1.14.6\micrometer-observation-1.14.6.jar;C:\Users\HP\.m2\repository\io\micrometer\micrometer-commons\1.14.6\micrometer-commons-1.14.6.jar;C:\Users\HP\.m2\repository\org\springframework\boot\spring-boot-starter-test\3.4.5\spring-boot-starter-test-3.4.5.jar;C:\Users\HP\.m2\repository\org\springframework\boot\spring-boot-test\3.4.5\spring-boot-test-3.4.5.jar;C:\Users\HP\.m2\repository\org\springframework\boot\spring-boot-test-autoconfigure\3.4.5\spring-boot-test-autoconfigure-3.4.5.jar;C:\Users\HP\.m2\repository\com\jayway\jsonpath\json-path\2.9.0\json-path-2.9.0.jar;C:\Users\HP\.m2\repository\jakarta\xml\bind\jakarta.xml.bind-api\4.0.2\jakarta.xml.bind-api-4.0.2.jar;C:\Users\HP\.m2\repository\jakarta\activation\jakarta.activation-api\2.1.3\jakarta.activation-api-2.1.3.jar;C:\Users\HP\.m2\repository\net\minidev\json-smart\2.5.2\json-smart-2.5.2.jar;C:\Users\HP\.m2\repository\net\minidev\accessors-smart\2.5.2\accessors-smart-2.5.2.jar;C:\Users\HP\.m2\repository\org\ow2\asm\asm\9.7.1\asm-9.7.1.jar;C:\Users\HP\.m2\repository\org\assertj\assertj-core\3.26.3\assertj-core-3.26.3.jar;C:\Users\HP\.m2\repository\net\bytebuddy\byte-buddy\1.15.11\byte-buddy-1.15.11.jar;C:\Users\HP\.m2\repository\org\awaitility\awaitility\4.2.2\awaitility-4.2.2.jar;C:\Users\HP\.m2\repository\org\hamcrest\hamcrest\2.2\hamcrest-2.2.jar;C:\Users\HP\.m2\repository\org\junit\jupiter\junit-jupiter\5.11.4\junit-jupiter-5.11.4.jar;C:\Users\HP\.m2\repository\org\junit\jupiter\junit-jupiter-params\5.11.4\junit-jupiter-params-5.11.4.jar;C:\Users\HP\.m2\repository\org\junit\jupiter\junit-jupiter-engine\5.11.4\junit-jupiter-engine-5.11.4.jar;C:\Users\HP\.m2\repository\org\mockito\mockito-core\5.14.2\mockito-core-5.14.2.jar;C:\Users\HP\.m2\repository\net\bytebuddy\byte-buddy-agent\1.15.11\byte-buddy-agent-1.15.11.jar;C:\Users\HP\.m2\repository\org\objenesis\objenesis\3.3\objenesis-3.3.jar;C:\Users\HP\.m2\repository\org\mockito\mockito-junit-jupiter\5.14.2\mockito-junit-jupiter-5.14.2.jar;C:\Users\HP\.m2\repository\org\skyscreamer\jsonassert\1.5.3\jsonassert-1.5.3.jar;C:\Users\HP\.m2\repository\com\vaadin\external\google\android-json\0.0.20131108.vaadin1\android-json-0.0.20131108.vaadin1.jar;C:\Users\HP\.m2\repository\org\springframework\spring-core\6.2.6\spring-core-6.2.6.jar;C:\Users\HP\.m2\repository\org\springframework\spring-jcl\6.2.6\spring-jcl-6.2.6.jar;C:\Users\HP\.m2\repository\org\springframework\spring-test\6.2.6\spring-test-6.2.6.jar;C:\Users\HP\.m2\repository\org\xmlunit\xmlunit-core\2.10.0\xmlunit-core-2.10.0.jar;C:\Users\HP\.m2\repository\org\springframework\kafka\spring-kafka-test\3.3.5\spring-kafka-test-3.3.5.jar;C:\Users\HP\.m2\repository\org\apache\zookeeper\zookeeper\3.8.4\zookeeper-3.8.4.jar;C:\Users\HP\.m2\repository\org\apache\zookeeper\zookeeper-jute\3.8.4\zookeeper-jute-3.8.4.jar;C:\Users\HP\.m2\repository\org\apache\yetus\audience-annotations\0.12.0\audience-annotations-0.12.0.jar;C:\Users\HP\.m2\repository\io\netty\netty-handler\4.1.119.Final\netty-handler-4.1.119.Final.jar;C:\Users\HP\.m2\repository\io\netty\netty-common\4.1.119.Final\netty-common-4.1.119.Final.jar;C:\Users\HP\.m2\repository\io\netty\netty-resolver\4.1.119.Final\netty-resolver-4.1.119.Final.jar;C:\Users\HP\.m2\repository\io\netty\netty-buffer\4.1.119.Final\netty-buffer-4.1.119.Final.jar;C:\Users\HP\.m2\repository\io\netty\netty-transport\4.1.119.Final\netty-transport-4.1.119.Final.jar;C:\Users\HP\.m2\repository\io\netty\netty-transport-native-unix-common\4.1.119.Final\netty-transport-native-unix-common-4.1.119.Final.jar;C:\Users\HP\.m2\repository\io\netty\netty-codec\4.1.119.Final\netty-codec-4.1.119.Final.jar;C:\Users\HP\.m2\repository\io\netty\netty-transport-native-epoll\4.1.119.Final\netty-transport-native-epoll-4.1.119.Final.jar;C:\Users\HP\.m2\repository\io\netty\netty-transport-classes-epoll\4.1.119.Final\netty-transport-classes-epoll-4.1.119.Final.jar;C:\Users\HP\.m2\repository\ch\qos\logback\logback-core\1.5.18\logback-core-1.5.18.jar;C:\Users\HP\.m2\repository\ch\qos\logback\logback-classic\1.5.18\logback-classic-1.5.18.jar;C:\Users\HP\.m2\repository\commons-io\commons-io\2.11.0\commons-io-2.11.0.jar;C:\Users\HP\.m2\repository\org\apache\kafka\kafka-clients\3.8.1\kafka-clients-3.8.1-test.jar;C:\Users\HP\.m2\repository\org\apache\kafka\kafka-server\3.8.1\kafka-server-3.8.1.jar;C:\Users\HP\.m2\repository\org\apache\kafka\kafka-group-coordinator\3.8.1\kafka-group-coordinator-3.8.1.jar;C:\Users\HP\.m2\repository\org\apache\kafka\kafka-transaction-coordinator\3.8.1\kafka-transaction-coordinator-3.8.1.jar;C:\Users\HP\.m2\repository\org\apache\kafka\kafka-raft\3.8.1\kafka-raft-3.8.1.jar;C:\Users\HP\.m2\repository\com\yammer\metrics\metrics-core\2.2.0\metrics-core-2.2.0.jar;C:\Users\HP\.m2\repository\org\apache\kafka\kafka-metadata\3.8.1\kafka-metadata-3.8.1.jar;C:\Users\HP\.m2\repository\org\apache\kafka\kafka-server-common\3.8.1\kafka-server-common-3.8.1.jar;C:\Users\HP\.m2\repository\net\sf\jopt-simple\jopt-simple\5.0.4\jopt-simple-5.0.4.jar;C:\Users\HP\.m2\repository\org\pcollections\pcollections\4.0.1\pcollections-4.0.1.jar;C:\Users\HP\.m2\repository\org\apache\kafka\kafka-server-common\3.8.1\kafka-server-common-3.8.1-test.jar;C:\Users\HP\.m2\repository\org\apache\kafka\kafka-streams-test-utils\3.8.1\kafka-streams-test-utils-3.8.1.jar;C:\Users\HP\.m2\repository\org\apache\kafka\kafka-streams\3.8.1\kafka-streams-3.8.1.jar;C:\Users\HP\.m2\repository\org\rocksdb\rocksdbjni\7.9.2\rocksdbjni-7.9.2.jar;C:\Users\HP\.m2\repository\org\apache\kafka\kafka_2.13\3.8.1\kafka_2.13-3.8.1.jar;C:\Users\HP\.m2\repository\org\scala-lang\scala-library\2.13.14\scala-library-2.13.14.jar;C:\Users\HP\.m2\repository\org\apache\kafka\kafka-group-coordinator-api\3.8.1\kafka-group-coordinator-api-3.8.1.jar;C:\Users\HP\.m2\repository\org\apache\kafka\kafka-storage-api\3.8.1\kafka-storage-api-3.8.1.jar;C:\Users\HP\.m2\repository\org\apache\kafka\kafka-tools-api\3.8.1\kafka-tools-api-3.8.1.jar;C:\Users\HP\.m2\repository\org\apache\kafka\kafka-storage\3.8.1\kafka-storage-3.8.1.jar;C:\Users\HP\.m2\repository\com\github\ben-manes\caffeine\caffeine\3.1.8\caffeine-3.1.8.jar;C:\Users\HP\.m2\repository\org\checkerframework\checker-qual\3.37.0\checker-qual-3.37.0.jar;C:\Users\HP\.m2\repository\com\google\errorprone\error_prone_annotations\2.21.1\error_prone_annotations-2.21.1.jar;C:\Users\HP\.m2\repository\net\sourceforge\argparse4j\argparse4j\0.7.0\argparse4j-0.7.0.jar;C:\Users\HP\.m2\repository\commons-validator\commons-validator\1.7\commons-validator-1.7.jar;C:\Users\HP\.m2\repository\commons-beanutils\commons-beanutils\1.9.4\commons-beanutils-1.9.4.jar;C:\Users\HP\.m2\repository\commons-digester\commons-digester\2.1\commons-digester-2.1.jar;C:\Users\HP\.m2\repository\commons-collections\commons-collections\3.2.2\commons-collections-3.2.2.jar;C:\Users\HP\.m2\repository\com\fasterxml\jackson\module\jackson-module-scala_2.13\2.18.3\jackson-module-scala_2.13-2.18.3.jar;C:\Users\HP\.m2\repository\com\thoughtworks\paranamer\paranamer\2.8\paranamer-2.8.jar;C:\Users\HP\.m2\repository\com\fasterxml\jackson\dataformat\jackson-dataformat-csv\2.18.3\jackson-dataformat-csv-2.18.3.jar;C:\Users\HP\.m2\repository\org\bitbucket\b_c\jose4j\0.9.4\jose4j-0.9.4.jar;C:\Users\HP\.m2\repository\org\scala-lang\modules\scala-collection-compat_2.13\2.10.0\scala-collection-compat_2.13-2.10.0.jar;C:\Users\HP\.m2\repository\org\scala-lang\modules\scala-java8-compat_2.13\1.0.2\scala-java8-compat_2.13-1.0.2.jar;C:\Users\HP\.m2\repository\org\scala-lang\scala-reflect\2.13.14\scala-reflect-2.13.14.jar;C:\Users\HP\.m2\repository\com\typesafe\scala-logging\scala-logging_2.13\3.9.4\scala-logging_2.13-3.9.4.jar;C:\Users\HP\.m2\repository\io\dropwizard\metrics\metrics-core\4.1.12.1\metrics-core-4.1.12.1.jar;C:\Users\HP\.m2\repository\commons-cli\commons-cli\1.4\commons-cli-1.4.jar;C:\Users\HP\.m2\repository\org\apache\kafka\kafka_2.13\3.8.1\kafka_2.13-3.8.1-test.jar;C:\Users\HP\.m2\repository\org\junit\jupiter\junit-jupiter-api\5.11.4\junit-jupiter-api-5.11.4.jar;C:\Users\HP\.m2\repository\org\opentest4j\opentest4j\1.3.0\opentest4j-1.3.0.jar;C:\Users\HP\.m2\repository\org\junit\platform\junit-platform-commons\1.11.4\junit-platform-commons-1.11.4.jar;C:\Users\HP\.m2\repository\org\apiguardian\apiguardian-api\1.1.2\apiguardian-api-1.1.2.jar;C:\Users\HP\.m2\repository\org\junit\platform\junit-platform-launcher\1.11.4\junit-platform-launcher-1.11.4.jar;C:\Users\HP\.m2\repository\org\junit\platform\junit-platform-engine\1.11.4\junit-platform-engine-1.11.4.jar;"/>
    <property name="java.vm.vendor" value="Oracle Corporation"/>
    <property name="sun.arch.data.model" value="64"/>
    <property name="user.variant" value=""/>
    <property name="java.vendor.url" value="https://java.oracle.com/"/>
    <property name="user.timezone" value="Asia/Calcutta"/>
    <property name="os.name" value="Windows 10"/>
    <property name="java.vm.specification.version" value="17"/>
    <property name="APPLICATION_NAME" value="apachekafkawithspringboot"/>
    <property name="sun.java.launcher" value="SUN_STANDARD"/>
    <property name="user.country" value="IN"/>
    <property name="sun.boot.library.path" value="C:\Program Files\Java\jdk-17\bin"/>
    <property name="sun.java.command" value="C:\Users\HP\AppData\Local\Temp\surefire2455883618129003831\surefirebooter-20250728194327878_3.jar C:\Users\HP\AppData\Local\Temp\surefire2455883618129003831 2025-07-28T19-43-27_577-jvmRun1 surefire-20250728194327878_1tmp surefire_0-20250728194327878_2tmp"/>
    <property name="jdk.debug" value="release"/>
    <property name="surefire.test.class.path" value="E:\codebase\Repo1\apachekafkawithspringboot\target\test-classes;E:\codebase\Repo1\apachekafkawithspringboot\target\classes;C:\Users\HP\.m2\repository\org\springframework\boot\spring-boot-starter-web\3.4.5\spring-boot-starter-web-3.4.5.jar;C:\Users\HP\.m2\repository\org\springframework\boot\spring-boot-starter\3.4.5\spring-boot-starter-3.4.5.jar;C:\Users\HP\.m2\repository\org\springframework\boot\spring-boot\3.4.5\spring-boot-3.4.5.jar;C:\Users\HP\.m2\repository\org\springframework\boot\spring-boot-autoconfigure\3.4.5\spring-boot-autoconfigure-3.4.5.jar;C:\Users\HP\.m2\repository\org\springframework\boot\spring-boot-starter-logging\3.4.5\spring-boot-starter-logging-3.4.5.jar;C:\Users\HP\.m2\repository\org\apache\logging\log4j\log4j-to-slf4j\2.24.3\log4j-to-slf4j-2.24.3.jar;C:\Users\HP\.m2\repository\org\apache\logging\log4j\log4j-api\2.24.3\log4j-api-2.24.3.jar;C:\Users\HP\.m2\repository\org\slf4j\jul-to-slf4j\2.0.17\jul-to-slf4j-2.0.17.jar;C:\Users\HP\.m2\repository\jakarta\annotation\jakarta.annotation-api\2.1.1\jakarta.annotation-api-2.1.1.jar;C:\Users\HP\.m2\repository\org\yaml\snakeyaml\2.3\snakeyaml-2.3.jar;C:\Users\HP\.m2\repository\org\springframework\boot\spring-boot-starter-json\3.4.5\spring-boot-starter-json-3.4.5.jar;C:\Users\HP\.m2\repository\com\fasterxml\jackson\core\jackson-databind\2.18.3\jackson-databind-2.18.3.jar;C:\Users\HP\.m2\repository\com\fasterxml\jackson\core\jackson-annotations\2.18.3\jackson-annotations-2.18.3.jar;C:\Users\HP\.m2\repository\com\fasterxml\jackson\core\jackson-core\2.18.3\jackson-core-2.18.3.jar;C:\Users\HP\.m2\repository\com\fasterxml\jackson\datatype\jackson-datatype-jdk8\2.18.3\jackson-datatype-jdk8-2.18.3.jar;C:\Users\HP\.m2\repository\com\fasterxml\jackson\datatype\jackson-datatype-jsr310\2.18.3\jackson-datatype-jsr310-2.18.3.jar;C:\Users\HP\.m2\repository\com\fasterxml\jackson\module\jackson-module-parameter-names\2.18.3\jackson-module-parameter-names-2.18.3.jar;C:\Users\HP\.m2\repository\org\springframework\boot\spring-boot-starter-tomcat\3.4.5\spring-boot-starter-tomcat-3.4.5.jar;C:\Users\HP\.m2\repository\org\apache\tomcat\embed\tomcat-embed-core\10.1.40\tomcat-embed-core-10.1.40.jar;C:\Users\HP\.m2\repository\org\apache\tomcat\embed\tomcat-embed-el\10.1.40\tomcat-embed-el-10.1.40.jar;C:\Users\HP\.m2\repository\org\apache\tomcat\embed\tomcat-embed-websocket\10.1.40\tomcat-embed-websocket-10.1.40.jar;C:\Users\HP\.m2\repository\org\springframework\spring-web\6.2.6\spring-web-6.2.6.jar;C:\Users\HP\.m2\repository\org\springframework\spring-beans\6.2.6\spring-beans-6.2.6.jar;C:\Users\HP\.m2\repository\org\springframework\spring-webmvc\6.2.6\spring-webmvc-6.2.6.jar;C:\Users\HP\.m2\repository\org\springframework\spring-aop\6.2.6\spring-aop-6.2.6.jar;C:\Users\HP\.m2\repository\org\springframework\spring-expression\6.2.6\spring-expression-6.2.6.jar;C:\Users\HP\.m2\repository\org\springframework\kafka\spring-kafka\3.3.5\spring-kafka-3.3.5.jar;C:\Users\HP\.m2\repository\org\springframework\spring-context\6.2.6\spring-context-6.2.6.jar;C:\Users\HP\.m2\repository\org\springframework\spring-messaging\6.2.6\spring-messaging-6.2.6.jar;C:\Users\HP\.m2\repository\org\springframework\spring-tx\6.2.6\spring-tx-6.2.6.jar;C:\Users\HP\.m2\repository\org\springframework\retry\spring-retry\2.0.11\spring-retry-2.0.11.jar;C:\Users\HP\.m2\repository\org\apache\kafka\kafka-clients\3.8.1\kafka-clients-3.8.1.jar;C:\Users\HP\.m2\repository\com\github\luben\zstd-jni\1.5.6-4\zstd-jni-1.5.6-4.jar;C:\Users\HP\.m2\repository\org\lz4\lz4-java\1.8.0\lz4-java-1.8.0.jar;C:\Users\HP\.m2\repository\org\xerial\snappy\snappy-java\1.1.10.5\snappy-java-1.1.10.5.jar;C:\Users\HP\.m2\repository\org\slf4j\slf4j-api\2.0.17\slf4j-api-2.0.17.jar;C:\Users\HP\.m2\repository\io\micrometer\micrometer-observation\1.14.6\micrometer-observation-1.14.6.jar;C:\Users\HP\.m2\repository\io\micrometer\micrometer-commons\1.14.6\micrometer-commons-1.14.6.jar;C:\Users\HP\.m2\repository\org\springframework\boot\spring-boot-starter-test\3.4.5\spring-boot-starter-test-3.4.5.jar;C:\Users\HP\.m2\repository\org\springframework\boot\spring-boot-test\3.4.5\spring-boot-test-3.4.5.jar;C:\Users\HP\.m2\repository\org\springframework\boot\spring-boot-test-autoconfigure\3.4.5\spring-boot-test-autoconfigure-3.4.5.jar;C:\Users\HP\.m2\repository\com\jayway\jsonpath\json-path\2.9.0\json-path-2.9.0.jar;C:\Users\HP\.m2\repository\jakarta\xml\bind\jakarta.xml.bind-api\4.0.2\jakarta.xml.bind-api-4.0.2.jar;C:\Users\HP\.m2\repository\jakarta\activation\jakarta.activation-api\2.1.3\jakarta.activation-api-2.1.3.jar;C:\Users\HP\.m2\repository\net\minidev\json-smart\2.5.2\json-smart-2.5.2.jar;C:\Users\HP\.m2\repository\net\minidev\accessors-smart\2.5.2\accessors-smart-2.5.2.jar;C:\Users\HP\.m2\repository\org\ow2\asm\asm\9.7.1\asm-9.7.1.jar;C:\Users\HP\.m2\repository\org\assertj\assertj-core\3.26.3\assertj-core-3.26.3.jar;C:\Users\HP\.m2\repository\net\bytebuddy\byte-buddy\1.15.11\byte-buddy-1.15.11.jar;C:\Users\HP\.m2\repository\org\awaitility\awaitility\4.2.2\awaitility-4.2.2.jar;C:\Users\HP\.m2\repository\org\hamcrest\hamcrest\2.2\hamcrest-2.2.jar;C:\Users\HP\.m2\repository\org\junit\jupiter\junit-jupiter\5.11.4\junit-jupiter-5.11.4.jar;C:\Users\HP\.m2\repository\org\junit\jupiter\junit-jupiter-params\5.11.4\junit-jupiter-params-5.11.4.jar;C:\Users\HP\.m2\repository\org\junit\jupiter\junit-jupiter-engine\5.11.4\junit-jupiter-engine-5.11.4.jar;C:\Users\HP\.m2\repository\org\mockito\mockito-core\5.14.2\mockito-core-5.14.2.jar;C:\Users\HP\.m2\repository\net\bytebuddy\byte-buddy-agent\1.15.11\byte-buddy-agent-1.15.11.jar;C:\Users\HP\.m2\repository\org\objenesis\objenesis\3.3\objenesis-3.3.jar;C:\Users\HP\.m2\repository\org\mockito\mockito-junit-jupiter\5.14.2\mockito-junit-jupiter-5.14.2.jar;C:\Users\HP\.m2\repository\org\skyscreamer\jsonassert\1.5.3\jsonassert-1.5.3.jar;C:\Users\HP\.m2\repository\com\vaadin\external\google\android-json\0.0.20131108.vaadin1\android-json-0.0.20131108.vaadin1.jar;C:\Users\HP\.m2\repository\org\springframework\spring-core\6.2.6\spring-core-6.2.6.jar;C:\Users\HP\.m2\repository\org\springframework\spring-jcl\6.2.6\spring-jcl-6.2.6.jar;C:\Users\HP\.m2\repository\org\springframework\spring-test\6.2.6\spring-test-6.2.6.jar;C:\Users\HP\.m2\repository\org\xmlunit\xmlunit-core\2.10.0\xmlunit-core-2.10.0.jar;C:\Users\HP\.m2\repository\org\springframework\kafka\spring-kafka-test\3.3.5\spring-kafka-test-3.3.5.jar;C:\Users\HP\.m2\repository\org\apache\zookeeper\zookeeper\3.8.4\zookeeper-3.8.4.jar;C:\Users\HP\.m2\repository\org\apache\zookeeper\zookeeper-jute\3.8.4\zookeeper-jute-3.8.4.jar;C:\Users\HP\.m2\repository\org\apache\yetus\audience-annotations\0.12.0\audience-annotations-0.12.0.jar;C:\Users\HP\.m2\repository\io\netty\netty-handler\4.1.119.Final\netty-handler-4.1.119.Final.jar;C:\Users\HP\.m2\repository\io\netty\netty-common\4.1.119.Final\netty-common-4.1.119.Final.jar;C:\Users\HP\.m2\repository\io\netty\netty-resolver\4.1.119.Final\netty-resolver-4.1.119.Final.jar;C:\Users\HP\.m2\repository\io\netty\netty-buffer\4.1.119.Final\netty-buffer-4.1.119.Final.jar;C:\Users\HP\.m2\repository\io\netty\netty-transport\4.1.119.Final\netty-transport-4.1.119.Final.jar;C:\Users\HP\.m2\repository\io\netty\netty-transport-native-unix-common\4.1.119.Final\netty-transport-native-unix-common-4.1.119.Final.jar;C:\Users\HP\.m2\repository\io\netty\netty-codec\4.1.119.Final\netty-codec-4.1.119.Final.jar;C:\Users\HP\.m2\repository\io\netty\netty-transport-native-epoll\4.1.119.Final\netty-transport-native-epoll-4.1.119.Final.jar;C:\Users\HP\.m2\repository\io\netty\netty-transport-classes-epoll\4.1.119.Final\netty-transport-classes-epoll-4.1.119.Final.jar;C:\Users\HP\.m2\repository\ch\qos\logback\logback-core\1.5.18\logback-core-1.5.18.jar;C:\Users\HP\.m2\repository\ch\qos\logback\logback-classic\1.5.18\logback-classic-1.5.18.jar;C:\Users\HP\.m2\repository\commons-io\commons-io\2.11.0\commons-io-2.11.0.jar;C:\Users\HP\.m2\repository\org\apache\kafka\kafka-clients\3.8.1\kafka-clients-3.8.1-test.jar;C:\Users\HP\.m2\repository\org\apache\kafka\kafka-server\3.8.1\kafka-server-3.8.1.jar;C:\Users\HP\.m2\repository\org\apache\kafka\kafka-group-coordinator\3.8.1\kafka-group-coordinator-3.8.1.jar;C:\Users\HP\.m2\repository\org\apache\kafka\kafka-transaction-coordinator\3.8.1\kafka-transaction-coordinator-3.8.1.jar;C:\Users\HP\.m2\repository\org\apache\kafka\kafka-raft\3.8.1\kafka-raft-3.8.1.jar;C:\Users\HP\.m2\repository\com\yammer\metrics\metrics-core\2.2.0\metrics-core-2.2.0.jar;C:\Users\HP\.m2\repository\org\apache\kafka\kafka-metadata\3.8.1\kafka-metadata-3.8.1.jar;C:\Users\HP\.m2\repository\org\apache\kafka\kafka-server-common\3.8.1\kafka-server-common-3.8.1.jar;C:\Users\HP\.m2\repository\net\sf\jopt-simple\jopt-simple\5.0.4\jopt-simple-5.0.4.jar;C:\Users\HP\.m2\repository\org\pcollections\pcollections\4.0.1\pcollections-4.0.1.jar;C:\Users\HP\.m2\repository\org\apache\kafka\kafka-server-common\3.8.1\kafka-server-common-3.8.1-test.jar;C:\Users\HP\.m2\repository\org\apache\kafka\kafka-streams-test-utils\3.8.1\kafka-streams-test-utils-3.8.1.jar;C:\Users\HP\.m2\repository\org\apache\kafka\kafka-streams\3.8.1\kafka-streams-3.8.1.jar;C:\Users\HP\.m2\repository\org\rocksdb\rocksdbjni\7.9.2\rocksdbjni-7.9.2.jar;C:\Users\HP\.m2\repository\org\apache\kafka\kafka_2.13\3.8.1\kafka_2.13-3.8.1.jar;C:\Users\HP\.m2\repository\org\scala-lang\scala-library\2.13.14\scala-library-2.13.14.jar;C:\Users\HP\.m2\repository\org\apache\kafka\kafka-group-coordinator-api\3.8.1\kafka-group-coordinator-api-3.8.1.jar;C:\Users\HP\.m2\repository\org\apache\kafka\kafka-storage-api\3.8.1\kafka-storage-api-3.8.1.jar;C:\Users\HP\.m2\repository\org\apache\kafka\kafka-tools-api\3.8.1\kafka-tools-api-3.8.1.jar;C:\Users\HP\.m2\repository\org\apache\kafka\kafka-storage\3.8.1\kafka-storage-3.8.1.jar;C:\Users\HP\.m2\repository\com\github\ben-manes\caffeine\caffeine\3.1.8\caffeine-3.1.8.jar;C:\Users\HP\.m2\repository\org\checkerframework\checker-qual\3.37.0\checker-qual-3.37.0.jar;C:\Users\HP\.m2\repository\com\google\errorprone\error_prone_annotations\2.21.1\error_prone_annotations-2.21.1.jar;C:\Users\HP\.m2\repository\net\sourceforge\argparse4j\argparse4j\0.7.0\argparse4j-0.7.0.jar;C:\Users\HP\.m2\repository\commons-validator\commons-validator\1.7\commons-validator-1.7.jar;C:\Users\HP\.m2\repository\commons-beanutils\commons-beanutils\1.9.4\commons-beanutils-1.9.4.jar;C:\Users\HP\.m2\repository\commons-digester\commons-digester\2.1\commons-digester-2.1.jar;C:\Users\HP\.m2\repository\commons-collections\commons-collections\3.2.2\commons-collections-3.2.2.jar;C:\Users\HP\.m2\repository\com\fasterxml\jackson\module\jackson-module-scala_2.13\2.18.3\jackson-module-scala_2.13-2.18.3.jar;C:\Users\HP\.m2\repository\com\thoughtworks\paranamer\paranamer\2.8\paranamer-2.8.jar;C:\Users\HP\.m2\repository\com\fasterxml\jackson\dataformat\jackson-dataformat-csv\2.18.3\jackson-dataformat-csv-2.18.3.jar;C:\Users\HP\.m2\repository\org\bitbucket\b_c\jose4j\0.9.4\jose4j-0.9.4.jar;C:\Users\HP\.m2\repository\org\scala-lang\modules\scala-collection-compat_2.13\2.10.0\scala-collection-compat_2.13-2.10.0.jar;C:\Users\HP\.m2\repository\org\scala-lang\modules\scala-java8-compat_2.13\1.0.2\scala-java8-compat_2.13-1.0.2.jar;C:\Users\HP\.m2\repository\org\scala-lang\scala-reflect\2.13.14\scala-reflect-2.13.14.jar;C:\Users\HP\.m2\repository\com\typesafe\scala-logging\scala-logging_2.13\3.9.4\scala-logging_2.13-3.9.4.jar;C:\Users\HP\.m2\repository\io\dropwizard\metrics\metrics-core\4.1.12.1\metrics-core-4.1.12.1.jar;C:\Users\HP\.m2\repository\commons-cli\commons-cli\1.4\commons-cli-1.4.jar;C:\Users\HP\.m2\repository\org\apache\kafka\kafka_2.13\3.8.1\kafka_2.13-3.8.1-test.jar;C:\Users\HP\.m2\repository\org\junit\jupiter\junit-jupiter-api\5.11.4\junit-jupiter-api-5.11.4.jar;C:\Users\HP\.m2\repository\org\opentest4j\opentest4j\1.3.0\opentest4j-1.3.0.jar;C:\Users\HP\.m2\repository\org\junit\platform\junit-platform-commons\1.11.4\junit-platform-commons-1.11.4.jar;C:\Users\HP\.m2\repository\org\apiguardian\apiguardian-api\1.1.2\apiguardian-api-1.1.2.jar;C:\Users\HP\.m2\repository\org\junit\platform\junit-platform-launcher\1.11.4\junit-platform-launcher-1.11.4.jar;C:\Users\HP\.m2\repository\org\junit\platform\junit-platform-engine\1.11.4\junit-platform-engine-1.11.4.jar;"/>
    <property name="sun.cpu.endian" value="little"/>
    <property name="user.home" value="C:\Users\HP"/>
    <property name="user.language" value="en"/>
    <property name="java.specification.vendor" value="Oracle Corporation"/>
    <property name="spring.embedded.kafka.brokers" value="127.0.0.1:9092"/>
    <property name="java.version.date" value="2024-07-16"/>
    <property name="java.home" value="C:\Program Files\Java\jdk-17"/>
    <property name="zookeeper.forceSync" value="no"/>
    <property name="file.separator" value="\"/>
    <property name="basedir" value="E:\codebase\Repo1\apachekafkawithspringboot"/>
    <property name="java.vm.compressedOopsMode" value="32-bit"/>
    <property name="line.separator" value="&#10;"/>
    <property name="java.vm.specification.vendor" value="Oracle Corporation"/>
    <property name="java.specification.name" value="Java Platform API Specification"/>
    <property name="FILE_LOG_CHARSET" value="windows-1252"/>
    <property name="java.awt.headless" value="true"/>
    <property name="surefire.real.class.path" value="C:\Users\HP\AppData\Local\Temp\surefire2455883618129003831\surefirebooter-20250728194327878_3.jar"/>
    <property name="user.script" value=""/>
    <property name="sun.management.compiler" value="HotSpot 64-Bit Tiered Compilers"/>
    <property name="java.runtime.version" value="17.0.12+8-LTS-286"/>
    <property name="user.name" value="HP"/>
    <property name="path.separator" value=";"/>
    <property name="os.version" value="10.0"/>
    <property name="java.runtime.name" value="Java(TM) SE Runtime Environment"/>
    <property name="file.encoding" value="Cp1252"/>
    <property name="java.vm.name" value="Java HotSpot(TM) 64-Bit Server VM"/>
    <property name="localRepository" value="C:\Users\HP\.m2\repository"/>
    <property name="java.vendor.url.bug" value="https://bugreport.java.com/bugreport/"/>
    <property name="java.io.tmpdir" value="C:\Users\HP\AppData\Local\Temp\"/>
    <property name="java.version" value="17.0.12"/>
    <property name="spring.kafka.bootstrap-servers" value="127.0.0.1:9092"/>
    <property name="user.dir" value="E:\codebase\Repo1\apachekafkawithspringboot"/>
    <property name="os.arch" value="amd64"/>
    <property name="java.vm.specification.name" value="Java Virtual Machine Specification"/>
    <property name="PID" value="5124"/>
    <property name="sun.os.patch.level" value=""/>
    <property name="CONSOLE_LOG_CHARSET" value="windows-1252"/>
    <property name="native.encoding" value="Cp1252"/>
    <property name="java.library.path" value="C:\Program Files\Java\jdk-17\bin;C:\Windows\Sun\Java\bin;C:\Windows\system32;C:\Windows;C:\Program Files\Common Files\Oracle\Java\javapath;C:\Program Files (x86)\Common Files\Oracle\Java\javapath;C:\Windows\system32;C:\Windows;C:\Windows\System32\Wbem;C:\Windows\System32\WindowsPowerShell\v1.0\;C:\Windows\System32\OpenSSH\;C:\Program Files\Java\jdk-17\bin;C:\maven\bin;C:\Program Files\Git\cmd;C:\Program Files\MySQL\MySQL Shell 8.0\bin\;C:\Users\HP\AppData\Local\Microsoft\WindowsApps;."/>
    <property name="java.vm.info" value="mixed mode, sharing"/>
    <property name="java.vendor" value="Oracle Corporation"/>
    <property name="spring.embedded.zookeeper.connect" value="127.0.0.1:57856"/>
    <property name="java.vm.version" value="17.0.12+8-LTS-286"/>
    <property name="sun.io.unicode.encoding" value="UnicodeLittle"/>
    <property name="java.class.version" value="61.0"/>
    <property name="LOGGED_APPLICATION_NAME" value="[apachekafkawithspringboot] "/>
  </properties>
  <testcase name="testConsumeMessage" classname="com.example.demo.consumer.MessageConsumerTest" time="0.43">
    <system-out><![CDATA[2025-07-28T19:43:37.890+05:30  INFO 5124 --- [apachekafkawithspringboot] [           main] t.c.s.AnnotationConfigContextLoaderUtils : Could not detect default configuration classes for test class [com.example.demo.consumer.MessageConsumerTest]: MessageConsumerTest does not declare any static, non-private, non-final, nested classes annotated with @Configuration.
2025-07-28T19:43:38.049+05:30  INFO 5124 --- [apachekafkawithspringboot] [           main] .b.t.c.SpringBootTestContextBootstrapper : Found @SpringBootConfiguration com.example.demo.ApachekafkawithspringbootApplication for test class com.example.demo.consumer.MessageConsumerTest
2025-07-28T19:43:38.147+05:30  INFO 5124 --- [apachekafkawithspringboot] [ntainer#0-0-C-1] org.apache.kafka.clients.NetworkClient   : [Consumer clientId=consumer-xyz-1, groupId=xyz] Node -1 disconnected.
2025-07-28T19:43:38.149+05:30  WARN 5124 --- [apachekafkawithspringboot] [ntainer#0-0-C-1] org.apache.kafka.clients.NetworkClient   : [Consumer clientId=consumer-xyz-1, groupId=xyz] Connection to node -1 (localhost/127.0.0.1:9092) could not be established. Node may not be available.
2025-07-28T19:43:38.150+05:30  WARN 5124 --- [apachekafkawithspringboot] [ntainer#0-0-C-1] org.apache.kafka.clients.NetworkClient   : [Consumer clientId=consumer-xyz-1, groupId=xyz] Bootstrap broker localhost:9092 (id: -1 rack: null) disconnected
2025-07-28T19:43:38.152+05:30  INFO 5124 --- [apachekafkawithspringboot] [ntainer#1-0-C-1] org.apache.kafka.clients.NetworkClient   : [Consumer clientId=consumer-xyz-2, groupId=xyz] Node -1 disconnected.
2025-07-28T19:43:38.152+05:30  WARN 5124 --- [apachekafkawithspringboot] [ntainer#1-0-C-1] org.apache.kafka.clients.NetworkClient   : [Consumer clientId=consumer-xyz-2, groupId=xyz] Connection to node -1 (localhost/127.0.0.1:9092) could not be established. Node may not be available.
2025-07-28T19:43:38.153+05:30  WARN 5124 --- [apachekafkawithspringboot] [ntainer#1-0-C-1] org.apache.kafka.clients.NetworkClient   : [Consumer clientId=consumer-xyz-2, groupId=xyz] Bootstrap broker localhost:9092 (id: -1 rack: null) disconnected

  .   ____          _            __ _ _
 /\\ / ___'_ __ _ _(_)_ __  __ _ \ \ \ \
( ( )\___ | '_ | '_| | '_ \/ _` | \ \ \ \
 \\/  ___)| |_)| | | | | || (_| |  ) ) ) )
  '  |____| .__|_| |_|_| |_\__, | / / / /
 =========|_|==============|___/=/_/_/_/

 :: Spring Boot ::                (v3.4.5)

2025-07-28T19:43:38.385+05:30  INFO 5124 --- [apachekafkawithspringboot] [           main] k.utils.Log4jControllerRegistration$     : Registered kafka:type=kafka.Log4jController MBean
2025-07-28T19:43:38.414+05:30  INFO 5124 --- [apachekafkawithspringboot] [           main] o.a.zookeeper.server.ZooKeeperServer     : 
2025-07-28T19:43:38.414+05:30  INFO 5124 --- [apachekafkawithspringboot] [           main] o.a.zookeeper.server.ZooKeeperServer     :   ______                  _                                          
2025-07-28T19:43:38.415+05:30  INFO 5124 --- [apachekafkawithspringboot] [           main] o.a.zookeeper.server.ZooKeeperServer     :  |___  /                 | |                                         
2025-07-28T19:43:38.415+05:30  INFO 5124 --- [apachekafkawithspringboot] [           main] o.a.zookeeper.server.ZooKeeperServer     :     / /    ___     ___   | | __   ___    ___   _ __     ___   _ __   
2025-07-28T19:43:38.415+05:30  INFO 5124 --- [apachekafkawithspringboot] [           main] o.a.zookeeper.server.ZooKeeperServer     :    / /    / _ \   / _ \  | |/ /  / _ \  / _ \ | '_ \   / _ \ | '__|
2025-07-28T19:43:38.415+05:30  INFO 5124 --- [apachekafkawithspringboot] [           main] o.a.zookeeper.server.ZooKeeperServer     :   / /__  | (_) | | (_) | |   <  |  __/ |  __/ | |_) | |  __/ | |    
2025-07-28T19:43:38.415+05:30  INFO 5124 --- [apachekafkawithspringboot] [           main] o.a.zookeeper.server.ZooKeeperServer     :  /_____|  \___/   \___/  |_|\_\  \___|  \___| | .__/   \___| |_|
2025-07-28T19:43:38.416+05:30  INFO 5124 --- [apachekafkawithspringboot] [           main] o.a.zookeeper.server.ZooKeeperServer     :                                               | |                     
2025-07-28T19:43:38.416+05:30  INFO 5124 --- [apachekafkawithspringboot] [           main] o.a.zookeeper.server.ZooKeeperServer     :                                               |_|                     
2025-07-28T19:43:38.416+05:30  INFO 5124 --- [apachekafkawithspringboot] [           main] o.a.zookeeper.server.ZooKeeperServer     : 
2025-07-28T19:43:38.430+05:30  INFO 5124 --- [apachekafkawithspringboot] [           main] o.a.zookeeper.server.ZooKeeperServer     : Server environment:zookeeper.version=3.8.4-9316c2a7a97e1666d8f4593f34dd6fc36ecc436c, built on 2024-02-12 22:16 UTC
2025-07-28T19:43:38.430+05:30  INFO 5124 --- [apachekafkawithspringboot] [           main] o.a.zookeeper.server.ZooKeeperServer     : Server environment:host.name=DESKTOP-PFA04CO
2025-07-28T19:43:38.430+05:30  INFO 5124 --- [apachekafkawithspringboot] [           main] o.a.zookeeper.server.ZooKeeperServer     : Server environment:java.version=17.0.12
2025-07-28T19:43:38.430+05:30  INFO 5124 --- [apachekafkawithspringboot] [           main] o.a.zookeeper.server.ZooKeeperServer     : Server environment:java.vendor=Oracle Corporation
2025-07-28T19:43:38.430+05:30  INFO 5124 --- [apachekafkawithspringboot] [           main] o.a.zookeeper.server.ZooKeeperServer     : Server environment:java.home=C:\Program Files\Java\jdk-17
2025-07-28T19:43:38.431+05:30  INFO 5124 --- [apachekafkawithspringboot] [           main] o.a.zookeeper.server.ZooKeeperServer     : Server environment:java.class.path=E:\codebase\Repo1\apachekafkawithspringboot\target\test-classes;E:\codebase\Repo1\apachekafkawithspringboot\target\classes;C:\Users\HP\.m2\repository\org\springframework\boot\spring-boot-starter-web\3.4.5\spring-boot-starter-web-3.4.5.jar;C:\Users\HP\.m2\repository\org\springframework\boot\spring-boot-starter\3.4.5\spring-boot-starter-3.4.5.jar;C:\Users\HP\.m2\repository\org\springframework\boot\spring-boot\3.4.5\spring-boot-3.4.5.jar;C:\Users\HP\.m2\repository\org\springframework\boot\spring-boot-autoconfigure\3.4.5\spring-boot-autoconfigure-3.4.5.jar;C:\Users\HP\.m2\repository\org\springframework\boot\spring-boot-starter-logging\3.4.5\spring-boot-starter-logging-3.4.5.jar;C:\Users\HP\.m2\repository\org\apache\logging\log4j\log4j-to-slf4j\2.24.3\log4j-to-slf4j-2.24.3.jar;C:\Users\HP\.m2\repository\org\apache\logging\log4j\log4j-api\2.24.3\log4j-api-2.24.3.jar;C:\Users\HP\.m2\repository\org\slf4j\jul-to-slf4j\2.0.17\jul-to-slf4j-2.0.17.jar;C:\Users\HP\.m2\repository\jakarta\annotation\jakarta.annotation-api\2.1.1\jakarta.annotation-api-2.1.1.jar;C:\Users\HP\.m2\repository\org\yaml\snakeyaml\2.3\snakeyaml-2.3.jar;C:\Users\HP\.m2\repository\org\springframework\boot\spring-boot-starter-json\3.4.5\spring-boot-starter-json-3.4.5.jar;C:\Users\HP\.m2\repository\com\fasterxml\jackson\core\jackson-databind\2.18.3\jackson-databind-2.18.3.jar;C:\Users\HP\.m2\repository\com\fasterxml\jackson\core\jackson-annotations\2.18.3\jackson-annotations-2.18.3.jar;C:\Users\HP\.m2\repository\com\fasterxml\jackson\core\jackson-core\2.18.3\jackson-core-2.18.3.jar;C:\Users\HP\.m2\repository\com\fasterxml\jackson\datatype\jackson-datatype-jdk8\2.18.3\jackson-datatype-jdk8-2.18.3.jar;C:\Users\HP\.m2\repository\com\fasterxml\jackson\datatype\jackson-datatype-jsr310\2.18.3\jackson-datatype-jsr310-2.18.3.jar;C:\Users\HP\.m2\repository\com\fasterxml\jackson\module\jackson-module-parameter-names\2.18.3\jackson-module-parameter-names-2.18.3.jar;C:\Users\HP\.m2\repository\org\springframework\boot\spring-boot-starter-tomcat\3.4.5\spring-boot-starter-tomcat-3.4.5.jar;C:\Users\HP\.m2\repository\org\apache\tomcat\embed\tomcat-embed-core\10.1.40\tomcat-embed-core-10.1.40.jar;C:\Users\HP\.m2\repository\org\apache\tomcat\embed\tomcat-embed-el\10.1.40\tomcat-embed-el-10.1.40.jar;C:\Users\HP\.m2\repository\org\apache\tomcat\embed\tomcat-embed-websocket\10.1.40\tomcat-embed-websocket-10.1.40.jar;C:\Users\HP\.m2\repository\org\springframework\spring-web\6.2.6\spring-web-6.2.6.jar;C:\Users\HP\.m2\repository\org\springframework\spring-beans\6.2.6\spring-beans-6.2.6.jar;C:\Users\HP\.m2\repository\org\springframework\spring-webmvc\6.2.6\spring-webmvc-6.2.6.jar;C:\Users\HP\.m2\repository\org\springframework\spring-aop\6.2.6\spring-aop-6.2.6.jar;C:\Users\HP\.m2\repository\org\springframework\spring-expression\6.2.6\spring-expression-6.2.6.jar;C:\Users\HP\.m2\repository\org\springframework\kafka\spring-kafka\3.3.5\spring-kafka-3.3.5.jar;C:\Users\HP\.m2\repository\org\springframework\spring-context\6.2.6\spring-context-6.2.6.jar;C:\Users\HP\.m2\repository\org\springframework\spring-messaging\6.2.6\spring-messaging-6.2.6.jar;C:\Users\HP\.m2\repository\org\springframework\spring-tx\6.2.6\spring-tx-6.2.6.jar;C:\Users\HP\.m2\repository\org\springframework\retry\spring-retry\2.0.11\spring-retry-2.0.11.jar;C:\Users\HP\.m2\repository\org\apache\kafka\kafka-clients\3.8.1\kafka-clients-3.8.1.jar;C:\Users\HP\.m2\repository\com\github\luben\zstd-jni\1.5.6-4\zstd-jni-1.5.6-4.jar;C:\Users\HP\.m2\repository\org\lz4\lz4-java\1.8.0\lz4-java-1.8.0.jar;C:\Users\HP\.m2\repository\org\xerial\snappy\snappy-java\1.1.10.5\snappy-java-1.1.10.5.jar;C:\Users\HP\.m2\repository\org\slf4j\slf4j-api\2.0.17\slf4j-api-2.0.17.jar;C:\Users\HP\.m2\repository\io\micrometer\micrometer-observation\1.14.6\micrometer-observation-1.14.6.jar;C:\Users\HP\.m2\repository\io\micrometer\micrometer-commons\1.14.6\micrometer-commons-1.14.6.jar;C:\Users\HP\.m2\repository\org\springframework\boot\spring-boot-starter-test\3.4.5\spring-boot-starter-test-3.4.5.jar;C:\Users\HP\.m2\repository\org\springframework\boot\spring-boot-test\3.4.5\spring-boot-test-3.4.5.jar;C:\Users\HP\.m2\repository\org\springframework\boot\spring-boot-test-autoconfigure\3.4.5\spring-boot-test-autoconfigure-3.4.5.jar;C:\Users\HP\.m2\repository\com\jayway\jsonpath\json-path\2.9.0\json-path-2.9.0.jar;C:\Users\HP\.m2\repository\jakarta\xml\bind\jakarta.xml.bind-api\4.0.2\jakarta.xml.bind-api-4.0.2.jar;C:\Users\HP\.m2\repository\jakarta\activation\jakarta.activation-api\2.1.3\jakarta.activation-api-2.1.3.jar;C:\Users\HP\.m2\repository\net\minidev\json-smart\2.5.2\json-smart-2.5.2.jar;C:\Users\HP\.m2\repository\net\minidev\accessors-smart\2.5.2\accessors-smart-2.5.2.jar;C:\Users\HP\.m2\repository\org\ow2\asm\asm\9.7.1\asm-9.7.1.jar;C:\Users\HP\.m2\repository\org\assertj\assertj-core\3.26.3\assertj-core-3.26.3.jar;C:\Users\HP\.m2\repository\net\bytebuddy\byte-buddy\1.15.11\byte-buddy-1.15.11.jar;C:\Users\HP\.m2\repository\org\awaitility\awaitility\4.2.2\awaitility-4.2.2.jar;C:\Users\HP\.m2\repository\org\hamcrest\hamcrest\2.2\hamcrest-2.2.jar;C:\Users\HP\.m2\repository\org\junit\jupiter\junit-jupiter\5.11.4\junit-jupiter-5.11.4.jar;C:\Users\HP\.m2\repository\org\junit\jupiter\junit-jupiter-params\5.11.4\junit-jupiter-params-5.11.4.jar;C:\Users\HP\.m2\repository\org\junit\jupiter\junit-jupiter-engine\5.11.4\junit-jupiter-engine-5.11.4.jar;C:\Users\HP\.m2\repository\org\mockito\mockito-core\5.14.2\mockito-core-5.14.2.jar;C:\Users\HP\.m2\repository\net\bytebuddy\byte-buddy-agent\1.15.11\byte-buddy-agent-1.15.11.jar;C:\Users\HP\.m2\repository\org\objenesis\objenesis\3.3\objenesis-3.3.jar;C:\Users\HP\.m2\repository\org\mockito\mockito-junit-jupiter\5.14.2\mockito-junit-jupiter-5.14.2.jar;C:\Users\HP\.m2\repository\org\skyscreamer\jsonassert\1.5.3\jsonassert-1.5.3.jar;C:\Users\HP\.m2\repository\com\vaadin\external\google\android-json\0.0.20131108.vaadin1\android-json-0.0.20131108.vaadin1.jar;C:\Users\HP\.m2\repository\org\springframework\spring-core\6.2.6\spring-core-6.2.6.jar;C:\Users\HP\.m2\repository\org\springframework\spring-jcl\6.2.6\spring-jcl-6.2.6.jar;C:\Users\HP\.m2\repository\org\springframework\spring-test\6.2.6\spring-test-6.2.6.jar;C:\Users\HP\.m2\repository\org\xmlunit\xmlunit-core\2.10.0\xmlunit-core-2.10.0.jar;C:\Users\HP\.m2\repository\org\springframework\kafka\spring-kafka-test\3.3.5\spring-kafka-test-3.3.5.jar;C:\Users\HP\.m2\repository\org\apache\zookeeper\zookeeper\3.8.4\zookeeper-3.8.4.jar;C:\Users\HP\.m2\repository\org\apache\zookeeper\zookeeper-jute\3.8.4\zookeeper-jute-3.8.4.jar;C:\Users\HP\.m2\repository\org\apache\yetus\audience-annotations\0.12.0\audience-annotations-0.12.0.jar;C:\Users\HP\.m2\repository\io\netty\netty-handler\4.1.119.Final\netty-handler-4.1.119.Final.jar;C:\Users\HP\.m2\repository\io\netty\netty-common\4.1.119.Final\netty-common-4.1.119.Final.jar;C:\Users\HP\.m2\repository\io\netty\netty-resolver\4.1.119.Final\netty-resolver-4.1.119.Final.jar;C:\Users\HP\.m2\repository\io\netty\netty-buffer\4.1.119.Final\netty-buffer-4.1.119.Final.jar;C:\Users\HP\.m2\repository\io\netty\netty-transport\4.1.119.Final\netty-transport-4.1.119.Final.jar;C:\Users\HP\.m2\repository\io\netty\netty-transport-native-unix-common\4.1.119.Final\netty-transport-native-unix-common-4.1.119.Final.jar;C:\Users\HP\.m2\repository\io\netty\netty-codec\4.1.119.Final\netty-codec-4.1.119.Final.jar;C:\Users\HP\.m2\repository\io\netty\netty-transport-native-epoll\4.1.119.Final\netty-transport-native-epoll-4.1.119.Final.jar;C:\Users\HP\.m2\repository\io\netty\netty-transport-classes-epoll\4.1.119.Final\netty-transport-classes-epoll-4.1.119.Final.jar;C:\Users\HP\.m2\repository\ch\qos\logback\logback-core\1.5.18\logback-core-1.5.18.jar;C:\Users\HP\.m2\repository\ch\qos\logback\logback-classic\1.5.18\logback-classic-1.5.18.jar;C:\Users\HP\.m2\repository\commons-io\commons-io\2.11.0\commons-io-2.11.0.jar;C:\Users\HP\.m2\repository\org\apache\kafka\kafka-clients\3.8.1\kafka-clients-3.8.1-test.jar;C:\Users\HP\.m2\repository\org\apache\kafka\kafka-server\3.8.1\kafka-server-3.8.1.jar;C:\Users\HP\.m2\repository\org\apache\kafka\kafka-group-coordinator\3.8.1\kafka-group-coordinator-3.8.1.jar;C:\Users\HP\.m2\repository\org\apache\kafka\kafka-transaction-coordinator\3.8.1\kafka-transaction-coordinator-3.8.1.jar;C:\Users\HP\.m2\repository\org\apache\kafka\kafka-raft\3.8.1\kafka-raft-3.8.1.jar;C:\Users\HP\.m2\repository\com\yammer\metrics\metrics-core\2.2.0\metrics-core-2.2.0.jar;C:\Users\HP\.m2\repository\org\apache\kafka\kafka-metadata\3.8.1\kafka-metadata-3.8.1.jar;C:\Users\HP\.m2\repository\org\apache\kafka\kafka-server-common\3.8.1\kafka-server-common-3.8.1.jar;C:\Users\HP\.m2\repository\net\sf\jopt-simple\jopt-simple\5.0.4\jopt-simple-5.0.4.jar;C:\Users\HP\.m2\repository\org\pcollections\pcollections\4.0.1\pcollections-4.0.1.jar;C:\Users\HP\.m2\repository\org\apache\kafka\kafka-server-common\3.8.1\kafka-server-common-3.8.1-test.jar;C:\Users\HP\.m2\repository\org\apache\kafka\kafka-streams-test-utils\3.8.1\kafka-streams-test-utils-3.8.1.jar;C:\Users\HP\.m2\repository\org\apache\kafka\kafka-streams\3.8.1\kafka-streams-3.8.1.jar;C:\Users\HP\.m2\repository\org\rocksdb\rocksdbjni\7.9.2\rocksdbjni-7.9.2.jar;C:\Users\HP\.m2\repository\org\apache\kafka\kafka_2.13\3.8.1\kafka_2.13-3.8.1.jar;C:\Users\HP\.m2\repository\org\scala-lang\scala-library\2.13.14\scala-library-2.13.14.jar;C:\Users\HP\.m2\repository\org\apache\kafka\kafka-group-coordinator-api\3.8.1\kafka-group-coordinator-api-3.8.1.jar;C:\Users\HP\.m2\repository\org\apache\kafka\kafka-storage-api\3.8.1\kafka-storage-api-3.8.1.jar;C:\Users\HP\.m2\repository\org\apache\kafka\kafka-tools-api\3.8.1\kafka-tools-api-3.8.1.jar;C:\Users\HP\.m2\repository\org\apache\kafka\kafka-storage\3.8.1\kafka-storage-3.8.1.jar;C:\Users\HP\.m2\repository\com\github\ben-manes\caffeine\caffeine\3.1.8\caffeine-3.1.8.jar;C:\Users\HP\.m2\repository\org\checkerframework\checker-qual\3.37.0\checker-qual-3.37.0.jar;C:\Users\HP\.m2\repository\com\google\errorprone\error_prone_annotations\2.21.1\error_prone_annotations-2.21.1.jar;C:\Users\HP\.m2\repository\net\sourceforge\argparse4j\argparse4j\0.7.0\argparse4j-0.7.0.jar;C:\Users\HP\.m2\repository\commons-validator\commons-validator\1.7\commons-validator-1.7.jar;C:\Users\HP\.m2\repository\commons-beanutils\commons-beanutils\1.9.4\commons-beanutils-1.9.4.jar;C:\Users\HP\.m2\repository\commons-digester\commons-digester\2.1\commons-digester-2.1.jar;C:\Users\HP\.m2\repository\commons-collections\commons-collections\3.2.2\commons-collections-3.2.2.jar;C:\Users\HP\.m2\repository\com\fasterxml\jackson\module\jackson-module-scala_2.13\2.18.3\jackson-module-scala_2.13-2.18.3.jar;C:\Users\HP\.m2\repository\com\thoughtworks\paranamer\paranamer\2.8\paranamer-2.8.jar;C:\Users\HP\.m2\repository\com\fasterxml\jackson\dataformat\jackson-dataformat-csv\2.18.3\jackson-dataformat-csv-2.18.3.jar;C:\Users\HP\.m2\repository\org\bitbucket\b_c\jose4j\0.9.4\jose4j-0.9.4.jar;C:\Users\HP\.m2\repository\org\scala-lang\modules\scala-collection-compat_2.13\2.10.0\scala-collection-compat_2.13-2.10.0.jar;C:\Users\HP\.m2\repository\org\scala-lang\modules\scala-java8-compat_2.13\1.0.2\scala-java8-compat_2.13-1.0.2.jar;C:\Users\HP\.m2\repository\org\scala-lang\scala-reflect\2.13.14\scala-reflect-2.13.14.jar;C:\Users\HP\.m2\repository\com\typesafe\scala-logging\scala-logging_2.13\3.9.4\scala-logging_2.13-3.9.4.jar;C:\Users\HP\.m2\repository\io\dropwizard\metrics\metrics-core\4.1.12.1\metrics-core-4.1.12.1.jar;C:\Users\HP\.m2\repository\commons-cli\commons-cli\1.4\commons-cli-1.4.jar;C:\Users\HP\.m2\repository\org\apache\kafka\kafka_2.13\3.8.1\kafka_2.13-3.8.1-test.jar;C:\Users\HP\.m2\repository\org\junit\jupiter\junit-jupiter-api\5.11.4\junit-jupiter-api-5.11.4.jar;C:\Users\HP\.m2\repository\org\opentest4j\opentest4j\1.3.0\opentest4j-1.3.0.jar;C:\Users\HP\.m2\repository\org\junit\platform\junit-platform-commons\1.11.4\junit-platform-commons-1.11.4.jar;C:\Users\HP\.m2\repository\org\apiguardian\apiguardian-api\1.1.2\apiguardian-api-1.1.2.jar;C:\Users\HP\.m2\repository\org\junit\platform\junit-platform-launcher\1.11.4\junit-platform-launcher-1.11.4.jar;C:\Users\HP\.m2\repository\org\junit\platform\junit-platform-engine\1.11.4\junit-platform-engine-1.11.4.jar;
2025-07-28T19:43:38.432+05:30  INFO 5124 --- [apachekafkawithspringboot] [           main] o.a.zookeeper.server.ZooKeeperServer     : Server environment:java.library.path=C:\Program Files\Java\jdk-17\bin;C:\Windows\Sun\Java\bin;C:\Windows\system32;C:\Windows;C:\Program Files\Common Files\Oracle\Java\javapath;C:\Program Files (x86)\Common Files\Oracle\Java\javapath;C:\Windows\system32;C:\Windows;C:\Windows\System32\Wbem;C:\Windows\System32\WindowsPowerShell\v1.0\;C:\Windows\System32\OpenSSH\;C:\Program Files\Java\jdk-17\bin;C:\maven\bin;C:\Program Files\Git\cmd;C:\Program Files\MySQL\MySQL Shell 8.0\bin\;C:\Users\HP\AppData\Local\Microsoft\WindowsApps;.
2025-07-28T19:43:38.432+05:30  INFO 5124 --- [apachekafkawithspringboot] [           main] o.a.zookeeper.server.ZooKeeperServer     : Server environment:java.io.tmpdir=C:\Users\HP\AppData\Local\Temp\
2025-07-28T19:43:38.432+05:30  INFO 5124 --- [apachekafkawithspringboot] [           main] o.a.zookeeper.server.ZooKeeperServer     : Server environment:java.compiler=<NA>
2025-07-28T19:43:38.432+05:30  INFO 5124 --- [apachekafkawithspringboot] [           main] o.a.zookeeper.server.ZooKeeperServer     : Server environment:os.name=Windows 10
2025-07-28T19:43:38.433+05:30  INFO 5124 --- [apachekafkawithspringboot] [           main] o.a.zookeeper.server.ZooKeeperServer     : Server environment:os.arch=amd64
2025-07-28T19:43:38.433+05:30  INFO 5124 --- [apachekafkawithspringboot] [           main] o.a.zookeeper.server.ZooKeeperServer     : Server environment:os.version=10.0
2025-07-28T19:43:38.433+05:30  INFO 5124 --- [apachekafkawithspringboot] [           main] o.a.zookeeper.server.ZooKeeperServer     : Server environment:user.name=HP
2025-07-28T19:43:38.433+05:30  INFO 5124 --- [apachekafkawithspringboot] [           main] o.a.zookeeper.server.ZooKeeperServer     : Server environment:user.home=C:\Users\HP
2025-07-28T19:43:38.433+05:30  INFO 5124 --- [apachekafkawithspringboot] [           main] o.a.zookeeper.server.ZooKeeperServer     : Server environment:user.dir=E:\codebase\Repo1\apachekafkawithspringboot
2025-07-28T19:43:38.433+05:30  INFO 5124 --- [apachekafkawithspringboot] [           main] o.a.zookeeper.server.ZooKeeperServer     : Server environment:os.memory.free=32MB
2025-07-28T19:43:38.434+05:30  INFO 5124 --- [apachekafkawithspringboot] [           main] o.a.zookeeper.server.ZooKeeperServer     : Server environment:os.memory.max=2028MB
2025-07-28T19:43:38.434+05:30  INFO 5124 --- [apachekafkawithspringboot] [           main] o.a.zookeeper.server.ZooKeeperServer     : Server environment:os.memory.total=65MB
2025-07-28T19:43:38.434+05:30  INFO 5124 --- [apachekafkawithspringboot] [           main] o.a.zookeeper.server.ZooKeeperServer     : zookeeper.enableEagerACLCheck = false
2025-07-28T19:43:38.434+05:30  INFO 5124 --- [apachekafkawithspringboot] [           main] o.a.zookeeper.server.ZooKeeperServer     : zookeeper.digest.enabled = true
2025-07-28T19:43:38.435+05:30  INFO 5124 --- [apachekafkawithspringboot] [           main] o.a.zookeeper.server.ZooKeeperServer     : zookeeper.closeSessionTxn.enabled = true
2025-07-28T19:43:38.435+05:30  INFO 5124 --- [apachekafkawithspringboot] [           main] o.a.zookeeper.server.ZooKeeperServer     : zookeeper.flushDelay = 0 ms
2025-07-28T19:43:38.435+05:30  INFO 5124 --- [apachekafkawithspringboot] [           main] o.a.zookeeper.server.ZooKeeperServer     : zookeeper.maxWriteQueuePollTime = 0 ms
2025-07-28T19:43:38.435+05:30  INFO 5124 --- [apachekafkawithspringboot] [           main] o.a.zookeeper.server.ZooKeeperServer     : zookeeper.maxBatchSize=1000
2025-07-28T19:43:38.436+05:30  INFO 5124 --- [apachekafkawithspringboot] [           main] o.a.zookeeper.server.ZooKeeperServer     : zookeeper.intBufferStartingSizeBytes = 1024
2025-07-28T19:43:38.450+05:30  INFO 5124 --- [apachekafkawithspringboot] [           main] o.a.z.server.persistence.FileTxnSnapLog  : zookeeper.snapshot.trust.empty : false
2025-07-28T19:43:38.490+05:30  INFO 5124 --- [apachekafkawithspringboot] [           main] o.a.z.server.watch.WatchManagerFactory   : Using org.apache.zookeeper.server.watch.WatchManager as watch manager
2025-07-28T19:43:38.491+05:30  INFO 5124 --- [apachekafkawithspringboot] [           main] o.a.z.server.watch.WatchManagerFactory   : Using org.apache.zookeeper.server.watch.WatchManager as watch manager
2025-07-28T19:43:38.491+05:30  INFO 5124 --- [apachekafkawithspringboot] [           main] org.apache.zookeeper.server.ZKDatabase   : zookeeper.snapshotSizeFactor = 0.33
2025-07-28T19:43:38.491+05:30  INFO 5124 --- [apachekafkawithspringboot] [           main] org.apache.zookeeper.server.ZKDatabase   : zookeeper.commitLogCount=500
2025-07-28T19:43:38.499+05:30  INFO 5124 --- [apachekafkawithspringboot] [           main] o.apache.zookeeper.server.BlueThrottle   : Weighed connection throttling is disabled
2025-07-28T19:43:38.506+05:30  INFO 5124 --- [apachekafkawithspringboot] [           main] o.a.zookeeper.server.ZooKeeperServer     : minSessionTimeout set to 1600 ms
2025-07-28T19:43:38.506+05:30  INFO 5124 --- [apachekafkawithspringboot] [           main] o.a.zookeeper.server.ZooKeeperServer     : maxSessionTimeout set to 16000 ms
2025-07-28T19:43:38.509+05:30  INFO 5124 --- [apachekafkawithspringboot] [           main] o.apache.zookeeper.server.ResponseCache  : getData response cache size is initialized with value 400.
2025-07-28T19:43:38.509+05:30  INFO 5124 --- [apachekafkawithspringboot] [           main] o.apache.zookeeper.server.ResponseCache  : getChildren response cache size is initialized with value 400.
2025-07-28T19:43:38.511+05:30  INFO 5124 --- [apachekafkawithspringboot] [           main] o.a.z.s.u.RequestPathMetricsCollector    : zookeeper.pathStats.slotCapacity = 60
2025-07-28T19:43:38.512+05:30  INFO 5124 --- [apachekafkawithspringboot] [           main] o.a.z.s.u.RequestPathMetricsCollector    : zookeeper.pathStats.slotDuration = 15
2025-07-28T19:43:38.512+05:30  INFO 5124 --- [apachekafkawithspringboot] [           main] o.a.z.s.u.RequestPathMetricsCollector    : zookeeper.pathStats.maxDepth = 6
2025-07-28T19:43:38.512+05:30  INFO 5124 --- [apachekafkawithspringboot] [           main] o.a.z.s.u.RequestPathMetricsCollector    : zookeeper.pathStats.initialDelay = 5
2025-07-28T19:43:38.512+05:30  INFO 5124 --- [apachekafkawithspringboot] [           main] o.a.z.s.u.RequestPathMetricsCollector    : zookeeper.pathStats.delay = 5
2025-07-28T19:43:38.512+05:30  INFO 5124 --- [apachekafkawithspringboot] [           main] o.a.z.s.u.RequestPathMetricsCollector    : zookeeper.pathStats.enabled = false
2025-07-28T19:43:38.516+05:30  INFO 5124 --- [apachekafkawithspringboot] [           main] o.a.zookeeper.server.ZooKeeperServer     : The max bytes for all large requests are set to 104857600
2025-07-28T19:43:38.517+05:30  INFO 5124 --- [apachekafkawithspringboot] [           main] o.a.zookeeper.server.ZooKeeperServer     : The large request threshold is set to -1
2025-07-28T19:43:38.518+05:30  INFO 5124 --- [apachekafkawithspringboot] [           main] o.a.z.server.AuthenticationHelper        : zookeeper.enforce.auth.enabled = false
2025-07-28T19:43:38.518+05:30  INFO 5124 --- [apachekafkawithspringboot] [           main] o.a.z.server.AuthenticationHelper        : zookeeper.enforce.auth.schemes = []
2025-07-28T19:43:38.519+05:30  INFO 5124 --- [apachekafkawithspringboot] [           main] o.a.zookeeper.server.ZooKeeperServer     : Created server with tickTime 800 ms minSessionTimeout 1600 ms maxSessionTimeout 16000 ms clientPortListenBacklog -1 datadir C:\Users\HP\AppData\Local\Temp\kafka-14635903159782129251\version-2 snapdir C:\Users\HP\AppData\Local\Temp\kafka-16281077686624169025\version-2
2025-07-28T19:43:38.531+05:30  WARN 5124 --- [apachekafkawithspringboot] [           main] o.a.zookeeper.server.ServerCnxnFactory   : maxCnxns is not configured, using default value 0.
2025-07-28T19:43:38.535+05:30  INFO 5124 --- [apachekafkawithspringboot] [           main] o.a.z.server.NIOServerCnxnFactory        : Configuring NIO connection handler with 10s sessionless connection timeout, 1 selector thread(s), 8 worker threads, and 64 kB direct buffers.
2025-07-28T19:43:38.543+05:30  INFO 5124 --- [apachekafkawithspringboot] [           main] o.a.z.server.NIOServerCnxnFactory        : binding to port /127.0.0.1:0
2025-07-28T19:43:38.587+05:30  INFO 5124 --- [apachekafkawithspringboot] [           main] o.a.z.server.persistence.SnapStream      : zookeeper.snapshot.compression.method = CHECKED
2025-07-28T19:43:38.587+05:30  INFO 5124 --- [apachekafkawithspringboot] [           main] o.a.z.server.persistence.FileTxnSnapLog  : Snapshotting: 0x0 to C:\Users\HP\AppData\Local\Temp\kafka-16281077686624169025\version-2\snapshot.0
2025-07-28T19:43:38.598+05:30  INFO 5124 --- [apachekafkawithspringboot] [           main] org.apache.zookeeper.server.ZKDatabase   : Snapshot loaded in 48 ms, highest zxid is 0x0, digest is 1371985504
2025-07-28T19:43:38.599+05:30  INFO 5124 --- [apachekafkawithspringboot] [           main] o.a.z.server.persistence.FileTxnSnapLog  : Snapshotting: 0x0 to C:\Users\HP\AppData\Local\Temp\kafka-16281077686624169025\version-2\snapshot.0
2025-07-28T19:43:38.601+05:30  INFO 5124 --- [apachekafkawithspringboot] [           main] o.a.zookeeper.server.ZooKeeperServer     : Snapshot taken in 2 ms
2025-07-28T19:43:38.639+05:30  INFO 5124 --- [apachekafkawithspringboot] [           main] o.a.zookeeper.server.RequestThrottler    : zookeeper.request_throttler.shutdownTimeout = 10000 ms
2025-07-28T19:43:38.643+05:30  INFO 5124 --- [apachekafkawithspringboot] [0 cport:57856):] o.a.z.server.PrepRequestProcessor        : PrepRequestProcessor (sid:0) started, reconfigEnabled=false
2025-07-28T19:43:39.156+05:30  INFO 5124 --- [apachekafkawithspringboot] [           main] kafka.server.KafkaConfig                 : KafkaConfig values: 
	advertised.listeners = null
	alter.config.policy.class.name = null
	alter.log.dirs.replication.quota.window.num = 11
	alter.log.dirs.replication.quota.window.size.seconds = 1
	authorizer.class.name = 
	auto.create.topics.enable = true
	auto.include.jmx.reporter = true
	auto.leader.rebalance.enable = true
	background.threads = 2
	broker.heartbeat.interval.ms = 2000
	broker.id = 0
	broker.id.generation.enable = true
	broker.rack = null
	broker.session.timeout.ms = 9000
	client.quota.callback.class = null
	compression.gzip.level = -1
	compression.lz4.level = 9
	compression.type = producer
	compression.zstd.level = 3
	connection.failed.authentication.delay.ms = 100
	connections.max.idle.ms = 600000
	connections.max.reauth.ms = 0
	control.plane.listener.name = null
	controlled.shutdown.enable = false
	controlled.shutdown.max.retries = 3
	controlled.shutdown.retry.backoff.ms = 100
	controller.listener.names = null
	controller.quorum.append.linger.ms = 25
	controller.quorum.bootstrap.servers = []
	controller.quorum.election.backoff.max.ms = 1000
	controller.quorum.election.timeout.ms = 1000
	controller.quorum.fetch.timeout.ms = 2000
	controller.quorum.request.timeout.ms = 2000
	controller.quorum.retry.backoff.ms = 20
	controller.quorum.voters = []
	controller.quota.window.num = 11
	controller.quota.window.size.seconds = 1
	controller.socket.timeout.ms = 1000
	create.topic.policy.class.name = null
	default.replication.factor = 1
	delegation.token.expiry.check.interval.ms = 3600000
	delegation.token.expiry.time.ms = 86400000
	delegation.token.master.key = null
	delegation.token.max.lifetime.ms = 604800000
	delegation.token.secret.key = null
	delete.records.purgatory.purge.interval.requests = 1
	delete.topic.enable = true
	early.start.listeners = null
	eligible.leader.replicas.enable = false
	fetch.max.bytes = 57671680
	fetch.purgatory.purge.interval.requests = 1000
	group.consumer.assignors = [org.apache.kafka.coordinator.group.assignor.UniformAssignor, org.apache.kafka.coordinator.group.assignor.RangeAssignor]
	group.consumer.heartbeat.interval.ms = 5000
	group.consumer.max.heartbeat.interval.ms = 15000
	group.consumer.max.session.timeout.ms = 60000
	group.consumer.max.size = 2147483647
	group.consumer.migration.policy = disabled
	group.consumer.min.heartbeat.interval.ms = 5000
	group.consumer.min.session.timeout.ms = 45000
	group.consumer.session.timeout.ms = 45000
	group.coordinator.append.linger.ms = 10
	group.coordinator.new.enable = false
	group.coordinator.rebalance.protocols = [classic]
	group.coordinator.threads = 1
	group.initial.rebalance.delay.ms = 0
	group.max.session.timeout.ms = 1800000
	group.max.size = 2147483647
	group.min.session.timeout.ms = 6000
	initial.broker.registration.timeout.ms = 60000
	inter.broker.listener.name = null
	inter.broker.protocol.version = 3.8-IV0
	kafka.metrics.polling.interval.secs = 10
	kafka.metrics.reporters = []
	leader.imbalance.check.interval.seconds = 300
	leader.imbalance.per.broker.percentage = 10
	listener.security.protocol.map = SASL_SSL:SASL_SSL,PLAINTEXT:PLAINTEXT,SSL:SSL,SASL_PLAINTEXT:SASL_PLAINTEXT
	listeners = PLAINTEXT://localhost:9092
	log.cleaner.backoff.ms = 15000
	log.cleaner.dedupe.buffer.size = 2097152
	log.cleaner.delete.retention.ms = 86400000
	log.cleaner.enable = true
	log.cleaner.io.buffer.load.factor = 0.9
	log.cleaner.io.buffer.size = 524288
	log.cleaner.io.max.bytes.per.second = 1.7976931348623157E308
	log.cleaner.max.compaction.lag.ms = 9223372036854775807
	log.cleaner.min.cleanable.ratio = 0.5
	log.cleaner.min.compaction.lag.ms = 0
	log.cleaner.threads = 1
	log.cleanup.policy = [delete]
	log.dir = C:\Users\HP\AppData\Local\Temp\spring.kafka.3468c56f-6d23-4bfd-bfbc-b5a55719a3d913218803562643434250
	log.dir.failure.timeout.ms = 30000
	log.dirs = null
	log.flush.interval.messages = 9223372036854775807
	log.flush.interval.ms = null
	log.flush.offset.checkpoint.interval.ms = 60000
	log.flush.scheduler.interval.ms = 9223372036854775807
	log.flush.start.offset.checkpoint.interval.ms = 60000
	log.index.interval.bytes = 4096
	log.index.size.max.bytes = 10485760
	log.initial.task.delay.ms = 30000
	log.local.retention.bytes = -2
	log.local.retention.ms = -2
	log.message.downconversion.enable = true
	log.message.format.version = 3.0-IV1
	log.message.timestamp.after.max.ms = 9223372036854775807
	log.message.timestamp.before.max.ms = 9223372036854775807
	log.message.timestamp.difference.max.ms = 9223372036854775807
	log.message.timestamp.type = CreateTime
	log.preallocate = false
	log.retention.bytes = -1
	log.retention.check.interval.ms = 300000
	log.retention.hours = 168
	log.retention.minutes = null
	log.retention.ms = null
	log.roll.hours = 168
	log.roll.jitter.hours = 0
	log.roll.jitter.ms = null
	log.roll.ms = null
	log.segment.bytes = 1073741824
	log.segment.delete.delay.ms = 1000
	max.connection.creation.rate = 2147483647
	max.connections = 2147483647
	max.connections.per.ip = 2147483647
	max.connections.per.ip.overrides = 
	max.incremental.fetch.session.cache.slots = 1000
	max.request.partition.size.limit = 2000
	message.max.bytes = 1048588
	metadata.log.dir = null
	metadata.log.max.record.bytes.between.snapshots = 20971520
	metadata.log.max.snapshot.interval.ms = 3600000
	metadata.log.segment.bytes = 1073741824
	metadata.log.segment.min.bytes = 8388608
	metadata.log.segment.ms = 604800000
	metadata.max.idle.interval.ms = 500
	metadata.max.retention.bytes = 104857600
	metadata.max.retention.ms = 604800000
	metric.reporters = []
	metrics.num.samples = 2
	metrics.recording.level = INFO
	metrics.sample.window.ms = 30000
	min.insync.replicas = 1
	node.id = 0
	num.io.threads = 8
	num.network.threads = 2
	num.partitions = 1
	num.recovery.threads.per.data.dir = 1
	num.replica.alter.log.dirs.threads = null
	num.replica.fetchers = 1
	offset.metadata.max.bytes = 4096
	offsets.commit.required.acks = -1
	offsets.commit.timeout.ms = 5000
	offsets.load.buffer.size = 5242880
	offsets.retention.check.interval.ms = 600000
	offsets.retention.minutes = 10080
	offsets.topic.compression.codec = 0
	offsets.topic.num.partitions = 5
	offsets.topic.replication.factor = 1
	offsets.topic.segment.bytes = 104857600
	password.encoder.cipher.algorithm = AES/CBC/PKCS5Padding
	password.encoder.iterations = 4096
	password.encoder.key.length = 128
	password.encoder.keyfactory.algorithm = null
	password.encoder.old.secret = null
	password.encoder.secret = null
	principal.builder.class = class org.apache.kafka.common.security.authenticator.DefaultKafkaPrincipalBuilder
	process.roles = []
	producer.id.expiration.check.interval.ms = 600000
	producer.id.expiration.ms = 86400000
	producer.purgatory.purge.interval.requests = 1000
	queued.max.request.bytes = -1
	queued.max.requests = 500
	quota.window.num = 11
	quota.window.size.seconds = 1
	remote.fetch.max.wait.ms = 500
	remote.log.index.file.cache.total.size.bytes = 1073741824
	remote.log.manager.copier.thread.pool.size = 10
	remote.log.manager.copy.max.bytes.per.second = 9223372036854775807
	remote.log.manager.copy.quota.window.num = 11
	remote.log.manager.copy.quota.window.size.seconds = 1
	remote.log.manager.expiration.thread.pool.size = 10
	remote.log.manager.fetch.max.bytes.per.second = 9223372036854775807
	remote.log.manager.fetch.quota.window.num = 11
	remote.log.manager.fetch.quota.window.size.seconds = 1
	remote.log.manager.task.interval.ms = 30000
	remote.log.manager.task.retry.backoff.max.ms = 30000
	remote.log.manager.task.retry.backoff.ms = 500
	remote.log.manager.task.retry.jitter = 0.2
	remote.log.manager.thread.pool.size = 10
	remote.log.metadata.custom.metadata.max.bytes = 128
	remote.log.metadata.manager.class.name = org.apache.kafka.server.log.remote.metadata.storage.TopicBasedRemoteLogMetadataManager
	remote.log.metadata.manager.class.path = null
	remote.log.metadata.manager.impl.prefix = rlmm.config.
	remote.log.metadata.manager.listener.name = null
	remote.log.reader.max.pending.tasks = 100
	remote.log.reader.threads = 10
	remote.log.storage.manager.class.name = null
	remote.log.storage.manager.class.path = null
	remote.log.storage.manager.impl.prefix = rsm.config.
	remote.log.storage.system.enable = false
	replica.fetch.backoff.ms = 1000
	replica.fetch.max.bytes = 1048576
	replica.fetch.min.bytes = 1
	replica.fetch.response.max.bytes = 10485760
	replica.fetch.wait.max.ms = 500
	replica.high.watermark.checkpoint.interval.ms = 9223372036854775807
	replica.lag.time.max.ms = 30000
	replica.selector.class = null
	replica.socket.receive.buffer.bytes = 65536
	replica.socket.timeout.ms = 1000
	replication.quota.window.num = 11
	replication.quota.window.size.seconds = 1
	request.timeout.ms = 30000
	reserved.broker.max.id = 1000
	sasl.client.callback.handler.class = null
	sasl.enabled.mechanisms = [GSSAPI]
	sasl.jaas.config = null
	sasl.kerberos.kinit.cmd = /usr/bin/kinit
	sasl.kerberos.min.time.before.relogin = 60000
	sasl.kerberos.principal.to.local.rules = [DEFAULT]
	sasl.kerberos.service.name = null
	sasl.kerberos.ticket.renew.jitter = 0.05
	sasl.kerberos.ticket.renew.window.factor = 0.8
	sasl.login.callback.handler.class = null
	sasl.login.class = null
	sasl.login.connect.timeout.ms = null
	sasl.login.read.timeout.ms = null
	sasl.login.refresh.buffer.seconds = 300
	sasl.login.refresh.min.period.seconds = 60
	sasl.login.refresh.window.factor = 0.8
	sasl.login.refresh.window.jitter = 0.05
	sasl.login.retry.backoff.max.ms = 10000
	sasl.login.retry.backoff.ms = 100
	sasl.mechanism.controller.protocol = GSSAPI
	sasl.mechanism.inter.broker.protocol = GSSAPI
	sasl.oauthbearer.clock.skew.seconds = 30
	sasl.oauthbearer.expected.audience = null
	sasl.oauthbearer.expected.issuer = null
	sasl.oauthbearer.jwks.endpoint.refresh.ms = 3600000
	sasl.oauthbearer.jwks.endpoint.retry.backoff.max.ms = 10000
	sasl.oauthbearer.jwks.endpoint.retry.backoff.ms = 100
	sasl.oauthbearer.jwks.endpoint.url = null
	sasl.oauthbearer.scope.claim.name = scope
	sasl.oauthbearer.sub.claim.name = sub
	sasl.oauthbearer.token.endpoint.url = null
	sasl.server.callback.handler.class = null
	sasl.server.max.receive.size = 524288
	security.inter.broker.protocol = PLAINTEXT
	security.providers = null
	server.max.startup.time.ms = 9223372036854775807
	socket.connection.setup.timeout.max.ms = 30000
	socket.connection.setup.timeout.ms = 10000
	socket.listen.backlog.size = 50
	socket.receive.buffer.bytes = 102400
	socket.request.max.bytes = 104857600
	socket.send.buffer.bytes = 102400
	ssl.allow.dn.changes = false
	ssl.allow.san.changes = false
	ssl.cipher.suites = []
	ssl.client.auth = none
	ssl.enabled.protocols = [TLSv1.2, TLSv1.3]
	ssl.endpoint.identification.algorithm = https
	ssl.engine.factory.class = null
	ssl.key.password = null
	ssl.keymanager.algorithm = SunX509
	ssl.keystore.certificate.chain = null
	ssl.keystore.key = null
	ssl.keystore.location = null
	ssl.keystore.password = null
	ssl.keystore.type = JKS
	ssl.principal.mapping.rules = DEFAULT
	ssl.protocol = TLSv1.3
	ssl.provider = null
	ssl.secure.random.implementation = null
	ssl.trustmanager.algorithm = PKIX
	ssl.truststore.certificates = null
	ssl.truststore.location = null
	ssl.truststore.password = null
	ssl.truststore.type = JKS
	telemetry.max.bytes = 1048576
	transaction.abort.timed.out.transaction.cleanup.interval.ms = 10000
	transaction.max.timeout.ms = 900000
	transaction.partition.verification.enable = true
	transaction.remove.expired.transaction.cleanup.interval.ms = 3600000
	transaction.state.log.load.buffer.size = 5242880
	transaction.state.log.min.isr = 2
	transaction.state.log.num.partitions = 50
	transaction.state.log.replication.factor = 1
	transaction.state.log.segment.bytes = 104857600
	transactional.id.expiration.ms = 604800000
	unclean.leader.election.enable = false
	unstable.api.versions.enable = false
	unstable.feature.versions.enable = true
	zookeeper.clientCnxnSocket = null
	zookeeper.connect = 127.0.0.1:57856
	zookeeper.connection.timeout.ms = 10000
	zookeeper.max.in.flight.requests = 10
	zookeeper.metadata.migration.enable = false
	zookeeper.metadata.migration.min.batch.size = 200
	zookeeper.session.timeout.ms = 18000
	zookeeper.set.acl = false
	zookeeper.ssl.cipher.suites = null
	zookeeper.ssl.client.enable = false
	zookeeper.ssl.crl.enable = false
	zookeeper.ssl.enabled.protocols = null
	zookeeper.ssl.endpoint.identification.algorithm = HTTPS
	zookeeper.ssl.keystore.location = null
	zookeeper.ssl.keystore.password = null
	zookeeper.ssl.keystore.type = null
	zookeeper.ssl.ocsp.enable = false
	zookeeper.ssl.protocol = TLSv1.2
	zookeeper.ssl.truststore.location = null
	zookeeper.ssl.truststore.password = null
	zookeeper.ssl.truststore.type = null

2025-07-28T19:43:39.159+05:30  INFO 5124 --- [apachekafkawithspringboot] [ntainer#1-0-C-1] org.apache.kafka.clients.NetworkClient   : [Consumer clientId=consumer-xyz-2, groupId=xyz] Node -1 disconnected.
2025-07-28T19:43:39.163+05:30  INFO 5124 --- [apachekafkawithspringboot] [ntainer#0-0-C-1] org.apache.kafka.clients.NetworkClient   : [Consumer clientId=consumer-xyz-1, groupId=xyz] Node -1 disconnected.
2025-07-28T19:43:39.163+05:30  WARN 5124 --- [apachekafkawithspringboot] [ntainer#0-0-C-1] org.apache.kafka.clients.NetworkClient   : [Consumer clientId=consumer-xyz-1, groupId=xyz] Connection to node -1 (localhost/127.0.0.1:9092) could not be established. Node may not be available.
2025-07-28T19:43:39.160+05:30  WARN 5124 --- [apachekafkawithspringboot] [ntainer#1-0-C-1] org.apache.kafka.clients.NetworkClient   : [Consumer clientId=consumer-xyz-2, groupId=xyz] Connection to node -1 (localhost/127.0.0.1:9092) could not be established. Node may not be available.
2025-07-28T19:43:39.164+05:30  WARN 5124 --- [apachekafkawithspringboot] [ntainer#0-0-C-1] org.apache.kafka.clients.NetworkClient   : [Consumer clientId=consumer-xyz-1, groupId=xyz] Bootstrap broker localhost:9092 (id: -1 rack: null) disconnected
2025-07-28T19:43:39.166+05:30  WARN 5124 --- [apachekafkawithspringboot] [ntainer#1-0-C-1] org.apache.kafka.clients.NetworkClient   : [Consumer clientId=consumer-xyz-2, groupId=xyz] Bootstrap broker localhost:9092 (id: -1 rack: null) disconnected
2025-07-28T19:43:39.230+05:30  INFO 5124 --- [apachekafkawithspringboot] [           main] org.apache.zookeeper.common.X509Util     : Setting -D jdk.tls.rejectClientInitiatedRenegotiation=true to disable client-initiated TLS renegotiation
2025-07-28T19:43:39.232+05:30  INFO 5124 --- [apachekafkawithspringboot] [           main] o.a.k.s.l.r.s.RemoteLogManagerConfig     : RemoteLogManagerConfig values: 
	log.local.retention.bytes = -2
	log.local.retention.ms = -2
	remote.fetch.max.wait.ms = 500
	remote.log.index.file.cache.total.size.bytes = 1073741824
	remote.log.manager.copier.thread.pool.size = 10
	remote.log.manager.copy.max.bytes.per.second = 9223372036854775807
	remote.log.manager.copy.quota.window.num = 11
	remote.log.manager.copy.quota.window.size.seconds = 1
	remote.log.manager.expiration.thread.pool.size = 10
	remote.log.manager.fetch.max.bytes.per.second = 9223372036854775807
	remote.log.manager.fetch.quota.window.num = 11
	remote.log.manager.fetch.quota.window.size.seconds = 1
	remote.log.manager.task.interval.ms = 30000
	remote.log.manager.task.retry.backoff.max.ms = 30000
	remote.log.manager.task.retry.backoff.ms = 500
	remote.log.manager.task.retry.jitter = 0.2
	remote.log.manager.thread.pool.size = 10
	remote.log.metadata.custom.metadata.max.bytes = 128
	remote.log.metadata.manager.class.name = org.apache.kafka.server.log.remote.metadata.storage.TopicBasedRemoteLogMetadataManager
	remote.log.metadata.manager.class.path = null
	remote.log.metadata.manager.impl.prefix = rlmm.config.
	remote.log.metadata.manager.listener.name = null
	remote.log.reader.max.pending.tasks = 100
	remote.log.reader.threads = 10
	remote.log.storage.manager.class.name = null
	remote.log.storage.manager.class.path = null
	remote.log.storage.manager.impl.prefix = rsm.config.
	remote.log.storage.system.enable = false

2025-07-28T19:43:39.444+05:30  INFO 5124 --- [apachekafkawithspringboot] [           main] kafka.server.KafkaServer                 : starting
2025-07-28T19:43:39.445+05:30  INFO 5124 --- [apachekafkawithspringboot] [           main] kafka.server.KafkaServer                 : Connecting to zookeeper on 127.0.0.1:57856
2025-07-28T19:43:39.475+05:30  INFO 5124 --- [apachekafkawithspringboot] [           main] kafka.zookeeper.ZooKeeperClient          : [ZooKeeperClient Kafka server] Initializing a new session to 127.0.0.1:57856.
2025-07-28T19:43:39.483+05:30  INFO 5124 --- [apachekafkawithspringboot] [           main] org.apache.zookeeper.ZooKeeper           : Client environment:zookeeper.version=3.8.4-9316c2a7a97e1666d8f4593f34dd6fc36ecc436c, built on 2024-02-12 22:16 UTC
2025-07-28T19:43:39.484+05:30  INFO 5124 --- [apachekafkawithspringboot] [           main] org.apache.zookeeper.ZooKeeper           : Client environment:host.name=DESKTOP-PFA04CO
2025-07-28T19:43:39.484+05:30  INFO 5124 --- [apachekafkawithspringboot] [           main] org.apache.zookeeper.ZooKeeper           : Client environment:java.version=17.0.12
2025-07-28T19:43:39.484+05:30  INFO 5124 --- [apachekafkawithspringboot] [           main] org.apache.zookeeper.ZooKeeper           : Client environment:java.vendor=Oracle Corporation
2025-07-28T19:43:39.484+05:30  INFO 5124 --- [apachekafkawithspringboot] [           main] org.apache.zookeeper.ZooKeeper           : Client environment:java.home=C:\Program Files\Java\jdk-17
2025-07-28T19:43:39.484+05:30  INFO 5124 --- [apachekafkawithspringboot] [           main] org.apache.zookeeper.ZooKeeper           : Client environment:java.class.path=E:\codebase\Repo1\apachekafkawithspringboot\target\test-classes;E:\codebase\Repo1\apachekafkawithspringboot\target\classes;C:\Users\HP\.m2\repository\org\springframework\boot\spring-boot-starter-web\3.4.5\spring-boot-starter-web-3.4.5.jar;C:\Users\HP\.m2\repository\org\springframework\boot\spring-boot-starter\3.4.5\spring-boot-starter-3.4.5.jar;C:\Users\HP\.m2\repository\org\springframework\boot\spring-boot\3.4.5\spring-boot-3.4.5.jar;C:\Users\HP\.m2\repository\org\springframework\boot\spring-boot-autoconfigure\3.4.5\spring-boot-autoconfigure-3.4.5.jar;C:\Users\HP\.m2\repository\org\springframework\boot\spring-boot-starter-logging\3.4.5\spring-boot-starter-logging-3.4.5.jar;C:\Users\HP\.m2\repository\org\apache\logging\log4j\log4j-to-slf4j\2.24.3\log4j-to-slf4j-2.24.3.jar;C:\Users\HP\.m2\repository\org\apache\logging\log4j\log4j-api\2.24.3\log4j-api-2.24.3.jar;C:\Users\HP\.m2\repository\org\slf4j\jul-to-slf4j\2.0.17\jul-to-slf4j-2.0.17.jar;C:\Users\HP\.m2\repository\jakarta\annotation\jakarta.annotation-api\2.1.1\jakarta.annotation-api-2.1.1.jar;C:\Users\HP\.m2\repository\org\yaml\snakeyaml\2.3\snakeyaml-2.3.jar;C:\Users\HP\.m2\repository\org\springframework\boot\spring-boot-starter-json\3.4.5\spring-boot-starter-json-3.4.5.jar;C:\Users\HP\.m2\repository\com\fasterxml\jackson\core\jackson-databind\2.18.3\jackson-databind-2.18.3.jar;C:\Users\HP\.m2\repository\com\fasterxml\jackson\core\jackson-annotations\2.18.3\jackson-annotations-2.18.3.jar;C:\Users\HP\.m2\repository\com\fasterxml\jackson\core\jackson-core\2.18.3\jackson-core-2.18.3.jar;C:\Users\HP\.m2\repository\com\fasterxml\jackson\datatype\jackson-datatype-jdk8\2.18.3\jackson-datatype-jdk8-2.18.3.jar;C:\Users\HP\.m2\repository\com\fasterxml\jackson\datatype\jackson-datatype-jsr310\2.18.3\jackson-datatype-jsr310-2.18.3.jar;C:\Users\HP\.m2\repository\com\fasterxml\jackson\module\jackson-module-parameter-names\2.18.3\jackson-module-parameter-names-2.18.3.jar;C:\Users\HP\.m2\repository\org\springframework\boot\spring-boot-starter-tomcat\3.4.5\spring-boot-starter-tomcat-3.4.5.jar;C:\Users\HP\.m2\repository\org\apache\tomcat\embed\tomcat-embed-core\10.1.40\tomcat-embed-core-10.1.40.jar;C:\Users\HP\.m2\repository\org\apache\tomcat\embed\tomcat-embed-el\10.1.40\tomcat-embed-el-10.1.40.jar;C:\Users\HP\.m2\repository\org\apache\tomcat\embed\tomcat-embed-websocket\10.1.40\tomcat-embed-websocket-10.1.40.jar;C:\Users\HP\.m2\repository\org\springframework\spring-web\6.2.6\spring-web-6.2.6.jar;C:\Users\HP\.m2\repository\org\springframework\spring-beans\6.2.6\spring-beans-6.2.6.jar;C:\Users\HP\.m2\repository\org\springframework\spring-webmvc\6.2.6\spring-webmvc-6.2.6.jar;C:\Users\HP\.m2\repository\org\springframework\spring-aop\6.2.6\spring-aop-6.2.6.jar;C:\Users\HP\.m2\repository\org\springframework\spring-expression\6.2.6\spring-expression-6.2.6.jar;C:\Users\HP\.m2\repository\org\springframework\kafka\spring-kafka\3.3.5\spring-kafka-3.3.5.jar;C:\Users\HP\.m2\repository\org\springframework\spring-context\6.2.6\spring-context-6.2.6.jar;C:\Users\HP\.m2\repository\org\springframework\spring-messaging\6.2.6\spring-messaging-6.2.6.jar;C:\Users\HP\.m2\repository\org\springframework\spring-tx\6.2.6\spring-tx-6.2.6.jar;C:\Users\HP\.m2\repository\org\springframework\retry\spring-retry\2.0.11\spring-retry-2.0.11.jar;C:\Users\HP\.m2\repository\org\apache\kafka\kafka-clients\3.8.1\kafka-clients-3.8.1.jar;C:\Users\HP\.m2\repository\com\github\luben\zstd-jni\1.5.6-4\zstd-jni-1.5.6-4.jar;C:\Users\HP\.m2\repository\org\lz4\lz4-java\1.8.0\lz4-java-1.8.0.jar;C:\Users\HP\.m2\repository\org\xerial\snappy\snappy-java\1.1.10.5\snappy-java-1.1.10.5.jar;C:\Users\HP\.m2\repository\org\slf4j\slf4j-api\2.0.17\slf4j-api-2.0.17.jar;C:\Users\HP\.m2\repository\io\micrometer\micrometer-observation\1.14.6\micrometer-observation-1.14.6.jar;C:\Users\HP\.m2\repository\io\micrometer\micrometer-commons\1.14.6\micrometer-commons-1.14.6.jar;C:\Users\HP\.m2\repository\org\springframework\boot\spring-boot-starter-test\3.4.5\spring-boot-starter-test-3.4.5.jar;C:\Users\HP\.m2\repository\org\springframework\boot\spring-boot-test\3.4.5\spring-boot-test-3.4.5.jar;C:\Users\HP\.m2\repository\org\springframework\boot\spring-boot-test-autoconfigure\3.4.5\spring-boot-test-autoconfigure-3.4.5.jar;C:\Users\HP\.m2\repository\com\jayway\jsonpath\json-path\2.9.0\json-path-2.9.0.jar;C:\Users\HP\.m2\repository\jakarta\xml\bind\jakarta.xml.bind-api\4.0.2\jakarta.xml.bind-api-4.0.2.jar;C:\Users\HP\.m2\repository\jakarta\activation\jakarta.activation-api\2.1.3\jakarta.activation-api-2.1.3.jar;C:\Users\HP\.m2\repository\net\minidev\json-smart\2.5.2\json-smart-2.5.2.jar;C:\Users\HP\.m2\repository\net\minidev\accessors-smart\2.5.2\accessors-smart-2.5.2.jar;C:\Users\HP\.m2\repository\org\ow2\asm\asm\9.7.1\asm-9.7.1.jar;C:\Users\HP\.m2\repository\org\assertj\assertj-core\3.26.3\assertj-core-3.26.3.jar;C:\Users\HP\.m2\repository\net\bytebuddy\byte-buddy\1.15.11\byte-buddy-1.15.11.jar;C:\Users\HP\.m2\repository\org\awaitility\awaitility\4.2.2\awaitility-4.2.2.jar;C:\Users\HP\.m2\repository\org\hamcrest\hamcrest\2.2\hamcrest-2.2.jar;C:\Users\HP\.m2\repository\org\junit\jupiter\junit-jupiter\5.11.4\junit-jupiter-5.11.4.jar;C:\Users\HP\.m2\repository\org\junit\jupiter\junit-jupiter-params\5.11.4\junit-jupiter-params-5.11.4.jar;C:\Users\HP\.m2\repository\org\junit\jupiter\junit-jupiter-engine\5.11.4\junit-jupiter-engine-5.11.4.jar;C:\Users\HP\.m2\repository\org\mockito\mockito-core\5.14.2\mockito-core-5.14.2.jar;C:\Users\HP\.m2\repository\net\bytebuddy\byte-buddy-agent\1.15.11\byte-buddy-agent-1.15.11.jar;C:\Users\HP\.m2\repository\org\objenesis\objenesis\3.3\objenesis-3.3.jar;C:\Users\HP\.m2\repository\org\mockito\mockito-junit-jupiter\5.14.2\mockito-junit-jupiter-5.14.2.jar;C:\Users\HP\.m2\repository\org\skyscreamer\jsonassert\1.5.3\jsonassert-1.5.3.jar;C:\Users\HP\.m2\repository\com\vaadin\external\google\android-json\0.0.20131108.vaadin1\android-json-0.0.20131108.vaadin1.jar;C:\Users\HP\.m2\repository\org\springframework\spring-core\6.2.6\spring-core-6.2.6.jar;C:\Users\HP\.m2\repository\org\springframework\spring-jcl\6.2.6\spring-jcl-6.2.6.jar;C:\Users\HP\.m2\repository\org\springframework\spring-test\6.2.6\spring-test-6.2.6.jar;C:\Users\HP\.m2\repository\org\xmlunit\xmlunit-core\2.10.0\xmlunit-core-2.10.0.jar;C:\Users\HP\.m2\repository\org\springframework\kafka\spring-kafka-test\3.3.5\spring-kafka-test-3.3.5.jar;C:\Users\HP\.m2\repository\org\apache\zookeeper\zookeeper\3.8.4\zookeeper-3.8.4.jar;C:\Users\HP\.m2\repository\org\apache\zookeeper\zookeeper-jute\3.8.4\zookeeper-jute-3.8.4.jar;C:\Users\HP\.m2\repository\org\apache\yetus\audience-annotations\0.12.0\audience-annotations-0.12.0.jar;C:\Users\HP\.m2\repository\io\netty\netty-handler\4.1.119.Final\netty-handler-4.1.119.Final.jar;C:\Users\HP\.m2\repository\io\netty\netty-common\4.1.119.Final\netty-common-4.1.119.Final.jar;C:\Users\HP\.m2\repository\io\netty\netty-resolver\4.1.119.Final\netty-resolver-4.1.119.Final.jar;C:\Users\HP\.m2\repository\io\netty\netty-buffer\4.1.119.Final\netty-buffer-4.1.119.Final.jar;C:\Users\HP\.m2\repository\io\netty\netty-transport\4.1.119.Final\netty-transport-4.1.119.Final.jar;C:\Users\HP\.m2\repository\io\netty\netty-transport-native-unix-common\4.1.119.Final\netty-transport-native-unix-common-4.1.119.Final.jar;C:\Users\HP\.m2\repository\io\netty\netty-codec\4.1.119.Final\netty-codec-4.1.119.Final.jar;C:\Users\HP\.m2\repository\io\netty\netty-transport-native-epoll\4.1.119.Final\netty-transport-native-epoll-4.1.119.Final.jar;C:\Users\HP\.m2\repository\io\netty\netty-transport-classes-epoll\4.1.119.Final\netty-transport-classes-epoll-4.1.119.Final.jar;C:\Users\HP\.m2\repository\ch\qos\logback\logback-core\1.5.18\logback-core-1.5.18.jar;C:\Users\HP\.m2\repository\ch\qos\logback\logback-classic\1.5.18\logback-classic-1.5.18.jar;C:\Users\HP\.m2\repository\commons-io\commons-io\2.11.0\commons-io-2.11.0.jar;C:\Users\HP\.m2\repository\org\apache\kafka\kafka-clients\3.8.1\kafka-clients-3.8.1-test.jar;C:\Users\HP\.m2\repository\org\apache\kafka\kafka-server\3.8.1\kafka-server-3.8.1.jar;C:\Users\HP\.m2\repository\org\apache\kafka\kafka-group-coordinator\3.8.1\kafka-group-coordinator-3.8.1.jar;C:\Users\HP\.m2\repository\org\apache\kafka\kafka-transaction-coordinator\3.8.1\kafka-transaction-coordinator-3.8.1.jar;C:\Users\HP\.m2\repository\org\apache\kafka\kafka-raft\3.8.1\kafka-raft-3.8.1.jar;C:\Users\HP\.m2\repository\com\yammer\metrics\metrics-core\2.2.0\metrics-core-2.2.0.jar;C:\Users\HP\.m2\repository\org\apache\kafka\kafka-metadata\3.8.1\kafka-metadata-3.8.1.jar;C:\Users\HP\.m2\repository\org\apache\kafka\kafka-server-common\3.8.1\kafka-server-common-3.8.1.jar;C:\Users\HP\.m2\repository\net\sf\jopt-simple\jopt-simple\5.0.4\jopt-simple-5.0.4.jar;C:\Users\HP\.m2\repository\org\pcollections\pcollections\4.0.1\pcollections-4.0.1.jar;C:\Users\HP\.m2\repository\org\apache\kafka\kafka-server-common\3.8.1\kafka-server-common-3.8.1-test.jar;C:\Users\HP\.m2\repository\org\apache\kafka\kafka-streams-test-utils\3.8.1\kafka-streams-test-utils-3.8.1.jar;C:\Users\HP\.m2\repository\org\apache\kafka\kafka-streams\3.8.1\kafka-streams-3.8.1.jar;C:\Users\HP\.m2\repository\org\rocksdb\rocksdbjni\7.9.2\rocksdbjni-7.9.2.jar;C:\Users\HP\.m2\repository\org\apache\kafka\kafka_2.13\3.8.1\kafka_2.13-3.8.1.jar;C:\Users\HP\.m2\repository\org\scala-lang\scala-library\2.13.14\scala-library-2.13.14.jar;C:\Users\HP\.m2\repository\org\apache\kafka\kafka-group-coordinator-api\3.8.1\kafka-group-coordinator-api-3.8.1.jar;C:\Users\HP\.m2\repository\org\apache\kafka\kafka-storage-api\3.8.1\kafka-storage-api-3.8.1.jar;C:\Users\HP\.m2\repository\org\apache\kafka\kafka-tools-api\3.8.1\kafka-tools-api-3.8.1.jar;C:\Users\HP\.m2\repository\org\apache\kafka\kafka-storage\3.8.1\kafka-storage-3.8.1.jar;C:\Users\HP\.m2\repository\com\github\ben-manes\caffeine\caffeine\3.1.8\caffeine-3.1.8.jar;C:\Users\HP\.m2\repository\org\checkerframework\checker-qual\3.37.0\checker-qual-3.37.0.jar;C:\Users\HP\.m2\repository\com\google\errorprone\error_prone_annotations\2.21.1\error_prone_annotations-2.21.1.jar;C:\Users\HP\.m2\repository\net\sourceforge\argparse4j\argparse4j\0.7.0\argparse4j-0.7.0.jar;C:\Users\HP\.m2\repository\commons-validator\commons-validator\1.7\commons-validator-1.7.jar;C:\Users\HP\.m2\repository\commons-beanutils\commons-beanutils\1.9.4\commons-beanutils-1.9.4.jar;C:\Users\HP\.m2\repository\commons-digester\commons-digester\2.1\commons-digester-2.1.jar;C:\Users\HP\.m2\repository\commons-collections\commons-collections\3.2.2\commons-collections-3.2.2.jar;C:\Users\HP\.m2\repository\com\fasterxml\jackson\module\jackson-module-scala_2.13\2.18.3\jackson-module-scala_2.13-2.18.3.jar;C:\Users\HP\.m2\repository\com\thoughtworks\paranamer\paranamer\2.8\paranamer-2.8.jar;C:\Users\HP\.m2\repository\com\fasterxml\jackson\dataformat\jackson-dataformat-csv\2.18.3\jackson-dataformat-csv-2.18.3.jar;C:\Users\HP\.m2\repository\org\bitbucket\b_c\jose4j\0.9.4\jose4j-0.9.4.jar;C:\Users\HP\.m2\repository\org\scala-lang\modules\scala-collection-compat_2.13\2.10.0\scala-collection-compat_2.13-2.10.0.jar;C:\Users\HP\.m2\repository\org\scala-lang\modules\scala-java8-compat_2.13\1.0.2\scala-java8-compat_2.13-1.0.2.jar;C:\Users\HP\.m2\repository\org\scala-lang\scala-reflect\2.13.14\scala-reflect-2.13.14.jar;C:\Users\HP\.m2\repository\com\typesafe\scala-logging\scala-logging_2.13\3.9.4\scala-logging_2.13-3.9.4.jar;C:\Users\HP\.m2\repository\io\dropwizard\metrics\metrics-core\4.1.12.1\metrics-core-4.1.12.1.jar;C:\Users\HP\.m2\repository\commons-cli\commons-cli\1.4\commons-cli-1.4.jar;C:\Users\HP\.m2\repository\org\apache\kafka\kafka_2.13\3.8.1\kafka_2.13-3.8.1-test.jar;C:\Users\HP\.m2\repository\org\junit\jupiter\junit-jupiter-api\5.11.4\junit-jupiter-api-5.11.4.jar;C:\Users\HP\.m2\repository\org\opentest4j\opentest4j\1.3.0\opentest4j-1.3.0.jar;C:\Users\HP\.m2\repository\org\junit\platform\junit-platform-commons\1.11.4\junit-platform-commons-1.11.4.jar;C:\Users\HP\.m2\repository\org\apiguardian\apiguardian-api\1.1.2\apiguardian-api-1.1.2.jar;C:\Users\HP\.m2\repository\org\junit\platform\junit-platform-launcher\1.11.4\junit-platform-launcher-1.11.4.jar;C:\Users\HP\.m2\repository\org\junit\platform\junit-platform-engine\1.11.4\junit-platform-engine-1.11.4.jar;
2025-07-28T19:43:39.485+05:30  INFO 5124 --- [apachekafkawithspringboot] [           main] org.apache.zookeeper.ZooKeeper           : Client environment:java.library.path=C:\Program Files\Java\jdk-17\bin;C:\Windows\Sun\Java\bin;C:\Windows\system32;C:\Windows;C:\Program Files\Common Files\Oracle\Java\javapath;C:\Program Files (x86)\Common Files\Oracle\Java\javapath;C:\Windows\system32;C:\Windows;C:\Windows\System32\Wbem;C:\Windows\System32\WindowsPowerShell\v1.0\;C:\Windows\System32\OpenSSH\;C:\Program Files\Java\jdk-17\bin;C:\maven\bin;C:\Program Files\Git\cmd;C:\Program Files\MySQL\MySQL Shell 8.0\bin\;C:\Users\HP\AppData\Local\Microsoft\WindowsApps;.
2025-07-28T19:43:39.485+05:30  INFO 5124 --- [apachekafkawithspringboot] [           main] org.apache.zookeeper.ZooKeeper           : Client environment:java.io.tmpdir=C:\Users\HP\AppData\Local\Temp\
2025-07-28T19:43:39.486+05:30  INFO 5124 --- [apachekafkawithspringboot] [           main] org.apache.zookeeper.ZooKeeper           : Client environment:java.compiler=<NA>
2025-07-28T19:43:39.486+05:30  INFO 5124 --- [apachekafkawithspringboot] [           main] org.apache.zookeeper.ZooKeeper           : Client environment:os.name=Windows 10
2025-07-28T19:43:39.486+05:30  INFO 5124 --- [apachekafkawithspringboot] [           main] org.apache.zookeeper.ZooKeeper           : Client environment:os.arch=amd64
2025-07-28T19:43:39.486+05:30  INFO 5124 --- [apachekafkawithspringboot] [           main] org.apache.zookeeper.ZooKeeper           : Client environment:os.version=10.0
2025-07-28T19:43:39.486+05:30  INFO 5124 --- [apachekafkawithspringboot] [           main] org.apache.zookeeper.ZooKeeper           : Client environment:user.name=HP
2025-07-28T19:43:39.486+05:30  INFO 5124 --- [apachekafkawithspringboot] [           main] org.apache.zookeeper.ZooKeeper           : Client environment:user.home=C:\Users\HP
2025-07-28T19:43:39.486+05:30  INFO 5124 --- [apachekafkawithspringboot] [           main] org.apache.zookeeper.ZooKeeper           : Client environment:user.dir=E:\codebase\Repo1\apachekafkawithspringboot
2025-07-28T19:43:39.486+05:30  INFO 5124 --- [apachekafkawithspringboot] [           main] org.apache.zookeeper.ZooKeeper           : Client environment:os.memory.free=24MB
2025-07-28T19:43:39.486+05:30  INFO 5124 --- [apachekafkawithspringboot] [           main] org.apache.zookeeper.ZooKeeper           : Client environment:os.memory.max=2028MB
2025-07-28T19:43:39.486+05:30  INFO 5124 --- [apachekafkawithspringboot] [           main] org.apache.zookeeper.ZooKeeper           : Client environment:os.memory.total=65MB
2025-07-28T19:43:39.494+05:30  INFO 5124 --- [apachekafkawithspringboot] [           main] org.apache.zookeeper.ZooKeeper           : Initiating client connection, connectString=127.0.0.1:57856 sessionTimeout=18000 watcher=kafka.zookeeper.ZooKeeperClient$ZooKeeperClientWatcher$@7c03f9d0
2025-07-28T19:43:39.501+05:30  INFO 5124 --- [apachekafkawithspringboot] [           main] org.apache.zookeeper.ClientCnxnSocket    : jute.maxbuffer value is 4194304 Bytes
2025-07-28T19:43:39.513+05:30  INFO 5124 --- [apachekafkawithspringboot] [           main] org.apache.zookeeper.ClientCnxn          : zookeeper.request.timeout value is 0. feature enabled=false
2025-07-28T19:43:39.514+05:30  INFO 5124 --- [apachekafkawithspringboot] [27.0.0.1:57856)] org.apache.zookeeper.ClientCnxn          : Opening socket connection to server /127.0.0.1:57856.
2025-07-28T19:43:39.515+05:30  INFO 5124 --- [apachekafkawithspringboot] [           main] kafka.zookeeper.ZooKeeperClient          : [ZooKeeperClient Kafka server] Waiting until connected.
2025-07-28T19:43:39.517+05:30  INFO 5124 --- [apachekafkawithspringboot] [27.0.0.1:57856)] org.apache.zookeeper.ClientCnxn          : Socket connection established, initiating session, client: /127.0.0.1:57859, server: /127.0.0.1:57856
2025-07-28T19:43:39.531+05:30  INFO 5124 --- [apachekafkawithspringboot] [   SyncThread:0] o.a.z.server.persistence.FileTxnLog      : Creating new log file: log.1
2025-07-28T19:43:39.541+05:30  INFO 5124 --- [apachekafkawithspringboot] [   SyncThread:0] o.a.zookeeper.audit.ZKAuditProvider      : ZooKeeper audit is disabled.
2025-07-28T19:43:39.553+05:30  INFO 5124 --- [apachekafkawithspringboot] [27.0.0.1:57856)] org.apache.zookeeper.ClientCnxn          : Session establishment complete on server /127.0.0.1:57856, session id = 0x1002a294ee20000, negotiated timeout = 16000
2025-07-28T19:43:39.563+05:30  INFO 5124 --- [apachekafkawithspringboot] [           main] kafka.zookeeper.ZooKeeperClient          : [ZooKeeperClient Kafka server] Connected.
2025-07-28T19:43:39.797+05:30  INFO 5124 --- [apachekafkawithspringboot] [           main] kafka.server.KafkaServer                 : Cluster ID = Ka3qcMujQviSsMmrNL_Tgw
2025-07-28T19:43:39.803+05:30  INFO 5124 --- [apachekafkawithspringboot] [           main] o.a.k.s.l.r.s.RemoteLogManagerConfig     : RemoteLogManagerConfig values: 
	log.local.retention.bytes = -2
	log.local.retention.ms = -2
	remote.fetch.max.wait.ms = 500
	remote.log.index.file.cache.total.size.bytes = 1073741824
	remote.log.manager.copier.thread.pool.size = 10
	remote.log.manager.copy.max.bytes.per.second = 9223372036854775807
	remote.log.manager.copy.quota.window.num = 11
	remote.log.manager.copy.quota.window.size.seconds = 1
	remote.log.manager.expiration.thread.pool.size = 10
	remote.log.manager.fetch.max.bytes.per.second = 9223372036854775807
	remote.log.manager.fetch.quota.window.num = 11
	remote.log.manager.fetch.quota.window.size.seconds = 1
	remote.log.manager.task.interval.ms = 30000
	remote.log.manager.task.retry.backoff.max.ms = 30000
	remote.log.manager.task.retry.backoff.ms = 500
	remote.log.manager.task.retry.jitter = 0.2
	remote.log.manager.thread.pool.size = 10
	remote.log.metadata.custom.metadata.max.bytes = 128
	remote.log.metadata.manager.class.name = org.apache.kafka.server.log.remote.metadata.storage.TopicBasedRemoteLogMetadataManager
	remote.log.metadata.manager.class.path = null
	remote.log.metadata.manager.impl.prefix = rlmm.config.
	remote.log.metadata.manager.listener.name = null
	remote.log.reader.max.pending.tasks = 100
	remote.log.reader.threads = 10
	remote.log.storage.manager.class.name = null
	remote.log.storage.manager.class.path = null
	remote.log.storage.manager.impl.prefix = rsm.config.
	remote.log.storage.system.enable = false

2025-07-28T19:43:39.863+05:30  INFO 5124 --- [apachekafkawithspringboot] [           main] o.a.k.s.l.r.s.RemoteLogManagerConfig     : RemoteLogManagerConfig values: 
	log.local.retention.bytes = -2
	log.local.retention.ms = -2
	remote.fetch.max.wait.ms = 500
	remote.log.index.file.cache.total.size.bytes = 1073741824
	remote.log.manager.copier.thread.pool.size = 10
	remote.log.manager.copy.max.bytes.per.second = 9223372036854775807
	remote.log.manager.copy.quota.window.num = 11
	remote.log.manager.copy.quota.window.size.seconds = 1
	remote.log.manager.expiration.thread.pool.size = 10
	remote.log.manager.fetch.max.bytes.per.second = 9223372036854775807
	remote.log.manager.fetch.quota.window.num = 11
	remote.log.manager.fetch.quota.window.size.seconds = 1
	remote.log.manager.task.interval.ms = 30000
	remote.log.manager.task.retry.backoff.max.ms = 30000
	remote.log.manager.task.retry.backoff.ms = 500
	remote.log.manager.task.retry.jitter = 0.2
	remote.log.manager.thread.pool.size = 10
	remote.log.metadata.custom.metadata.max.bytes = 128
	remote.log.metadata.manager.class.name = org.apache.kafka.server.log.remote.metadata.storage.TopicBasedRemoteLogMetadataManager
	remote.log.metadata.manager.class.path = null
	remote.log.metadata.manager.impl.prefix = rlmm.config.
	remote.log.metadata.manager.listener.name = null
	remote.log.reader.max.pending.tasks = 100
	remote.log.reader.threads = 10
	remote.log.storage.manager.class.name = null
	remote.log.storage.manager.class.path = null
	remote.log.storage.manager.impl.prefix = rsm.config.
	remote.log.storage.system.enable = false

2025-07-28T19:43:39.873+05:30  INFO 5124 --- [apachekafkawithspringboot] [           main] kafka.server.KafkaConfig                 : KafkaConfig values: 
	advertised.listeners = null
	alter.config.policy.class.name = null
	alter.log.dirs.replication.quota.window.num = 11
	alter.log.dirs.replication.quota.window.size.seconds = 1
	authorizer.class.name = 
	auto.create.topics.enable = true
	auto.include.jmx.reporter = true
	auto.leader.rebalance.enable = true
	background.threads = 2
	broker.heartbeat.interval.ms = 2000
	broker.id = 0
	broker.id.generation.enable = true
	broker.rack = null
	broker.session.timeout.ms = 9000
	client.quota.callback.class = null
	compression.gzip.level = -1
	compression.lz4.level = 9
	compression.type = producer
	compression.zstd.level = 3
	connection.failed.authentication.delay.ms = 100
	connections.max.idle.ms = 600000
	connections.max.reauth.ms = 0
	control.plane.listener.name = null
	controlled.shutdown.enable = false
	controlled.shutdown.max.retries = 3
	controlled.shutdown.retry.backoff.ms = 100
	controller.listener.names = null
	controller.quorum.append.linger.ms = 25
	controller.quorum.bootstrap.servers = []
	controller.quorum.election.backoff.max.ms = 1000
	controller.quorum.election.timeout.ms = 1000
	controller.quorum.fetch.timeout.ms = 2000
	controller.quorum.request.timeout.ms = 2000
	controller.quorum.retry.backoff.ms = 20
	controller.quorum.voters = []
	controller.quota.window.num = 11
	controller.quota.window.size.seconds = 1
	controller.socket.timeout.ms = 1000
	create.topic.policy.class.name = null
	default.replication.factor = 1
	delegation.token.expiry.check.interval.ms = 3600000
	delegation.token.expiry.time.ms = 86400000
	delegation.token.master.key = null
	delegation.token.max.lifetime.ms = 604800000
	delegation.token.secret.key = null
	delete.records.purgatory.purge.interval.requests = 1
	delete.topic.enable = true
	early.start.listeners = null
	eligible.leader.replicas.enable = false
	fetch.max.bytes = 57671680
	fetch.purgatory.purge.interval.requests = 1000
	group.consumer.assignors = [org.apache.kafka.coordinator.group.assignor.UniformAssignor, org.apache.kafka.coordinator.group.assignor.RangeAssignor]
	group.consumer.heartbeat.interval.ms = 5000
	group.consumer.max.heartbeat.interval.ms = 15000
	group.consumer.max.session.timeout.ms = 60000
	group.consumer.max.size = 2147483647
	group.consumer.migration.policy = disabled
	group.consumer.min.heartbeat.interval.ms = 5000
	group.consumer.min.session.timeout.ms = 45000
	group.consumer.session.timeout.ms = 45000
	group.coordinator.append.linger.ms = 10
	group.coordinator.new.enable = false
	group.coordinator.rebalance.protocols = [classic]
	group.coordinator.threads = 1
	group.initial.rebalance.delay.ms = 0
	group.max.session.timeout.ms = 1800000
	group.max.size = 2147483647
	group.min.session.timeout.ms = 6000
	initial.broker.registration.timeout.ms = 60000
	inter.broker.listener.name = null
	inter.broker.protocol.version = 3.8-IV0
	kafka.metrics.polling.interval.secs = 10
	kafka.metrics.reporters = []
	leader.imbalance.check.interval.seconds = 300
	leader.imbalance.per.broker.percentage = 10
	listener.security.protocol.map = SASL_SSL:SASL_SSL,PLAINTEXT:PLAINTEXT,SSL:SSL,SASL_PLAINTEXT:SASL_PLAINTEXT
	listeners = PLAINTEXT://localhost:9092
	log.cleaner.backoff.ms = 15000
	log.cleaner.dedupe.buffer.size = 2097152
	log.cleaner.delete.retention.ms = 86400000
	log.cleaner.enable = true
	log.cleaner.io.buffer.load.factor = 0.9
	log.cleaner.io.buffer.size = 524288
	log.cleaner.io.max.bytes.per.second = 1.7976931348623157E308
	log.cleaner.max.compaction.lag.ms = 9223372036854775807
	log.cleaner.min.cleanable.ratio = 0.5
	log.cleaner.min.compaction.lag.ms = 0
	log.cleaner.threads = 1
	log.cleanup.policy = [delete]
	log.dir = C:\Users\HP\AppData\Local\Temp\spring.kafka.3468c56f-6d23-4bfd-bfbc-b5a55719a3d913218803562643434250
	log.dir.failure.timeout.ms = 30000
	log.dirs = null
	log.flush.interval.messages = 9223372036854775807
	log.flush.interval.ms = null
	log.flush.offset.checkpoint.interval.ms = 60000
	log.flush.scheduler.interval.ms = 9223372036854775807
	log.flush.start.offset.checkpoint.interval.ms = 60000
	log.index.interval.bytes = 4096
	log.index.size.max.bytes = 10485760
	log.initial.task.delay.ms = 30000
	log.local.retention.bytes = -2
	log.local.retention.ms = -2
	log.message.downconversion.enable = true
	log.message.format.version = 3.0-IV1
	log.message.timestamp.after.max.ms = 9223372036854775807
	log.message.timestamp.before.max.ms = 9223372036854775807
	log.message.timestamp.difference.max.ms = 9223372036854775807
	log.message.timestamp.type = CreateTime
	log.preallocate = false
	log.retention.bytes = -1
	log.retention.check.interval.ms = 300000
	log.retention.hours = 168
	log.retention.minutes = null
	log.retention.ms = null
	log.roll.hours = 168
	log.roll.jitter.hours = 0
	log.roll.jitter.ms = null
	log.roll.ms = null
	log.segment.bytes = 1073741824
	log.segment.delete.delay.ms = 1000
	max.connection.creation.rate = 2147483647
	max.connections = 2147483647
	max.connections.per.ip = 2147483647
	max.connections.per.ip.overrides = 
	max.incremental.fetch.session.cache.slots = 1000
	max.request.partition.size.limit = 2000
	message.max.bytes = 1048588
	metadata.log.dir = null
	metadata.log.max.record.bytes.between.snapshots = 20971520
	metadata.log.max.snapshot.interval.ms = 3600000
	metadata.log.segment.bytes = 1073741824
	metadata.log.segment.min.bytes = 8388608
	metadata.log.segment.ms = 604800000
	metadata.max.idle.interval.ms = 500
	metadata.max.retention.bytes = 104857600
	metadata.max.retention.ms = 604800000
	metric.reporters = []
	metrics.num.samples = 2
	metrics.recording.level = INFO
	metrics.sample.window.ms = 30000
	min.insync.replicas = 1
	node.id = 0
	num.io.threads = 8
	num.network.threads = 2
	num.partitions = 1
	num.recovery.threads.per.data.dir = 1
	num.replica.alter.log.dirs.threads = null
	num.replica.fetchers = 1
	offset.metadata.max.bytes = 4096
	offsets.commit.required.acks = -1
	offsets.commit.timeout.ms = 5000
	offsets.load.buffer.size = 5242880
	offsets.retention.check.interval.ms = 600000
	offsets.retention.minutes = 10080
	offsets.topic.compression.codec = 0
	offsets.topic.num.partitions = 5
	offsets.topic.replication.factor = 1
	offsets.topic.segment.bytes = 104857600
	password.encoder.cipher.algorithm = AES/CBC/PKCS5Padding
	password.encoder.iterations = 4096
	password.encoder.key.length = 128
	password.encoder.keyfactory.algorithm = null
	password.encoder.old.secret = null
	password.encoder.secret = null
	principal.builder.class = class org.apache.kafka.common.security.authenticator.DefaultKafkaPrincipalBuilder
	process.roles = []
	producer.id.expiration.check.interval.ms = 600000
	producer.id.expiration.ms = 86400000
	producer.purgatory.purge.interval.requests = 1000
	queued.max.request.bytes = -1
	queued.max.requests = 500
	quota.window.num = 11
	quota.window.size.seconds = 1
	remote.fetch.max.wait.ms = 500
	remote.log.index.file.cache.total.size.bytes = 1073741824
	remote.log.manager.copier.thread.pool.size = 10
	remote.log.manager.copy.max.bytes.per.second = 9223372036854775807
	remote.log.manager.copy.quota.window.num = 11
	remote.log.manager.copy.quota.window.size.seconds = 1
	remote.log.manager.expiration.thread.pool.size = 10
	remote.log.manager.fetch.max.bytes.per.second = 9223372036854775807
	remote.log.manager.fetch.quota.window.num = 11
	remote.log.manager.fetch.quota.window.size.seconds = 1
	remote.log.manager.task.interval.ms = 30000
	remote.log.manager.task.retry.backoff.max.ms = 30000
	remote.log.manager.task.retry.backoff.ms = 500
	remote.log.manager.task.retry.jitter = 0.2
	remote.log.manager.thread.pool.size = 10
	remote.log.metadata.custom.metadata.max.bytes = 128
	remote.log.metadata.manager.class.name = org.apache.kafka.server.log.remote.metadata.storage.TopicBasedRemoteLogMetadataManager
	remote.log.metadata.manager.class.path = null
	remote.log.metadata.manager.impl.prefix = rlmm.config.
	remote.log.metadata.manager.listener.name = null
	remote.log.reader.max.pending.tasks = 100
	remote.log.reader.threads = 10
	remote.log.storage.manager.class.name = null
	remote.log.storage.manager.class.path = null
	remote.log.storage.manager.impl.prefix = rsm.config.
	remote.log.storage.system.enable = false
	replica.fetch.backoff.ms = 1000
	replica.fetch.max.bytes = 1048576
	replica.fetch.min.bytes = 1
	replica.fetch.response.max.bytes = 10485760
	replica.fetch.wait.max.ms = 500
	replica.high.watermark.checkpoint.interval.ms = 9223372036854775807
	replica.lag.time.max.ms = 30000
	replica.selector.class = null
	replica.socket.receive.buffer.bytes = 65536
	replica.socket.timeout.ms = 1000
	replication.quota.window.num = 11
	replication.quota.window.size.seconds = 1
	request.timeout.ms = 30000
	reserved.broker.max.id = 1000
	sasl.client.callback.handler.class = null
	sasl.enabled.mechanisms = [GSSAPI]
	sasl.jaas.config = null
	sasl.kerberos.kinit.cmd = /usr/bin/kinit
	sasl.kerberos.min.time.before.relogin = 60000
	sasl.kerberos.principal.to.local.rules = [DEFAULT]
	sasl.kerberos.service.name = null
	sasl.kerberos.ticket.renew.jitter = 0.05
	sasl.kerberos.ticket.renew.window.factor = 0.8
	sasl.login.callback.handler.class = null
	sasl.login.class = null
	sasl.login.connect.timeout.ms = null
	sasl.login.read.timeout.ms = null
	sasl.login.refresh.buffer.seconds = 300
	sasl.login.refresh.min.period.seconds = 60
	sasl.login.refresh.window.factor = 0.8
	sasl.login.refresh.window.jitter = 0.05
	sasl.login.retry.backoff.max.ms = 10000
	sasl.login.retry.backoff.ms = 100
	sasl.mechanism.controller.protocol = GSSAPI
	sasl.mechanism.inter.broker.protocol = GSSAPI
	sasl.oauthbearer.clock.skew.seconds = 30
	sasl.oauthbearer.expected.audience = null
	sasl.oauthbearer.expected.issuer = null
	sasl.oauthbearer.jwks.endpoint.refresh.ms = 3600000
	sasl.oauthbearer.jwks.endpoint.retry.backoff.max.ms = 10000
	sasl.oauthbearer.jwks.endpoint.retry.backoff.ms = 100
	sasl.oauthbearer.jwks.endpoint.url = null
	sasl.oauthbearer.scope.claim.name = scope
	sasl.oauthbearer.sub.claim.name = sub
	sasl.oauthbearer.token.endpoint.url = null
	sasl.server.callback.handler.class = null
	sasl.server.max.receive.size = 524288
	security.inter.broker.protocol = PLAINTEXT
	security.providers = null
	server.max.startup.time.ms = 9223372036854775807
	socket.connection.setup.timeout.max.ms = 30000
	socket.connection.setup.timeout.ms = 10000
	socket.listen.backlog.size = 50
	socket.receive.buffer.bytes = 102400
	socket.request.max.bytes = 104857600
	socket.send.buffer.bytes = 102400
	ssl.allow.dn.changes = false
	ssl.allow.san.changes = false
	ssl.cipher.suites = []
	ssl.client.auth = none
	ssl.enabled.protocols = [TLSv1.2, TLSv1.3]
	ssl.endpoint.identification.algorithm = https
	ssl.engine.factory.class = null
	ssl.key.password = null
	ssl.keymanager.algorithm = SunX509
	ssl.keystore.certificate.chain = null
	ssl.keystore.key = null
	ssl.keystore.location = null
	ssl.keystore.password = null
	ssl.keystore.type = JKS
	ssl.principal.mapping.rules = DEFAULT
	ssl.protocol = TLSv1.3
	ssl.provider = null
	ssl.secure.random.implementation = null
	ssl.trustmanager.algorithm = PKIX
	ssl.truststore.certificates = null
	ssl.truststore.location = null
	ssl.truststore.password = null
	ssl.truststore.type = JKS
	telemetry.max.bytes = 1048576
	transaction.abort.timed.out.transaction.cleanup.interval.ms = 10000
	transaction.max.timeout.ms = 900000
	transaction.partition.verification.enable = true
	transaction.remove.expired.transaction.cleanup.interval.ms = 3600000
	transaction.state.log.load.buffer.size = 5242880
	transaction.state.log.min.isr = 2
	transaction.state.log.num.partitions = 50
	transaction.state.log.replication.factor = 1
	transaction.state.log.segment.bytes = 104857600
	transactional.id.expiration.ms = 604800000
	unclean.leader.election.enable = false
	unstable.api.versions.enable = false
	unstable.feature.versions.enable = true
	zookeeper.clientCnxnSocket = null
	zookeeper.connect = 127.0.0.1:57856
	zookeeper.connection.timeout.ms = 10000
	zookeeper.max.in.flight.requests = 10
	zookeeper.metadata.migration.enable = false
	zookeeper.metadata.migration.min.batch.size = 200
	zookeeper.session.timeout.ms = 18000
	zookeeper.set.acl = false
	zookeeper.ssl.cipher.suites = null
	zookeeper.ssl.client.enable = false
	zookeeper.ssl.crl.enable = false
	zookeeper.ssl.enabled.protocols = null
	zookeeper.ssl.endpoint.identification.algorithm = HTTPS
	zookeeper.ssl.keystore.location = null
	zookeeper.ssl.keystore.password = null
	zookeeper.ssl.keystore.type = null
	zookeeper.ssl.ocsp.enable = false
	zookeeper.ssl.protocol = TLSv1.2
	zookeeper.ssl.truststore.location = null
	zookeeper.ssl.truststore.password = null
	zookeeper.ssl.truststore.type = null

2025-07-28T19:43:39.883+05:30  INFO 5124 --- [apachekafkawithspringboot] [           main] o.a.k.s.l.r.s.RemoteLogManagerConfig     : RemoteLogManagerConfig values: 
	log.local.retention.bytes = -2
	log.local.retention.ms = -2
	remote.fetch.max.wait.ms = 500
	remote.log.index.file.cache.total.size.bytes = 1073741824
	remote.log.manager.copier.thread.pool.size = 10
	remote.log.manager.copy.max.bytes.per.second = 9223372036854775807
	remote.log.manager.copy.quota.window.num = 11
	remote.log.manager.copy.quota.window.size.seconds = 1
	remote.log.manager.expiration.thread.pool.size = 10
	remote.log.manager.fetch.max.bytes.per.second = 9223372036854775807
	remote.log.manager.fetch.quota.window.num = 11
	remote.log.manager.fetch.quota.window.size.seconds = 1
	remote.log.manager.task.interval.ms = 30000
	remote.log.manager.task.retry.backoff.max.ms = 30000
	remote.log.manager.task.retry.backoff.ms = 500
	remote.log.manager.task.retry.jitter = 0.2
	remote.log.manager.thread.pool.size = 10
	remote.log.metadata.custom.metadata.max.bytes = 128
	remote.log.metadata.manager.class.name = org.apache.kafka.server.log.remote.metadata.storage.TopicBasedRemoteLogMetadataManager
	remote.log.metadata.manager.class.path = null
	remote.log.metadata.manager.impl.prefix = rlmm.config.
	remote.log.metadata.manager.listener.name = null
	remote.log.reader.max.pending.tasks = 100
	remote.log.reader.threads = 10
	remote.log.storage.manager.class.name = null
	remote.log.storage.manager.class.path = null
	remote.log.storage.manager.impl.prefix = rsm.config.
	remote.log.storage.system.enable = false

2025-07-28T19:43:39.926+05:30  INFO 5124 --- [apachekafkawithspringboot] [nelReaper-Fetch] lientQuotaManager$ThrottledChannelReaper : [ThrottledChannelReaper-Fetch]: Starting
2025-07-28T19:43:39.927+05:30  INFO 5124 --- [apachekafkawithspringboot] [lReaper-Produce] lientQuotaManager$ThrottledChannelReaper : [ThrottledChannelReaper-Produce]: Starting
2025-07-28T19:43:39.928+05:30  INFO 5124 --- [apachekafkawithspringboot] [lReaper-Request] lientQuotaManager$ThrottledChannelReaper : [ThrottledChannelReaper-Request]: Starting
2025-07-28T19:43:39.932+05:30  INFO 5124 --- [apachekafkawithspringboot] [trollerMutation] lientQuotaManager$ThrottledChannelReaper : [ThrottledChannelReaper-ControllerMutation]: Starting
2025-07-28T19:43:39.945+05:30  INFO 5124 --- [apachekafkawithspringboot] [           main] kafka.server.KafkaServer                 : [KafkaServer id=0] Rewriting C:\Users\HP\AppData\Local\Temp\spring.kafka.3468c56f-6d23-4bfd-bfbc-b5a55719a3d913218803562643434250\meta.properties
2025-07-28T19:43:39.989+05:30  INFO 5124 --- [apachekafkawithspringboot] [ntainer#0-0-C-1] org.apache.kafka.clients.NetworkClient   : [Consumer clientId=consumer-xyz-1, groupId=xyz] Node -1 disconnected.
2025-07-28T19:43:39.990+05:30  WARN 5124 --- [apachekafkawithspringboot] [ntainer#0-0-C-1] org.apache.kafka.clients.NetworkClient   : [Consumer clientId=consumer-xyz-1, groupId=xyz] Connection to node -1 (localhost/127.0.0.1:9092) could not be established. Node may not be available.
2025-07-28T19:43:39.991+05:30  WARN 5124 --- [apachekafkawithspringboot] [ntainer#0-0-C-1] org.apache.kafka.clients.NetworkClient   : [Consumer clientId=consumer-xyz-1, groupId=xyz] Bootstrap broker localhost:9092 (id: -1 rack: null) disconnected
2025-07-28T19:43:40.019+05:30  INFO 5124 --- [apachekafkawithspringboot] [           main] kafka.log.LogManager                     : Loading logs from log dirs ArrayBuffer(C:\Users\HP\AppData\Local\Temp\spring.kafka.3468c56f-6d23-4bfd-bfbc-b5a55719a3d913218803562643434250)
2025-07-28T19:43:40.028+05:30  INFO 5124 --- [apachekafkawithspringboot] [           main] kafka.log.LogManager                     : No logs found to be loaded in C:\Users\HP\AppData\Local\Temp\spring.kafka.3468c56f-6d23-4bfd-bfbc-b5a55719a3d913218803562643434250
2025-07-28T19:43:40.046+05:30  INFO 5124 --- [apachekafkawithspringboot] [           main] kafka.log.LogManager                     : Loaded 0 logs in 25ms
2025-07-28T19:43:40.048+05:30  INFO 5124 --- [apachekafkawithspringboot] [           main] kafka.log.LogManager                     : Starting log cleanup with a period of 300000 ms.
2025-07-28T19:43:40.050+05:30  INFO 5124 --- [apachekafkawithspringboot] [           main] kafka.log.LogManager                     : Starting log flusher with a default period of 9223372036854775807 ms.
2025-07-28T19:43:40.085+05:30  INFO 5124 --- [apachekafkawithspringboot] [           main] kafka.log.LogCleaner                     : Starting the log cleaner
2025-07-28T19:43:40.101+05:30  INFO 5124 --- [apachekafkawithspringboot] [leaner-thread-0] kafka.log.LogCleaner$CleanerThread       : [kafka-log-cleaner-thread-0]: Starting
2025-07-28T19:43:40.141+05:30  INFO 5124 --- [apachekafkawithspringboot] [-process-thread] stener$ChangeNotificationProcessorThread : [feature-zk-node-event-process-thread]: Starting
2025-07-28T19:43:40.156+05:30  INFO 5124 --- [apachekafkawithspringboot] [-process-thread] k.server.FinalizedFeatureChangeListener  : Feature ZK node at path: /feature does not exist
2025-07-28T19:43:40.179+05:30  INFO 5124 --- [apachekafkawithspringboot] [channel-manager] k.server.NodeToControllerRequestThread   : [zk-broker-0-to-controller-forwarding-channel-manager]: Starting
2025-07-28T19:43:40.195+05:30  INFO 5124 --- [apachekafkawithspringboot] [ntainer#1-0-C-1] org.apache.kafka.clients.NetworkClient   : [Consumer clientId=consumer-xyz-2, groupId=xyz] Node -1 disconnected.
2025-07-28T19:43:40.196+05:30  WARN 5124 --- [apachekafkawithspringboot] [ntainer#1-0-C-1] org.apache.kafka.clients.NetworkClient   : [Consumer clientId=consumer-xyz-2, groupId=xyz] Connection to node -1 (localhost/127.0.0.1:9092) could not be established. Node may not be available.
2025-07-28T19:43:40.196+05:30  WARN 5124 --- [apachekafkawithspringboot] [ntainer#1-0-C-1] org.apache.kafka.clients.NetworkClient   : [Consumer clientId=consumer-xyz-2, groupId=xyz] Bootstrap broker localhost:9092 (id: -1 rack: null) disconnected
2025-07-28T19:43:40.479+05:30  INFO 5124 --- [apachekafkawithspringboot] [           main] kafka.network.ConnectionQuotas           : Updated connection-accept-rate max connection creation rate to 2147483647
2025-07-28T19:43:40.522+05:30  INFO 5124 --- [apachekafkawithspringboot] [           main] kafka.network.SocketServer               : [SocketServer listenerType=ZK_BROKER, nodeId=0] Created data-plane acceptor and processors for endpoint : ListenerName(PLAINTEXT)
2025-07-28T19:43:40.532+05:30  INFO 5124 --- [apachekafkawithspringboot] [channel-manager] k.server.NodeToControllerRequestThread   : [zk-broker-0-to-controller-alter-partition-channel-manager]: Starting
2025-07-28T19:43:40.580+05:30  INFO 5124 --- [apachekafkawithspringboot] [eaper-0-Produce] perationPurgatory$ExpiredOperationReaper : [ExpirationReaper-0-Produce]: Starting
2025-07-28T19:43:40.582+05:30  INFO 5124 --- [apachekafkawithspringboot] [nReaper-0-Fetch] perationPurgatory$ExpiredOperationReaper : [ExpirationReaper-0-Fetch]: Starting
2025-07-28T19:43:40.583+05:30  INFO 5124 --- [apachekafkawithspringboot] [0-DeleteRecords] perationPurgatory$ExpiredOperationReaper : [ExpirationReaper-0-DeleteRecords]: Starting
2025-07-28T19:43:40.584+05:30  INFO 5124 --- [apachekafkawithspringboot] [r-0-ElectLeader] perationPurgatory$ExpiredOperationReaper : [ExpirationReaper-0-ElectLeader]: Starting
2025-07-28T19:43:40.586+05:30  INFO 5124 --- [apachekafkawithspringboot] [r-0-RemoteFetch] perationPurgatory$ExpiredOperationReaper : [ExpirationReaper-0-RemoteFetch]: Starting
2025-07-28T19:43:40.610+05:30  INFO 5124 --- [apachekafkawithspringboot] [rFailureHandler] k.s.ReplicaManager$LogDirFailureHandler  : [LogDirFailureHandler]: Starting
2025-07-28T19:43:40.610+05:30  INFO 5124 --- [apachekafkawithspringboot] [nSenderThread-0] kafka.server.AddPartitionsToTxnManager   : [AddPartitionsToTxnSenderThread-0]: Starting
2025-07-28T19:43:40.650+05:30  INFO 5124 --- [apachekafkawithspringboot] [           main] kafka.zk.KafkaZkClient                   : Creating /brokers/ids/0 (is it secure? false)
2025-07-28T19:43:40.687+05:30  INFO 5124 --- [apachekafkawithspringboot] [           main] kafka.zk.KafkaZkClient                   : Stat of the created znode at /brokers/ids/0 is: 25,25,1753712020677,1753712020677,1,0,0,72103950943387648,202,0,25

2025-07-28T19:43:40.689+05:30  INFO 5124 --- [apachekafkawithspringboot] [           main] kafka.zk.KafkaZkClient                   : Registered broker 0 at path /brokers/ids/0 with addresses: PLAINTEXT://localhost:9092, czxid (broker epoch): 25
2025-07-28T19:43:40.782+05:30  INFO 5124 --- [apachekafkawithspringboot] [er-event-thread] rollerEventManager$ControllerEventThread : [ControllerEventThread controllerId=0] Starting
2025-07-28T19:43:40.799+05:30  INFO 5124 --- [apachekafkawithspringboot] [nReaper-0-topic] perationPurgatory$ExpiredOperationReaper : [ExpirationReaper-0-topic]: Starting
2025-07-28T19:43:40.822+05:30  INFO 5124 --- [apachekafkawithspringboot] [per-0-Heartbeat] perationPurgatory$ExpiredOperationReaper : [ExpirationReaper-0-Heartbeat]: Starting
2025-07-28T19:43:40.825+05:30  INFO 5124 --- [apachekafkawithspringboot] [per-0-Rebalance] perationPurgatory$ExpiredOperationReaper : [ExpirationReaper-0-Rebalance]: Starting
2025-07-28T19:43:40.825+05:30  INFO 5124 --- [apachekafkawithspringboot] [er-event-thread] kafka.zk.KafkaZkClient                   : Successfully created /controller_epoch with initial epoch 0
2025-07-28T19:43:40.836+05:30  INFO 5124 --- [apachekafkawithspringboot] [er-event-thread] kafka.controller.KafkaController         : [Controller id=0] 0 successfully elected as the controller. Epoch incremented to 1 and epoch zk version is now 1
2025-07-28T19:43:40.842+05:30  INFO 5124 --- [apachekafkawithspringboot] [er-event-thread] kafka.controller.KafkaController         : [Controller id=0] Creating FeatureZNode at path: /feature with contents: FeatureZNode(2,Enabled,Map())
2025-07-28T19:43:40.847+05:30  INFO 5124 --- [apachekafkawithspringboot] [ain-EventThread] k.server.FinalizedFeatureChangeListener  : Feature ZK node created at path: /feature
2025-07-28T19:43:40.862+05:30  INFO 5124 --- [apachekafkawithspringboot] [           main] k.coordinator.group.GroupCoordinator     : [GroupCoordinator 0]: Starting up.
2025-07-28T19:43:40.872+05:30  INFO 5124 --- [apachekafkawithspringboot] [           main] k.coordinator.group.GroupCoordinator     : [GroupCoordinator 0]: Startup complete.
2025-07-28T19:43:40.914+05:30  INFO 5124 --- [apachekafkawithspringboot] [-process-thread] kafka.server.metadata.ZkMetadataCache    : [MetadataCache brokerId=0] Updated cache from existing None to latest Features(metadataVersion=3.8-IV0, finalizedFeatures={}, finalizedFeaturesEpoch=0).
2025-07-28T19:43:40.917+05:30  INFO 5124 --- [apachekafkawithspringboot] [er-event-thread] kafka.controller.KafkaController         : [Controller id=0] Registering handlers
2025-07-28T19:43:40.929+05:30  INFO 5124 --- [apachekafkawithspringboot] [er-event-thread] kafka.controller.KafkaController         : [Controller id=0] Deleting log dir event notifications
2025-07-28T19:43:40.934+05:30  INFO 5124 --- [apachekafkawithspringboot] [er-event-thread] kafka.controller.KafkaController         : [Controller id=0] Deleting isr change notifications
2025-07-28T19:43:40.941+05:30  INFO 5124 --- [apachekafkawithspringboot] [er-event-thread] kafka.controller.KafkaController         : [Controller id=0] Initializing controller context
2025-07-28T19:43:40.946+05:30  INFO 5124 --- [apachekafkawithspringboot] [           main] k.c.transaction.TransactionCoordinator   : [TransactionCoordinator id=0] Starting up.
2025-07-28T19:43:40.954+05:30  INFO 5124 --- [apachekafkawithspringboot] [           main] k.c.transaction.TransactionCoordinator   : [TransactionCoordinator id=0] Startup complete.
2025-07-28T19:43:40.992+05:30  INFO 5124 --- [apachekafkawithspringboot] [rSenderThread-0] k.c.t.TransactionMarkerChannelManager    : [TxnMarkerSenderThread-0]: Starting
2025-07-28T19:43:41.004+05:30  INFO 5124 --- [apachekafkawithspringboot] [er-event-thread] kafka.controller.KafkaController         : [Controller id=0] Initialized broker epochs cache: HashMap(0 -> 25)
2025-07-28T19:43:41.049+05:30  INFO 5124 --- [apachekafkawithspringboot] [ntainer#0-0-C-1] org.apache.kafka.clients.NetworkClient   : [Consumer clientId=consumer-xyz-1, groupId=xyz] Node -1 disconnected.
2025-07-28T19:43:41.049+05:30  WARN 5124 --- [apachekafkawithspringboot] [ntainer#0-0-C-1] org.apache.kafka.clients.NetworkClient   : [Consumer clientId=consumer-xyz-1, groupId=xyz] Connection to node -1 (localhost/127.0.0.1:9092) could not be established. Node may not be available.
2025-07-28T19:43:41.049+05:30  WARN 5124 --- [apachekafkawithspringboot] [ntainer#0-0-C-1] org.apache.kafka.clients.NetworkClient   : [Consumer clientId=consumer-xyz-1, groupId=xyz] Bootstrap broker localhost:9092 (id: -1 rack: null) disconnected
2025-07-28T19:43:41.065+05:30  INFO 5124 --- [apachekafkawithspringboot] [er-event-thread] kafka.controller.KafkaController         : [Controller id=0] Currently active brokers in the cluster: Set(0)
2025-07-28T19:43:41.067+05:30  INFO 5124 --- [apachekafkawithspringboot] [er-event-thread] kafka.controller.KafkaController         : [Controller id=0] Currently shutting brokers in the cluster: HashSet()
2025-07-28T19:43:41.068+05:30  INFO 5124 --- [apachekafkawithspringboot] [er-event-thread] kafka.controller.KafkaController         : [Controller id=0] Current list of topics in the cluster: HashSet()
2025-07-28T19:43:41.069+05:30  INFO 5124 --- [apachekafkawithspringboot] [r-0-send-thread] kafka.controller.RequestSendThread       : [RequestSendThread controllerId=0] Starting
2025-07-28T19:43:41.069+05:30  INFO 5124 --- [apachekafkawithspringboot] [er-event-thread] kafka.controller.KafkaController         : [Controller id=0] Fetching topic deletions in progress
2025-07-28T19:43:41.077+05:30  INFO 5124 --- [apachekafkawithspringboot] [er-event-thread] kafka.controller.KafkaController         : [Controller id=0] List of topics to be deleted: 
2025-07-28T19:43:41.080+05:30  INFO 5124 --- [apachekafkawithspringboot] [er-event-thread] kafka.controller.KafkaController         : [Controller id=0] List of topics ineligible for deletion: 
2025-07-28T19:43:41.081+05:30  INFO 5124 --- [apachekafkawithspringboot] [er-event-thread] kafka.controller.KafkaController         : [Controller id=0] Initializing topic deletion manager
2025-07-28T19:43:41.082+05:30  INFO 5124 --- [apachekafkawithspringboot] [er-event-thread] kafka.controller.TopicDeletionManager    : [Topic Deletion Manager 0] Initializing manager with initial deletions: Set(), initial ineligible deletions: HashSet()
2025-07-28T19:43:41.086+05:30  INFO 5124 --- [apachekafkawithspringboot] [er-event-thread] kafka.controller.KafkaController         : [Controller id=0] Sending update metadata request
2025-07-28T19:43:41.098+05:30  INFO 5124 --- [apachekafkawithspringboot] [er-event-thread] state.change.logger                      : [Controller id=0 epoch=1] Sending UpdateMetadata request to brokers HashSet(0) for 0 partitions
2025-07-28T19:43:41.116+05:30  INFO 5124 --- [apachekafkawithspringboot] [r-0-send-thread] org.apache.kafka.clients.NetworkClient   : [Controller id=0, targetBrokerId=0] Node 0 disconnected.
2025-07-28T19:43:41.117+05:30  WARN 5124 --- [apachekafkawithspringboot] [r-0-send-thread] org.apache.kafka.clients.NetworkClient   : [Controller id=0, targetBrokerId=0] Connection to node 0 (localhost/127.0.0.1:9092) could not be established. Node may not be available.
2025-07-28T19:43:41.117+05:30  INFO 5124 --- [apachekafkawithspringboot] [er-event-thread] kafka.controller.ZkReplicaStateMachine   : [ReplicaStateMachine controllerId=0] Initializing replica state
2025-07-28T19:43:41.119+05:30  INFO 5124 --- [apachekafkawithspringboot] [er-event-thread] kafka.controller.ZkReplicaStateMachine   : [ReplicaStateMachine controllerId=0] Triggering online replica state changes
2025-07-28T19:43:41.121+05:30  WARN 5124 --- [apachekafkawithspringboot] [r-0-send-thread] kafka.controller.RequestSendThread       : [RequestSendThread controllerId=0] Controller 0's connection to broker localhost:9092 (id: 0 rack: null) was unsuccessful

java.io.IOException: Connection to localhost:9092 (id: 0 rack: null) failed.
	at org.apache.kafka.clients.NetworkClientUtils.awaitReady(NetworkClientUtils.java:71) ~[kafka-clients-3.8.1.jar:na]
	at kafka.controller.RequestSendThread.brokerReady(ControllerChannelManager.scala:299) ~[kafka_2.13-3.8.1.jar:na]
	at kafka.controller.RequestSendThread.doWork(ControllerChannelManager.scala:252) ~[kafka_2.13-3.8.1.jar:na]
	at org.apache.kafka.server.util.ShutdownableThread.run(ShutdownableThread.java:135) ~[kafka-server-common-3.8.1.jar:na]

2025-07-28T19:43:41.132+05:30  INFO 5124 --- [apachekafkawithspringboot] [r-0-send-thread] org.apache.kafka.clients.NetworkClient   : [Controller id=0, targetBrokerId=0] Client requested connection close from node 0
2025-07-28T19:43:41.133+05:30  INFO 5124 --- [apachekafkawithspringboot] [er-event-thread] kafka.controller.ZkReplicaStateMachine   : [ReplicaStateMachine controllerId=0] Triggering offline replica state changes
2025-07-28T19:43:41.134+05:30  INFO 5124 --- [apachekafkawithspringboot] [er-event-thread] k.controller.ZkPartitionStateMachine     : [PartitionStateMachine controllerId=0] Initializing partition state
2025-07-28T19:43:41.138+05:30  INFO 5124 --- [apachekafkawithspringboot] [er-event-thread] k.controller.ZkPartitionStateMachine     : [PartitionStateMachine controllerId=0] Triggering online partition state changes
2025-07-28T19:43:41.149+05:30  INFO 5124 --- [apachekafkawithspringboot] [er-event-thread] kafka.controller.KafkaController         : [Controller id=0] Ready to serve as the new controller with epoch 1
2025-07-28T19:43:41.162+05:30  INFO 5124 --- [apachekafkawithspringboot] [er-event-thread] kafka.controller.KafkaController         : [Controller id=0] Partitions undergoing preferred replica election: 
2025-07-28T19:43:41.163+05:30  INFO 5124 --- [apachekafkawithspringboot] [er-event-thread] kafka.controller.KafkaController         : [Controller id=0] Partitions that completed preferred replica election: 
2025-07-28T19:43:41.164+05:30  INFO 5124 --- [apachekafkawithspringboot] [er-event-thread] kafka.controller.KafkaController         : [Controller id=0] Skipping preferred replica election for partitions due to topic deletion: 
2025-07-28T19:43:41.165+05:30  INFO 5124 --- [apachekafkawithspringboot] [er-event-thread] kafka.controller.KafkaController         : [Controller id=0] Resuming preferred replica election for partitions: 
2025-07-28T19:43:41.168+05:30  INFO 5124 --- [apachekafkawithspringboot] [er-event-thread] kafka.controller.KafkaController         : [Controller id=0] Starting replica leader election (PREFERRED) for partitions  triggered by ZkTriggered
2025-07-28T19:43:41.147+05:30  INFO 5124 --- [apachekafkawithspringboot] [per-0-AlterAcls] perationPurgatory$ExpiredOperationReaper : [ExpirationReaper-0-AlterAcls]: Starting
2025-07-28T19:43:41.203+05:30  INFO 5124 --- [apachekafkawithspringboot] [er-event-thread] kafka.controller.KafkaController         : [Controller id=0] Starting the controller scheduler
2025-07-28T19:43:41.225+05:30  INFO 5124 --- [apachekafkawithspringboot] [ntainer#1-0-C-1] org.apache.kafka.clients.NetworkClient   : [Consumer clientId=consumer-xyz-2, groupId=xyz] Node -1 disconnected.
2025-07-28T19:43:41.226+05:30  WARN 5124 --- [apachekafkawithspringboot] [ntainer#1-0-C-1] org.apache.kafka.clients.NetworkClient   : [Consumer clientId=consumer-xyz-2, groupId=xyz] Connection to node -1 (localhost/127.0.0.1:9092) could not be established. Node may not be available.
2025-07-28T19:43:41.227+05:30  WARN 5124 --- [apachekafkawithspringboot] [ntainer#1-0-C-1] org.apache.kafka.clients.NetworkClient   : [Consumer clientId=consumer-xyz-2, groupId=xyz] Bootstrap broker localhost:9092 (id: -1 rack: null) disconnected
2025-07-28T19:43:41.231+05:30  INFO 5124 --- [apachekafkawithspringboot] [-process-thread] icationListener$ChangeEventProcessThread : [/config/changes-event-process-thread]: Starting
2025-07-28T19:43:41.241+05:30  INFO 5124 --- [apachekafkawithspringboot] [r-0-send-thread] org.apache.kafka.clients.NetworkClient   : [Controller id=0, targetBrokerId=0] Node 0 disconnected.
2025-07-28T19:43:41.243+05:30  WARN 5124 --- [apachekafkawithspringboot] [r-0-send-thread] org.apache.kafka.clients.NetworkClient   : [Controller id=0, targetBrokerId=0] Connection to node 0 (localhost/127.0.0.1:9092) could not be established. Node may not be available.
2025-07-28T19:43:41.246+05:30  WARN 5124 --- [apachekafkawithspringboot] [r-0-send-thread] kafka.controller.RequestSendThread       : [RequestSendThread controllerId=0] Controller 0's connection to broker localhost:9092 (id: 0 rack: null) was unsuccessful

java.io.IOException: Connection to localhost:9092 (id: 0 rack: null) failed.
	at org.apache.kafka.clients.NetworkClientUtils.awaitReady(NetworkClientUtils.java:71) ~[kafka-clients-3.8.1.jar:na]
	at kafka.controller.RequestSendThread.brokerReady(ControllerChannelManager.scala:299) ~[kafka_2.13-3.8.1.jar:na]
	at kafka.controller.RequestSendThread.doWork(ControllerChannelManager.scala:252) ~[kafka_2.13-3.8.1.jar:na]
	at org.apache.kafka.server.util.ShutdownableThread.run(ShutdownableThread.java:135) ~[kafka-server-common-3.8.1.jar:na]

2025-07-28T19:43:41.249+05:30  INFO 5124 --- [apachekafkawithspringboot] [r-0-send-thread] org.apache.kafka.clients.NetworkClient   : [Controller id=0, targetBrokerId=0] Client requested connection close from node 0
2025-07-28T19:43:41.259+05:30  INFO 5124 --- [apachekafkawithspringboot] [           main] kafka.network.SocketServer               : [SocketServer listenerType=ZK_BROKER, nodeId=0] Enabling request processing.
2025-07-28T19:43:41.263+05:30  INFO 5124 --- [apachekafkawithspringboot] [           main] kafka.network.DataPlaneAcceptor          : Awaiting socket connections on localhost:9092.
2025-07-28T19:43:41.270+05:30  INFO 5124 --- [apachekafkawithspringboot] [           main] kafka.server.KafkaServer                 : [KafkaServer id=0] Start processing authorizer futures
2025-07-28T19:43:41.271+05:30  INFO 5124 --- [apachekafkawithspringboot] [           main] kafka.server.KafkaServer                 : [KafkaServer id=0] End processing authorizer futures
2025-07-28T19:43:41.272+05:30  INFO 5124 --- [apachekafkawithspringboot] [           main] kafka.server.KafkaServer                 : [KafkaServer id=0] Start processing enable request processing future
2025-07-28T19:43:41.274+05:30  INFO 5124 --- [apachekafkawithspringboot] [           main] kafka.server.KafkaServer                 : [KafkaServer id=0] End processing enable request processing future
2025-07-28T19:43:41.275+05:30  INFO 5124 --- [apachekafkawithspringboot] [           main] o.a.kafka.common.utils.AppInfoParser     : Kafka version: 3.8.1
2025-07-28T19:43:41.275+05:30  INFO 5124 --- [apachekafkawithspringboot] [           main] o.a.kafka.common.utils.AppInfoParser     : Kafka commitId: 70d6ff42debf7e17
2025-07-28T19:43:41.275+05:30  INFO 5124 --- [apachekafkawithspringboot] [           main] o.a.kafka.common.utils.AppInfoParser     : Kafka startTimeMs: 1753712021275
2025-07-28T19:43:41.276+05:30  INFO 5124 --- [apachekafkawithspringboot] [           main] kafka.server.KafkaServer                 : [KafkaServer id=0] started
2025-07-28T19:43:41.286+05:30  INFO 5124 --- [apachekafkawithspringboot] [           main] o.a.k.clients.admin.AdminClientConfig    : AdminClientConfig values: 
	auto.include.jmx.reporter = true
	bootstrap.controllers = []
	bootstrap.servers = [127.0.0.1:9092]
	client.dns.lookup = use_all_dns_ips
	client.id = 
	connections.max.idle.ms = 300000
	default.api.timeout.ms = 60000
	enable.metrics.push = true
	metadata.max.age.ms = 300000
	metadata.recovery.strategy = none
	metric.reporters = []
	metrics.num.samples = 2
	metrics.recording.level = INFO
	metrics.sample.window.ms = 30000
	receive.buffer.bytes = 65536
	reconnect.backoff.max.ms = 1000
	reconnect.backoff.ms = 50
	request.timeout.ms = 30000
	retries = 2147483647
	retry.backoff.max.ms = 1000
	retry.backoff.ms = 100
	sasl.client.callback.handler.class = null
	sasl.jaas.config = null
	sasl.kerberos.kinit.cmd = /usr/bin/kinit
	sasl.kerberos.min.time.before.relogin = 60000
	sasl.kerberos.service.name = null
	sasl.kerberos.ticket.renew.jitter = 0.05
	sasl.kerberos.ticket.renew.window.factor = 0.8
	sasl.login.callback.handler.class = null
	sasl.login.class = null
	sasl.login.connect.timeout.ms = null
	sasl.login.read.timeout.ms = null
	sasl.login.refresh.buffer.seconds = 300
	sasl.login.refresh.min.period.seconds = 60
	sasl.login.refresh.window.factor = 0.8
	sasl.login.refresh.window.jitter = 0.05
	sasl.login.retry.backoff.max.ms = 10000
	sasl.login.retry.backoff.ms = 100
	sasl.mechanism = GSSAPI
	sasl.oauthbearer.clock.skew.seconds = 30
	sasl.oauthbearer.expected.audience = null
	sasl.oauthbearer.expected.issuer = null
	sasl.oauthbearer.jwks.endpoint.refresh.ms = 3600000
	sasl.oauthbearer.jwks.endpoint.retry.backoff.max.ms = 10000
	sasl.oauthbearer.jwks.endpoint.retry.backoff.ms = 100
	sasl.oauthbearer.jwks.endpoint.url = null
	sasl.oauthbearer.scope.claim.name = scope
	sasl.oauthbearer.sub.claim.name = sub
	sasl.oauthbearer.token.endpoint.url = null
	security.protocol = PLAINTEXT
	security.providers = null
	send.buffer.bytes = 131072
	socket.connection.setup.timeout.max.ms = 30000
	socket.connection.setup.timeout.ms = 10000
	ssl.cipher.suites = null
	ssl.enabled.protocols = [TLSv1.2, TLSv1.3]
	ssl.endpoint.identification.algorithm = https
	ssl.engine.factory.class = null
	ssl.key.password = null
	ssl.keymanager.algorithm = SunX509
	ssl.keystore.certificate.chain = null
	ssl.keystore.key = null
	ssl.keystore.location = null
	ssl.keystore.password = null
	ssl.keystore.type = JKS
	ssl.protocol = TLSv1.3
	ssl.provider = null
	ssl.secure.random.implementation = null
	ssl.trustmanager.algorithm = PKIX
	ssl.truststore.certificates = null
	ssl.truststore.location = null
	ssl.truststore.password = null
	ssl.truststore.type = JKS

2025-07-28T19:43:41.339+05:30  INFO 5124 --- [apachekafkawithspringboot] [           main] o.a.kafka.common.utils.AppInfoParser     : Kafka version: 3.8.1
2025-07-28T19:43:41.340+05:30  INFO 5124 --- [apachekafkawithspringboot] [           main] o.a.kafka.common.utils.AppInfoParser     : Kafka commitId: 70d6ff42debf7e17
2025-07-28T19:43:41.340+05:30  INFO 5124 --- [apachekafkawithspringboot] [           main] o.a.kafka.common.utils.AppInfoParser     : Kafka startTimeMs: 1753712021339
2025-07-28T19:43:41.361+05:30  INFO 5124 --- [apachekafkawithspringboot] [r-0-send-thread] kafka.controller.RequestSendThread       : [RequestSendThread controllerId=0] Controller 0 connected to localhost:9092 (id: 0 rack: null) for sending state change requests
2025-07-28T19:43:41.437+05:30  INFO 5124 --- [apachekafkawithspringboot] [channel-manager] k.server.NodeToControllerRequestThread   : [zk-broker-0-to-controller-forwarding-channel-manager]: Recorded new ZK controller, from now on will use node localhost:9092 (id: 0 rack: null)
2025-07-28T19:43:41.501+05:30  INFO 5124 --- [apachekafkawithspringboot] [channel-manager] k.server.NodeToControllerRequestThread   : [zk-broker-0-to-controller-alter-partition-channel-manager]: Recorded new ZK controller, from now on will use node localhost:9092 (id: 0 rack: null)
2025-07-28T19:43:41.554+05:30  INFO 5124 --- [apachekafkawithspringboot] [quest-handler-0] kafka.zk.AdminZkClient                   : Creating topic myKafkaTest with configuration {} and initial partition assignment HashMap(0 -> ArrayBuffer(0))
2025-07-28T19:43:41.591+05:30  INFO 5124 --- [apachekafkawithspringboot] [er-event-thread] kafka.controller.KafkaController         : [Controller id=0] New topics: [Set(myKafkaTest)], deleted topics: [HashSet()], new partition replica assignment [Set(TopicIdReplicaAssignment(myKafkaTest,Some(fzXkHqoQRvi6NkVQS2S8tw),Map(myKafkaTest-0 -> ReplicaAssignment(replicas=0, addingReplicas=, removingReplicas=))))]
2025-07-28T19:43:41.593+05:30  INFO 5124 --- [apachekafkawithspringboot] [er-event-thread] kafka.controller.KafkaController         : [Controller id=0] New partition creation callback for myKafkaTest-0
2025-07-28T19:43:41.600+05:30  INFO 5124 --- [apachekafkawithspringboot] [er-event-thread] state.change.logger                      : [Controller id=0 epoch=1] Changed partition myKafkaTest-0 state from NonExistentPartition to NewPartition with assigned replicas 0
2025-07-28T19:43:41.600+05:30  INFO 5124 --- [apachekafkawithspringboot] [er-event-thread] state.change.logger                      : [Controller id=0 epoch=1] Sending UpdateMetadata request to brokers HashSet() for 0 partitions
2025-07-28T19:43:41.613+05:30  INFO 5124 --- [apachekafkawithspringboot] [er-event-thread] state.change.logger                      : [Controller id=0 epoch=1] Sending UpdateMetadata request to brokers HashSet() for 0 partitions
2025-07-28T19:43:41.654+05:30  INFO 5124 --- [apachekafkawithspringboot] [er-event-thread] state.change.logger                      : [Controller id=0 epoch=1] Changed partition myKafkaTest-0 from NewPartition to OnlinePartition with state LeaderAndIsr(leader=0, leaderEpoch=0, isrWithBrokerEpoch=List(BrokerState(brokerId=0, brokerEpoch=-1)), leaderRecoveryState=RECOVERED, partitionEpoch=0)
2025-07-28T19:43:41.658+05:30  INFO 5124 --- [apachekafkawithspringboot] [er-event-thread] state.change.logger                      : [Controller id=0 epoch=1] Sending LeaderAndIsr request to broker 0 with 1 become-leader and 0 become-follower partitions
2025-07-28T19:43:41.661+05:30  INFO 5124 --- [apachekafkawithspringboot] [er-event-thread] state.change.logger                      : [Controller id=0 epoch=1] Sending UpdateMetadata request to brokers HashSet(0) for 1 partitions
2025-07-28T19:43:41.663+05:30  INFO 5124 --- [apachekafkawithspringboot] [er-event-thread] state.change.logger                      : [Controller id=0 epoch=1] Sending UpdateMetadata request to brokers HashSet() for 0 partitions
2025-07-28T19:43:41.670+05:30  INFO 5124 --- [apachekafkawithspringboot] [quest-handler-3] state.change.logger                      : [Broker id=0] Handling LeaderAndIsr request correlationId 1 from controller 0 for 1 partitions
2025-07-28T19:43:41.701+05:30  INFO 5124 --- [apachekafkawithspringboot] [quest-handler-3] kafka.server.ReplicaFetcherManager       : [ReplicaFetcherManager on broker 0] Removed fetcher for partitions Set(myKafkaTest-0)
2025-07-28T19:43:41.722+05:30  INFO 5124 --- [apachekafkawithspringboot] [quest-handler-3] state.change.logger                      : [Broker id=0] Stopped fetchers as part of LeaderAndIsr request correlationId 1 from controller 0 epoch 1 as part of the become-leader transition for 1 partitions
2025-07-28T19:43:41.808+05:30  INFO 5124 --- [apachekafkawithspringboot] [quest-handler-3] kafka.log.UnifiedLog$                    : [LogLoader partition=myKafkaTest-0, dir=C:\Users\HP\AppData\Local\Temp\spring.kafka.3468c56f-6d23-4bfd-bfbc-b5a55719a3d913218803562643434250] Loading producer state till offset 0 with message format version 2
2025-07-28T19:43:41.828+05:30  INFO 5124 --- [apachekafkawithspringboot] [quest-handler-3] kafka.log.LogManager                     : Created log for partition myKafkaTest-0 in C:\Users\HP\AppData\Local\Temp\spring.kafka.3468c56f-6d23-4bfd-bfbc-b5a55719a3d913218803562643434250\myKafkaTest-0 with properties {}
2025-07-28T19:43:41.831+05:30  INFO 5124 --- [apachekafkawithspringboot] [quest-handler-3] kafka.cluster.Partition                  : [Partition myKafkaTest-0 broker=0] No checkpointed highwatermark is found for partition myKafkaTest-0
2025-07-28T19:43:41.834+05:30  INFO 5124 --- [apachekafkawithspringboot] [quest-handler-3] kafka.cluster.Partition                  : [Partition myKafkaTest-0 broker=0] Log loaded for partition myKafkaTest-0 with initial high watermark 0
2025-07-28T19:43:41.838+05:30  INFO 5124 --- [apachekafkawithspringboot] [quest-handler-3] state.change.logger                      : [Broker id=0] Leader myKafkaTest-0 with topic id Some(fzXkHqoQRvi6NkVQS2S8tw) starts at leader epoch 0 from offset 0 with partition epoch 0, high watermark 0, ISR [0], adding replicas [] and removing replicas [] . Previous leader None and previous leader epoch was -1.
2025-07-28T19:43:41.861+05:30  INFO 5124 --- [apachekafkawithspringboot] [quest-handler-3] state.change.logger                      : [Broker id=0] Finished LeaderAndIsr request in 194ms correlationId 1 from controller 0 for 1 partitions
2025-07-28T19:43:41.872+05:30  INFO 5124 --- [apachekafkawithspringboot] [quest-handler-0] state.change.logger                      : [Broker id=0] Add 1 partitions and deleted 0 partitions from metadata cache in response to UpdateMetadata request sent by controller 0 epoch 1 with correlation id 2
2025-07-28T19:43:41.882+05:30  INFO 5124 --- [apachekafkawithspringboot] [| adminclient-1] o.a.kafka.common.utils.AppInfoParser     : App info kafka.admin.client for adminclient-1 unregistered
2025-07-28T19:43:41.886+05:30  INFO 5124 --- [apachekafkawithspringboot] [| adminclient-1] o.apache.kafka.common.metrics.Metrics    : Metrics scheduler closed
2025-07-28T19:43:41.886+05:30  INFO 5124 --- [apachekafkawithspringboot] [| adminclient-1] o.apache.kafka.common.metrics.Metrics    : Closing reporter org.apache.kafka.common.metrics.JmxReporter
2025-07-28T19:43:41.886+05:30  INFO 5124 --- [apachekafkawithspringboot] [| adminclient-1] o.apache.kafka.common.metrics.Metrics    : Metrics reporters closed
2025-07-28T19:43:41.889+05:30  INFO 5124 --- [apachekafkawithspringboot] [           main] c.e.demo.consumer.MessageConsumerTest    : Starting MessageConsumerTest using Java 17.0.12 with PID 5124 (started by HP in E:\codebase\Repo1\apachekafkawithspringboot)
2025-07-28T19:43:41.890+05:30  INFO 5124 --- [apachekafkawithspringboot] [           main] c.e.demo.consumer.MessageConsumerTest    : No active profile set, falling back to 1 default profile: "default"
2025-07-28T19:43:42.127+05:30  INFO 5124 --- [apachekafkawithspringboot] [ntainer#0-0-C-1] org.apache.kafka.clients.Metadata        : [Consumer clientId=consumer-xyz-1, groupId=xyz] Cluster ID: Ka3qcMujQviSsMmrNL_Tgw
2025-07-28T19:43:42.148+05:30  INFO 5124 --- [apachekafkawithspringboot] [quest-handler-2] kafka.zk.AdminZkClient                   : Creating topic __consumer_offsets with configuration {compression.type=producer, cleanup.policy=compact, segment.bytes=104857600} and initial partition assignment HashMap(0 -> ArrayBuffer(0), 1 -> ArrayBuffer(0), 2 -> ArrayBuffer(0), 3 -> ArrayBuffer(0), 4 -> ArrayBuffer(0))
2025-07-28T19:43:42.173+05:30  INFO 5124 --- [apachekafkawithspringboot] [er-event-thread] kafka.controller.KafkaController         : [Controller id=0] New topics: [Set(__consumer_offsets)], deleted topics: [HashSet()], new partition replica assignment [Set(TopicIdReplicaAssignment(__consumer_offsets,Some(EcfgS3iqSWK5d_Xr3s5EWw),HashMap(__consumer_offsets-4 -> ReplicaAssignment(replicas=0, addingReplicas=, removingReplicas=), __consumer_offsets-3 -> ReplicaAssignment(replicas=0, addingReplicas=, removingReplicas=), __consumer_offsets-2 -> ReplicaAssignment(replicas=0, addingReplicas=, removingReplicas=), __consumer_offsets-0 -> ReplicaAssignment(replicas=0, addingReplicas=, removingReplicas=), __consumer_offsets-1 -> ReplicaAssignment(replicas=0, addingReplicas=, removingReplicas=))))]
2025-07-28T19:43:42.175+05:30  INFO 5124 --- [apachekafkawithspringboot] [er-event-thread] kafka.controller.KafkaController         : [Controller id=0] New partition creation callback for __consumer_offsets-4,__consumer_offsets-3,__consumer_offsets-2,__consumer_offsets-0,__consumer_offsets-1
2025-07-28T19:43:42.176+05:30  INFO 5124 --- [apachekafkawithspringboot] [er-event-thread] state.change.logger                      : [Controller id=0 epoch=1] Changed partition __consumer_offsets-4 state from NonExistentPartition to NewPartition with assigned replicas 0
2025-07-28T19:43:42.176+05:30  INFO 5124 --- [apachekafkawithspringboot] [er-event-thread] state.change.logger                      : [Controller id=0 epoch=1] Changed partition __consumer_offsets-3 state from NonExistentPartition to NewPartition with assigned replicas 0
2025-07-28T19:43:42.176+05:30  INFO 5124 --- [apachekafkawithspringboot] [er-event-thread] state.change.logger                      : [Controller id=0 epoch=1] Changed partition __consumer_offsets-2 state from NonExistentPartition to NewPartition with assigned replicas 0
2025-07-28T19:43:42.177+05:30  INFO 5124 --- [apachekafkawithspringboot] [er-event-thread] state.change.logger                      : [Controller id=0 epoch=1] Changed partition __consumer_offsets-0 state from NonExistentPartition to NewPartition with assigned replicas 0
2025-07-28T19:43:42.177+05:30  INFO 5124 --- [apachekafkawithspringboot] [er-event-thread] state.change.logger                      : [Controller id=0 epoch=1] Changed partition __consumer_offsets-1 state from NonExistentPartition to NewPartition with assigned replicas 0
2025-07-28T19:43:42.177+05:30  INFO 5124 --- [apachekafkawithspringboot] [er-event-thread] state.change.logger                      : [Controller id=0 epoch=1] Sending UpdateMetadata request to brokers HashSet() for 0 partitions
2025-07-28T19:43:42.178+05:30  INFO 5124 --- [apachekafkawithspringboot] [er-event-thread] state.change.logger                      : [Controller id=0 epoch=1] Sending UpdateMetadata request to brokers HashSet() for 0 partitions
2025-07-28T19:43:42.202+05:30  INFO 5124 --- [apachekafkawithspringboot] [er-event-thread] state.change.logger                      : [Controller id=0 epoch=1] Changed partition __consumer_offsets-4 from NewPartition to OnlinePartition with state LeaderAndIsr(leader=0, leaderEpoch=0, isrWithBrokerEpoch=List(BrokerState(brokerId=0, brokerEpoch=-1)), leaderRecoveryState=RECOVERED, partitionEpoch=0)
2025-07-28T19:43:42.203+05:30  INFO 5124 --- [apachekafkawithspringboot] [er-event-thread] state.change.logger                      : [Controller id=0 epoch=1] Changed partition __consumer_offsets-3 from NewPartition to OnlinePartition with state LeaderAndIsr(leader=0, leaderEpoch=0, isrWithBrokerEpoch=List(BrokerState(brokerId=0, brokerEpoch=-1)), leaderRecoveryState=RECOVERED, partitionEpoch=0)
2025-07-28T19:43:42.203+05:30  INFO 5124 --- [apachekafkawithspringboot] [er-event-thread] state.change.logger                      : [Controller id=0 epoch=1] Changed partition __consumer_offsets-2 from NewPartition to OnlinePartition with state LeaderAndIsr(leader=0, leaderEpoch=0, isrWithBrokerEpoch=List(BrokerState(brokerId=0, brokerEpoch=-1)), leaderRecoveryState=RECOVERED, partitionEpoch=0)
2025-07-28T19:43:42.203+05:30  INFO 5124 --- [apachekafkawithspringboot] [er-event-thread] state.change.logger                      : [Controller id=0 epoch=1] Changed partition __consumer_offsets-0 from NewPartition to OnlinePartition with state LeaderAndIsr(leader=0, leaderEpoch=0, isrWithBrokerEpoch=List(BrokerState(brokerId=0, brokerEpoch=-1)), leaderRecoveryState=RECOVERED, partitionEpoch=0)
2025-07-28T19:43:42.203+05:30  INFO 5124 --- [apachekafkawithspringboot] [er-event-thread] state.change.logger                      : [Controller id=0 epoch=1] Changed partition __consumer_offsets-1 from NewPartition to OnlinePartition with state LeaderAndIsr(leader=0, leaderEpoch=0, isrWithBrokerEpoch=List(BrokerState(brokerId=0, brokerEpoch=-1)), leaderRecoveryState=RECOVERED, partitionEpoch=0)
2025-07-28T19:43:42.203+05:30  INFO 5124 --- [apachekafkawithspringboot] [er-event-thread] state.change.logger                      : [Controller id=0 epoch=1] Sending LeaderAndIsr request to broker 0 with 5 become-leader and 0 become-follower partitions
2025-07-28T19:43:42.204+05:30  INFO 5124 --- [apachekafkawithspringboot] [er-event-thread] state.change.logger                      : [Controller id=0 epoch=1] Sending UpdateMetadata request to brokers HashSet(0) for 5 partitions
2025-07-28T19:43:42.206+05:30  INFO 5124 --- [apachekafkawithspringboot] [er-event-thread] state.change.logger                      : [Controller id=0 epoch=1] Sending UpdateMetadata request to brokers HashSet() for 0 partitions
2025-07-28T19:43:42.207+05:30  INFO 5124 --- [apachekafkawithspringboot] [quest-handler-7] state.change.logger                      : [Broker id=0] Handling LeaderAndIsr request correlationId 3 from controller 0 for 5 partitions
2025-07-28T19:43:42.211+05:30  INFO 5124 --- [apachekafkawithspringboot] [quest-handler-7] kafka.server.ReplicaFetcherManager       : [ReplicaFetcherManager on broker 0] Removed fetcher for partitions HashSet(__consumer_offsets-4, __consumer_offsets-3, __consumer_offsets-2, __consumer_offsets-0, __consumer_offsets-1)
2025-07-28T19:43:42.212+05:30  INFO 5124 --- [apachekafkawithspringboot] [quest-handler-7] state.change.logger                      : [Broker id=0] Stopped fetchers as part of LeaderAndIsr request correlationId 3 from controller 0 epoch 1 as part of the become-leader transition for 5 partitions
2025-07-28T19:43:42.228+05:30  INFO 5124 --- [apachekafkawithspringboot] [quest-handler-7] kafka.log.UnifiedLog$                    : [LogLoader partition=__consumer_offsets-3, dir=C:\Users\HP\AppData\Local\Temp\spring.kafka.3468c56f-6d23-4bfd-bfbc-b5a55719a3d913218803562643434250] Loading producer state till offset 0 with message format version 2
2025-07-28T19:43:42.229+05:30  INFO 5124 --- [apachekafkawithspringboot] [quest-handler-7] kafka.log.LogManager                     : Created log for partition __consumer_offsets-3 in C:\Users\HP\AppData\Local\Temp\spring.kafka.3468c56f-6d23-4bfd-bfbc-b5a55719a3d913218803562643434250\__consumer_offsets-3 with properties {cleanup.policy=compact, compression.type="producer", segment.bytes=104857600}
2025-07-28T19:43:42.231+05:30  INFO 5124 --- [apachekafkawithspringboot] [quest-handler-7] kafka.cluster.Partition                  : [Partition __consumer_offsets-3 broker=0] No checkpointed highwatermark is found for partition __consumer_offsets-3
2025-07-28T19:43:42.231+05:30  INFO 5124 --- [apachekafkawithspringboot] [quest-handler-7] kafka.cluster.Partition                  : [Partition __consumer_offsets-3 broker=0] Log loaded for partition __consumer_offsets-3 with initial high watermark 0
2025-07-28T19:43:42.232+05:30  INFO 5124 --- [apachekafkawithspringboot] [quest-handler-7] state.change.logger                      : [Broker id=0] Leader __consumer_offsets-3 with topic id Some(EcfgS3iqSWK5d_Xr3s5EWw) starts at leader epoch 0 from offset 0 with partition epoch 0, high watermark 0, ISR [0], adding replicas [] and removing replicas [] . Previous leader None and previous leader epoch was -1.
2025-07-28T19:43:42.254+05:30  INFO 5124 --- [apachekafkawithspringboot] [quest-handler-7] kafka.log.UnifiedLog$                    : [LogLoader partition=__consumer_offsets-2, dir=C:\Users\HP\AppData\Local\Temp\spring.kafka.3468c56f-6d23-4bfd-bfbc-b5a55719a3d913218803562643434250] Loading producer state till offset 0 with message format version 2
2025-07-28T19:43:42.255+05:30  INFO 5124 --- [apachekafkawithspringboot] [quest-handler-7] kafka.log.LogManager                     : Created log for partition __consumer_offsets-2 in C:\Users\HP\AppData\Local\Temp\spring.kafka.3468c56f-6d23-4bfd-bfbc-b5a55719a3d913218803562643434250\__consumer_offsets-2 with properties {cleanup.policy=compact, compression.type="producer", segment.bytes=104857600}
2025-07-28T19:43:42.256+05:30  INFO 5124 --- [apachekafkawithspringboot] [quest-handler-7] kafka.cluster.Partition                  : [Partition __consumer_offsets-2 broker=0] No checkpointed highwatermark is found for partition __consumer_offsets-2
2025-07-28T19:43:42.256+05:30  INFO 5124 --- [apachekafkawithspringboot] [quest-handler-7] kafka.cluster.Partition                  : [Partition __consumer_offsets-2 broker=0] Log loaded for partition __consumer_offsets-2 with initial high watermark 0
2025-07-28T19:43:42.256+05:30  INFO 5124 --- [apachekafkawithspringboot] [quest-handler-7] state.change.logger                      : [Broker id=0] Leader __consumer_offsets-2 with topic id Some(EcfgS3iqSWK5d_Xr3s5EWw) starts at leader epoch 0 from offset 0 with partition epoch 0, high watermark 0, ISR [0], adding replicas [] and removing replicas [] . Previous leader None and previous leader epoch was -1.
2025-07-28T19:43:42.261+05:30  INFO 5124 --- [apachekafkawithspringboot] [ntainer#1-0-C-1] org.apache.kafka.clients.Metadata        : [Consumer clientId=consumer-xyz-2, groupId=xyz] Cluster ID: Ka3qcMujQviSsMmrNL_Tgw
2025-07-28T19:43:42.279+05:30  INFO 5124 --- [apachekafkawithspringboot] [quest-handler-7] kafka.log.UnifiedLog$                    : [LogLoader partition=__consumer_offsets-4, dir=C:\Users\HP\AppData\Local\Temp\spring.kafka.3468c56f-6d23-4bfd-bfbc-b5a55719a3d913218803562643434250] Loading producer state till offset 0 with message format version 2
2025-07-28T19:43:42.282+05:30  INFO 5124 --- [apachekafkawithspringboot] [quest-handler-7] kafka.log.LogManager                     : Created log for partition __consumer_offsets-4 in C:\Users\HP\AppData\Local\Temp\spring.kafka.3468c56f-6d23-4bfd-bfbc-b5a55719a3d913218803562643434250\__consumer_offsets-4 with properties {cleanup.policy=compact, compression.type="producer", segment.bytes=104857600}
2025-07-28T19:43:42.282+05:30  INFO 5124 --- [apachekafkawithspringboot] [quest-handler-7] kafka.cluster.Partition                  : [Partition __consumer_offsets-4 broker=0] No checkpointed highwatermark is found for partition __consumer_offsets-4
2025-07-28T19:43:42.283+05:30  INFO 5124 --- [apachekafkawithspringboot] [quest-handler-7] kafka.cluster.Partition                  : [Partition __consumer_offsets-4 broker=0] Log loaded for partition __consumer_offsets-4 with initial high watermark 0
2025-07-28T19:43:42.283+05:30  INFO 5124 --- [apachekafkawithspringboot] [quest-handler-7] state.change.logger                      : [Broker id=0] Leader __consumer_offsets-4 with topic id Some(EcfgS3iqSWK5d_Xr3s5EWw) starts at leader epoch 0 from offset 0 with partition epoch 0, high watermark 0, ISR [0], adding replicas [] and removing replicas [] . Previous leader None and previous leader epoch was -1.
2025-07-28T19:43:42.302+05:30  INFO 5124 --- [apachekafkawithspringboot] [quest-handler-7] kafka.log.UnifiedLog$                    : [LogLoader partition=__consumer_offsets-1, dir=C:\Users\HP\AppData\Local\Temp\spring.kafka.3468c56f-6d23-4bfd-bfbc-b5a55719a3d913218803562643434250] Loading producer state till offset 0 with message format version 2
2025-07-28T19:43:42.305+05:30  INFO 5124 --- [apachekafkawithspringboot] [quest-handler-7] kafka.log.LogManager                     : Created log for partition __consumer_offsets-1 in C:\Users\HP\AppData\Local\Temp\spring.kafka.3468c56f-6d23-4bfd-bfbc-b5a55719a3d913218803562643434250\__consumer_offsets-1 with properties {cleanup.policy=compact, compression.type="producer", segment.bytes=104857600}
2025-07-28T19:43:42.305+05:30  INFO 5124 --- [apachekafkawithspringboot] [quest-handler-7] kafka.cluster.Partition                  : [Partition __consumer_offsets-1 broker=0] No checkpointed highwatermark is found for partition __consumer_offsets-1
2025-07-28T19:43:42.305+05:30  INFO 5124 --- [apachekafkawithspringboot] [quest-handler-7] kafka.cluster.Partition                  : [Partition __consumer_offsets-1 broker=0] Log loaded for partition __consumer_offsets-1 with initial high watermark 0
2025-07-28T19:43:42.306+05:30  INFO 5124 --- [apachekafkawithspringboot] [quest-handler-7] state.change.logger                      : [Broker id=0] Leader __consumer_offsets-1 with topic id Some(EcfgS3iqSWK5d_Xr3s5EWw) starts at leader epoch 0 from offset 0 with partition epoch 0, high watermark 0, ISR [0], adding replicas [] and removing replicas [] . Previous leader None and previous leader epoch was -1.
2025-07-28T19:43:42.326+05:30  INFO 5124 --- [apachekafkawithspringboot] [quest-handler-7] kafka.log.UnifiedLog$                    : [LogLoader partition=__consumer_offsets-0, dir=C:\Users\HP\AppData\Local\Temp\spring.kafka.3468c56f-6d23-4bfd-bfbc-b5a55719a3d913218803562643434250] Loading producer state till offset 0 with message format version 2
2025-07-28T19:43:42.327+05:30  INFO 5124 --- [apachekafkawithspringboot] [quest-handler-7] kafka.log.LogManager                     : Created log for partition __consumer_offsets-0 in C:\Users\HP\AppData\Local\Temp\spring.kafka.3468c56f-6d23-4bfd-bfbc-b5a55719a3d913218803562643434250\__consumer_offsets-0 with properties {cleanup.policy=compact, compression.type="producer", segment.bytes=104857600}
2025-07-28T19:43:42.327+05:30  INFO 5124 --- [apachekafkawithspringboot] [quest-handler-7] kafka.cluster.Partition                  : [Partition __consumer_offsets-0 broker=0] No checkpointed highwatermark is found for partition __consumer_offsets-0
2025-07-28T19:43:42.328+05:30  INFO 5124 --- [apachekafkawithspringboot] [quest-handler-7] kafka.cluster.Partition                  : [Partition __consumer_offsets-0 broker=0] Log loaded for partition __consumer_offsets-0 with initial high watermark 0
2025-07-28T19:43:42.328+05:30  INFO 5124 --- [apachekafkawithspringboot] [quest-handler-7] state.change.logger                      : [Broker id=0] Leader __consumer_offsets-0 with topic id Some(EcfgS3iqSWK5d_Xr3s5EWw) starts at leader epoch 0 from offset 0 with partition epoch 0, high watermark 0, ISR [0], adding replicas [] and removing replicas [] . Previous leader None and previous leader epoch was -1.
2025-07-28T19:43:42.333+05:30  INFO 5124 --- [apachekafkawithspringboot] [quest-handler-7] k.coordinator.group.GroupCoordinator     : [GroupCoordinator 0]: Elected as the group coordinator for partition 3 in epoch 0
2025-07-28T19:43:42.335+05:30  INFO 5124 --- [apachekafkawithspringboot] [quest-handler-7] k.c.group.GroupMetadataManager           : [GroupMetadataManager brokerId=0] Scheduling loading of offsets and group metadata from __consumer_offsets-3 for epoch 0
2025-07-28T19:43:42.345+05:30  INFO 5124 --- [apachekafkawithspringboot] [quest-handler-7] k.coordinator.group.GroupCoordinator     : [GroupCoordinator 0]: Elected as the group coordinator for partition 2 in epoch 0
2025-07-28T19:43:42.345+05:30  INFO 5124 --- [apachekafkawithspringboot] [quest-handler-7] k.c.group.GroupMetadataManager           : [GroupMetadataManager brokerId=0] Scheduling loading of offsets and group metadata from __consumer_offsets-2 for epoch 0
2025-07-28T19:43:42.345+05:30  INFO 5124 --- [apachekafkawithspringboot] [quest-handler-7] k.coordinator.group.GroupCoordinator     : [GroupCoordinator 0]: Elected as the group coordinator for partition 4 in epoch 0
2025-07-28T19:43:42.346+05:30  INFO 5124 --- [apachekafkawithspringboot] [quest-handler-7] k.c.group.GroupMetadataManager           : [GroupMetadataManager brokerId=0] Scheduling loading of offsets and group metadata from __consumer_offsets-4 for epoch 0
2025-07-28T19:43:42.346+05:30  INFO 5124 --- [apachekafkawithspringboot] [quest-handler-7] k.coordinator.group.GroupCoordinator     : [GroupCoordinator 0]: Elected as the group coordinator for partition 1 in epoch 0
2025-07-28T19:43:42.346+05:30  INFO 5124 --- [apachekafkawithspringboot] [quest-handler-7] k.c.group.GroupMetadataManager           : [GroupMetadataManager brokerId=0] Scheduling loading of offsets and group metadata from __consumer_offsets-1 for epoch 0
2025-07-28T19:43:42.346+05:30  INFO 5124 --- [apachekafkawithspringboot] [quest-handler-7] k.coordinator.group.GroupCoordinator     : [GroupCoordinator 0]: Elected as the group coordinator for partition 0 in epoch 0
2025-07-28T19:43:42.346+05:30  INFO 5124 --- [apachekafkawithspringboot] [quest-handler-7] k.c.group.GroupMetadataManager           : [GroupMetadataManager brokerId=0] Scheduling loading of offsets and group metadata from __consumer_offsets-0 for epoch 0
2025-07-28T19:43:42.347+05:30  INFO 5124 --- [apachekafkawithspringboot] [quest-handler-7] state.change.logger                      : [Broker id=0] Finished LeaderAndIsr request in 139ms correlationId 3 from controller 0 for 5 partitions
2025-07-28T19:43:42.351+05:30  INFO 5124 --- [apachekafkawithspringboot] [quest-handler-0] state.change.logger                      : [Broker id=0] Add 5 partitions and deleted 0 partitions from metadata cache in response to UpdateMetadata request sent by controller 0 epoch 1 with correlation id 4
2025-07-28T19:43:42.363+05:30  INFO 5124 --- [apachekafkawithspringboot] [adata-manager-0] k.c.group.GroupMetadataManager           : [GroupMetadataManager brokerId=0] Finished loading offsets and group metadata from __consumer_offsets-3 in 25 milliseconds for epoch 0, of which 11 milliseconds was spent in the scheduler.
2025-07-28T19:43:42.364+05:30  INFO 5124 --- [apachekafkawithspringboot] [adata-manager-0] k.c.group.GroupMetadataManager           : [GroupMetadataManager brokerId=0] Finished loading offsets and group metadata from __consumer_offsets-2 in 18 milliseconds for epoch 0, of which 18 milliseconds was spent in the scheduler.
2025-07-28T19:43:42.364+05:30  INFO 5124 --- [apachekafkawithspringboot] [adata-manager-0] k.c.group.GroupMetadataManager           : [GroupMetadataManager brokerId=0] Finished loading offsets and group metadata from __consumer_offsets-4 in 18 milliseconds for epoch 0, of which 18 milliseconds was spent in the scheduler.
2025-07-28T19:43:42.365+05:30  INFO 5124 --- [apachekafkawithspringboot] [adata-manager-0] k.c.group.GroupMetadataManager           : [GroupMetadataManager brokerId=0] Finished loading offsets and group metadata from __consumer_offsets-1 in 19 milliseconds for epoch 0, of which 18 milliseconds was spent in the scheduler.
2025-07-28T19:43:42.365+05:30  INFO 5124 --- [apachekafkawithspringboot] [adata-manager-0] k.c.group.GroupMetadataManager           : [GroupMetadataManager brokerId=0] Finished loading offsets and group metadata from __consumer_offsets-0 in 19 milliseconds for epoch 0, of which 19 milliseconds was spent in the scheduler.
2025-07-28T19:43:42.411+05:30  INFO 5124 --- [apachekafkawithspringboot] [ntainer#0-0-C-1] o.a.k.c.c.internals.ConsumerCoordinator  : [Consumer clientId=consumer-xyz-1, groupId=xyz] Discovered group coordinator localhost:9092 (id: 2147483647 rack: null)
2025-07-28T19:43:42.417+05:30  INFO 5124 --- [apachekafkawithspringboot] [ntainer#0-0-C-1] o.a.k.c.c.internals.ConsumerCoordinator  : [Consumer clientId=consumer-xyz-1, groupId=xyz] (Re-)joining group
2025-07-28T19:43:42.472+05:30  INFO 5124 --- [apachekafkawithspringboot] [quest-handler-5] k.coordinator.group.GroupCoordinator     : [GroupCoordinator 0]: Dynamic member with unknown member id joins group xyz in Empty state. Created a new member id consumer-xyz-1-7b0d79c3-447b-42db-8403-ba5ec0f196f5 and request the member to rejoin with this id.
2025-07-28T19:43:42.483+05:30  INFO 5124 --- [apachekafkawithspringboot] [ntainer#0-0-C-1] o.a.k.c.c.internals.ConsumerCoordinator  : [Consumer clientId=consumer-xyz-1, groupId=xyz] Request joining group due to: need to re-join with the given member-id: consumer-xyz-1-7b0d79c3-447b-42db-8403-ba5ec0f196f5
2025-07-28T19:43:42.484+05:30  INFO 5124 --- [apachekafkawithspringboot] [ntainer#0-0-C-1] o.a.k.c.c.internals.ConsumerCoordinator  : [Consumer clientId=consumer-xyz-1, groupId=xyz] (Re-)joining group
2025-07-28T19:43:42.500+05:30  INFO 5124 --- [apachekafkawithspringboot] [ntainer#1-0-C-1] o.a.k.c.c.internals.ConsumerCoordinator  : [Consumer clientId=consumer-xyz-2, groupId=xyz] Discovered group coordinator localhost:9092 (id: 2147483647 rack: null)
2025-07-28T19:43:42.501+05:30  INFO 5124 --- [apachekafkawithspringboot] [ntainer#1-0-C-1] o.a.k.c.c.internals.ConsumerCoordinator  : [Consumer clientId=consumer-xyz-2, groupId=xyz] (Re-)joining group
2025-07-28T19:43:42.512+05:30  INFO 5124 --- [apachekafkawithspringboot] [quest-handler-6] k.coordinator.group.GroupCoordinator     : [GroupCoordinator 0]: Preparing to rebalance group xyz in state PreparingRebalance with old generation 0 (__consumer_offsets-3) (reason: Adding new member consumer-xyz-1-7b0d79c3-447b-42db-8403-ba5ec0f196f5 with group instance id None; client reason: need to re-join with the given member-id: consumer-xyz-1-7b0d79c3-447b-42db-8403-ba5ec0f196f5)
2025-07-28T19:43:42.516+05:30  INFO 5124 --- [apachekafkawithspringboot] [quest-handler-0] k.coordinator.group.GroupCoordinator     : [GroupCoordinator 0]: Dynamic member with unknown member id joins group xyz in PreparingRebalance state. Created a new member id consumer-xyz-2-55a5c6b6-1201-4e98-90f3-f702c883fba9 and request the member to rejoin with this id.
2025-07-28T19:43:42.517+05:30  INFO 5124 --- [apachekafkawithspringboot] [ntainer#1-0-C-1] o.a.k.c.c.internals.ConsumerCoordinator  : [Consumer clientId=consumer-xyz-2, groupId=xyz] Request joining group due to: need to re-join with the given member-id: consumer-xyz-2-55a5c6b6-1201-4e98-90f3-f702c883fba9
2025-07-28T19:43:42.518+05:30  INFO 5124 --- [apachekafkawithspringboot] [ntainer#1-0-C-1] o.a.k.c.c.internals.ConsumerCoordinator  : [Consumer clientId=consumer-xyz-2, groupId=xyz] (Re-)joining group
2025-07-28T19:43:42.565+05:30  INFO 5124 --- [apachekafkawithspringboot] [cutor-Rebalance] k.coordinator.group.GroupCoordinator     : [GroupCoordinator 0]: Stabilized group xyz generation 1 (__consumer_offsets-3) with 2 members
2025-07-28T19:43:42.568+05:30  INFO 5124 --- [apachekafkawithspringboot] [ntainer#1-0-C-1] o.a.k.c.c.internals.ConsumerCoordinator  : [Consumer clientId=consumer-xyz-2, groupId=xyz] Successfully joined group with generation Generation{generationId=1, memberId='consumer-xyz-2-55a5c6b6-1201-4e98-90f3-f702c883fba9', protocol='range'}
2025-07-28T19:43:42.570+05:30  INFO 5124 --- [apachekafkawithspringboot] [ntainer#0-0-C-1] o.a.k.c.c.internals.ConsumerCoordinator  : [Consumer clientId=consumer-xyz-1, groupId=xyz] Successfully joined group with generation Generation{generationId=1, memberId='consumer-xyz-1-7b0d79c3-447b-42db-8403-ba5ec0f196f5', protocol='range'}
2025-07-28T19:43:42.588+05:30  INFO 5124 --- [apachekafkawithspringboot] [ntainer#0-0-C-1] o.a.k.c.c.internals.ConsumerCoordinator  : [Consumer clientId=consumer-xyz-1, groupId=xyz] Finished assignment for group at generation 1: {consumer-xyz-2-55a5c6b6-1201-4e98-90f3-f702c883fba9=Assignment(partitions=[]), consumer-xyz-1-7b0d79c3-447b-42db-8403-ba5ec0f196f5=Assignment(partitions=[myKafkaTest-0])}
2025-07-28T19:43:42.615+05:30  INFO 5124 --- [apachekafkawithspringboot] [quest-handler-5] k.coordinator.group.GroupCoordinator     : [GroupCoordinator 0]: Assignment received from leader consumer-xyz-1-7b0d79c3-447b-42db-8403-ba5ec0f196f5 for group xyz for generation 1. The group has 2 members, 0 of which are static.
2025-07-28T19:43:42.793+05:30  INFO 5124 --- [apachekafkawithspringboot] [ntainer#0-0-C-1] o.a.k.c.c.internals.ConsumerCoordinator  : [Consumer clientId=consumer-xyz-1, groupId=xyz] Successfully synced group in generation Generation{generationId=1, memberId='consumer-xyz-1-7b0d79c3-447b-42db-8403-ba5ec0f196f5', protocol='range'}
2025-07-28T19:43:42.794+05:30  INFO 5124 --- [apachekafkawithspringboot] [ntainer#0-0-C-1] o.a.k.c.c.internals.ConsumerCoordinator  : [Consumer clientId=consumer-xyz-1, groupId=xyz] Notifying assignor about the new Assignment(partitions=[myKafkaTest-0])
2025-07-28T19:43:42.801+05:30  INFO 5124 --- [apachekafkawithspringboot] [ntainer#0-0-C-1] k.c.c.i.ConsumerRebalanceListenerInvoker : [Consumer clientId=consumer-xyz-1, groupId=xyz] Adding newly assigned partitions: myKafkaTest-0
2025-07-28T19:43:42.812+05:30  INFO 5124 --- [apachekafkawithspringboot] [at-thread | xyz] o.a.k.c.c.internals.ConsumerCoordinator  : [Consumer clientId=consumer-xyz-2, groupId=xyz] Successfully synced group in generation Generation{generationId=1, memberId='consumer-xyz-2-55a5c6b6-1201-4e98-90f3-f702c883fba9', protocol='range'}
2025-07-28T19:43:42.813+05:30  INFO 5124 --- [apachekafkawithspringboot] [ntainer#1-0-C-1] o.a.k.c.c.internals.ConsumerCoordinator  : [Consumer clientId=consumer-xyz-2, groupId=xyz] Notifying assignor about the new Assignment(partitions=[])
2025-07-28T19:43:42.814+05:30  INFO 5124 --- [apachekafkawithspringboot] [ntainer#1-0-C-1] k.c.c.i.ConsumerRebalanceListenerInvoker : [Consumer clientId=consumer-xyz-2, groupId=xyz] Adding newly assigned partitions: 
2025-07-28T19:43:42.821+05:30  INFO 5124 --- [apachekafkawithspringboot] [ntainer#1-0-C-1] o.s.k.l.KafkaMessageListenerContainer    : xyz: partitions assigned: []
2025-07-28T19:43:42.846+05:30  INFO 5124 --- [apachekafkawithspringboot] [ntainer#0-0-C-1] o.a.k.c.c.internals.ConsumerCoordinator  : [Consumer clientId=consumer-xyz-1, groupId=xyz] Found no committed offset for partition myKafkaTest-0
2025-07-28T19:43:42.850+05:30  INFO 5124 --- [apachekafkawithspringboot] [ntainer#0-0-C-1] o.a.k.c.c.internals.ConsumerCoordinator  : [Consumer clientId=consumer-xyz-1, groupId=xyz] Found no committed offset for partition myKafkaTest-0
2025-07-28T19:43:42.888+05:30  INFO 5124 --- [apachekafkawithspringboot] [ntainer#0-0-C-1] o.a.k.c.c.internals.SubscriptionState    : [Consumer clientId=consumer-xyz-1, groupId=xyz] Resetting offset for partition myKafkaTest-0 to position FetchPosition{offset=0, offsetEpoch=Optional.empty, currentLeader=LeaderAndEpoch{leader=Optional[localhost:9092 (id: 0 rack: null)], epoch=0}}.
2025-07-28T19:43:42.951+05:30  INFO 5124 --- [apachekafkawithspringboot] [ntainer#0-0-C-1] o.s.k.l.KafkaMessageListenerContainer    : xyz: partitions assigned: [myKafkaTest-0]
2025-07-28T19:43:43.370+05:30  INFO 5124 --- [apachekafkawithspringboot] [           main] o.a.k.clients.consumer.ConsumerConfig    : ConsumerConfig values: 
	allow.auto.create.topics = true
	auto.commit.interval.ms = 5000
	auto.include.jmx.reporter = true
	auto.offset.reset = latest
	bootstrap.servers = [localhost:9092]
	check.crcs = true
	client.dns.lookup = use_all_dns_ips
	client.id = consumer-xyz-3
	client.rack = 
	connections.max.idle.ms = 540000
	default.api.timeout.ms = 60000
	enable.auto.commit = false
	enable.metrics.push = true
	exclude.internal.topics = true
	fetch.max.bytes = 52428800
	fetch.max.wait.ms = 500
	fetch.min.bytes = 1
	group.id = xyz
	group.instance.id = null
	group.protocol = classic
	group.remote.assignor = null
	heartbeat.interval.ms = 3000
	interceptor.classes = []
	internal.leave.group.on.close = true
	internal.throw.on.fetch.stable.offset.unsupported = false
	isolation.level = read_uncommitted
	key.deserializer = class org.apache.kafka.common.serialization.StringDeserializer
	max.partition.fetch.bytes = 1048576
	max.poll.interval.ms = 300000
	max.poll.records = 500
	metadata.max.age.ms = 300000
	metadata.recovery.strategy = none
	metric.reporters = []
	metrics.num.samples = 2
	metrics.recording.level = INFO
	metrics.sample.window.ms = 30000
	partition.assignment.strategy = [class org.apache.kafka.clients.consumer.RangeAssignor, class org.apache.kafka.clients.consumer.CooperativeStickyAssignor]
	receive.buffer.bytes = 65536
	reconnect.backoff.max.ms = 1000
	reconnect.backoff.ms = 50
	request.timeout.ms = 30000
	retry.backoff.max.ms = 1000
	retry.backoff.ms = 100
	sasl.client.callback.handler.class = null
	sasl.jaas.config = null
	sasl.kerberos.kinit.cmd = /usr/bin/kinit
	sasl.kerberos.min.time.before.relogin = 60000
	sasl.kerberos.service.name = null
	sasl.kerberos.ticket.renew.jitter = 0.05
	sasl.kerberos.ticket.renew.window.factor = 0.8
	sasl.login.callback.handler.class = null
	sasl.login.class = null
	sasl.login.connect.timeout.ms = null
	sasl.login.read.timeout.ms = null
	sasl.login.refresh.buffer.seconds = 300
	sasl.login.refresh.min.period.seconds = 60
	sasl.login.refresh.window.factor = 0.8
	sasl.login.refresh.window.jitter = 0.05
	sasl.login.retry.backoff.max.ms = 10000
	sasl.login.retry.backoff.ms = 100
	sasl.mechanism = GSSAPI
	sasl.oauthbearer.clock.skew.seconds = 30
	sasl.oauthbearer.expected.audience = null
	sasl.oauthbearer.expected.issuer = null
	sasl.oauthbearer.jwks.endpoint.refresh.ms = 3600000
	sasl.oauthbearer.jwks.endpoint.retry.backoff.max.ms = 10000
	sasl.oauthbearer.jwks.endpoint.retry.backoff.ms = 100
	sasl.oauthbearer.jwks.endpoint.url = null
	sasl.oauthbearer.scope.claim.name = scope
	sasl.oauthbearer.sub.claim.name = sub
	sasl.oauthbearer.token.endpoint.url = null
	security.protocol = PLAINTEXT
	security.providers = null
	send.buffer.bytes = 131072
	session.timeout.ms = 45000
	socket.connection.setup.timeout.max.ms = 30000
	socket.connection.setup.timeout.ms = 10000
	ssl.cipher.suites = null
	ssl.enabled.protocols = [TLSv1.2, TLSv1.3]
	ssl.endpoint.identification.algorithm = https
	ssl.engine.factory.class = null
	ssl.key.password = null
	ssl.keymanager.algorithm = SunX509
	ssl.keystore.certificate.chain = null
	ssl.keystore.key = null
	ssl.keystore.location = null
	ssl.keystore.password = null
	ssl.keystore.type = JKS
	ssl.protocol = TLSv1.3
	ssl.provider = null
	ssl.secure.random.implementation = null
	ssl.trustmanager.algorithm = PKIX
	ssl.truststore.certificates = null
	ssl.truststore.location = null
	ssl.truststore.password = null
	ssl.truststore.type = JKS
	value.deserializer = class org.apache.kafka.common.serialization.StringDeserializer

2025-07-28T19:43:43.370+05:30  INFO 5124 --- [apachekafkawithspringboot] [           main] o.a.k.c.t.i.KafkaMetricsCollector        : initializing Kafka metrics collector
2025-07-28T19:43:43.388+05:30  INFO 5124 --- [apachekafkawithspringboot] [           main] o.a.kafka.common.utils.AppInfoParser     : Kafka version: 3.8.1
2025-07-28T19:43:43.389+05:30  INFO 5124 --- [apachekafkawithspringboot] [           main] o.a.kafka.common.utils.AppInfoParser     : Kafka commitId: 70d6ff42debf7e17
2025-07-28T19:43:43.389+05:30  INFO 5124 --- [apachekafkawithspringboot] [           main] o.a.kafka.common.utils.AppInfoParser     : Kafka startTimeMs: 1753712023388
2025-07-28T19:43:43.389+05:30  INFO 5124 --- [apachekafkawithspringboot] [           main] o.a.k.c.c.internals.LegacyKafkaConsumer  : [Consumer clientId=consumer-xyz-3, groupId=xyz] Subscribed to topic(s): myKafkaTest
2025-07-28T19:43:43.397+05:30  INFO 5124 --- [apachekafkawithspringboot] [           main] o.a.k.clients.consumer.ConsumerConfig    : ConsumerConfig values: 
	allow.auto.create.topics = true
	auto.commit.interval.ms = 5000
	auto.include.jmx.reporter = true
	auto.offset.reset = latest
	bootstrap.servers = [localhost:9092]
	check.crcs = true
	client.dns.lookup = use_all_dns_ips
	client.id = consumer-xyz-4
	client.rack = 
	connections.max.idle.ms = 540000
	default.api.timeout.ms = 60000
	enable.auto.commit = false
	enable.metrics.push = true
	exclude.internal.topics = true
	fetch.max.bytes = 52428800
	fetch.max.wait.ms = 500
	fetch.min.bytes = 1
	group.id = xyz
	group.instance.id = null
	group.protocol = classic
	group.remote.assignor = null
	heartbeat.interval.ms = 3000
	interceptor.classes = []
	internal.leave.group.on.close = true
	internal.throw.on.fetch.stable.offset.unsupported = false
	isolation.level = read_uncommitted
	key.deserializer = class org.apache.kafka.common.serialization.StringDeserializer
	max.partition.fetch.bytes = 1048576
	max.poll.interval.ms = 300000
	max.poll.records = 500
	metadata.max.age.ms = 300000
	metadata.recovery.strategy = none
	metric.reporters = []
	metrics.num.samples = 2
	metrics.recording.level = INFO
	metrics.sample.window.ms = 30000
	partition.assignment.strategy = [class org.apache.kafka.clients.consumer.RangeAssignor, class org.apache.kafka.clients.consumer.CooperativeStickyAssignor]
	receive.buffer.bytes = 65536
	reconnect.backoff.max.ms = 1000
	reconnect.backoff.ms = 50
	request.timeout.ms = 30000
	retry.backoff.max.ms = 1000
	retry.backoff.ms = 100
	sasl.client.callback.handler.class = null
	sasl.jaas.config = null
	sasl.kerberos.kinit.cmd = /usr/bin/kinit
	sasl.kerberos.min.time.before.relogin = 60000
	sasl.kerberos.service.name = null
	sasl.kerberos.ticket.renew.jitter = 0.05
	sasl.kerberos.ticket.renew.window.factor = 0.8
	sasl.login.callback.handler.class = null
	sasl.login.class = null
	sasl.login.connect.timeout.ms = null
	sasl.login.read.timeout.ms = null
	sasl.login.refresh.buffer.seconds = 300
	sasl.login.refresh.min.period.seconds = 60
	sasl.login.refresh.window.factor = 0.8
	sasl.login.refresh.window.jitter = 0.05
	sasl.login.retry.backoff.max.ms = 10000
	sasl.login.retry.backoff.ms = 100
	sasl.mechanism = GSSAPI
	sasl.oauthbearer.clock.skew.seconds = 30
	sasl.oauthbearer.expected.audience = null
	sasl.oauthbearer.expected.issuer = null
	sasl.oauthbearer.jwks.endpoint.refresh.ms = 3600000
	sasl.oauthbearer.jwks.endpoint.retry.backoff.max.ms = 10000
	sasl.oauthbearer.jwks.endpoint.retry.backoff.ms = 100
	sasl.oauthbearer.jwks.endpoint.url = null
	sasl.oauthbearer.scope.claim.name = scope
	sasl.oauthbearer.sub.claim.name = sub
	sasl.oauthbearer.token.endpoint.url = null
	security.protocol = PLAINTEXT
	security.providers = null
	send.buffer.bytes = 131072
	session.timeout.ms = 45000
	socket.connection.setup.timeout.max.ms = 30000
	socket.connection.setup.timeout.ms = 10000
	ssl.cipher.suites = null
	ssl.enabled.protocols = [TLSv1.2, TLSv1.3]
	ssl.endpoint.identification.algorithm = https
	ssl.engine.factory.class = null
	ssl.key.password = null
	ssl.keymanager.algorithm = SunX509
	ssl.keystore.certificate.chain = null
	ssl.keystore.key = null
	ssl.keystore.location = null
	ssl.keystore.password = null
	ssl.keystore.type = JKS
	ssl.protocol = TLSv1.3
	ssl.provider = null
	ssl.secure.random.implementation = null
	ssl.trustmanager.algorithm = PKIX
	ssl.truststore.certificates = null
	ssl.truststore.location = null
	ssl.truststore.password = null
	ssl.truststore.type = JKS
	value.deserializer = class org.apache.kafka.common.serialization.StringDeserializer

2025-07-28T19:43:43.398+05:30  INFO 5124 --- [apachekafkawithspringboot] [           main] o.a.k.c.t.i.KafkaMetricsCollector        : initializing Kafka metrics collector
2025-07-28T19:43:43.408+05:30  INFO 5124 --- [apachekafkawithspringboot] [ntainer#0-0-C-1] org.apache.kafka.clients.Metadata        : [Consumer clientId=consumer-xyz-3, groupId=xyz] Cluster ID: Ka3qcMujQviSsMmrNL_Tgw
2025-07-28T19:43:43.408+05:30  INFO 5124 --- [apachekafkawithspringboot] [ntainer#0-0-C-1] o.a.k.c.c.internals.ConsumerCoordinator  : [Consumer clientId=consumer-xyz-3, groupId=xyz] Discovered group coordinator localhost:9092 (id: 2147483647 rack: null)
2025-07-28T19:43:43.410+05:30  INFO 5124 --- [apachekafkawithspringboot] [ntainer#0-0-C-1] o.a.k.c.c.internals.ConsumerCoordinator  : [Consumer clientId=consumer-xyz-3, groupId=xyz] (Re-)joining group
2025-07-28T19:43:43.420+05:30  INFO 5124 --- [apachekafkawithspringboot] [quest-handler-2] k.coordinator.group.GroupCoordinator     : [GroupCoordinator 0]: Dynamic member with unknown member id joins group xyz in Stable state. Created a new member id consumer-xyz-3-74d8bb66-da11-407b-a93c-090f3f594c38 and request the member to rejoin with this id.
2025-07-28T19:43:43.422+05:30  INFO 5124 --- [apachekafkawithspringboot] [ntainer#0-0-C-1] o.a.k.c.c.internals.ConsumerCoordinator  : [Consumer clientId=consumer-xyz-3, groupId=xyz] Request joining group due to: need to re-join with the given member-id: consumer-xyz-3-74d8bb66-da11-407b-a93c-090f3f594c38
2025-07-28T19:43:43.423+05:30  INFO 5124 --- [apachekafkawithspringboot] [ntainer#0-0-C-1] o.a.k.c.c.internals.ConsumerCoordinator  : [Consumer clientId=consumer-xyz-3, groupId=xyz] (Re-)joining group
2025-07-28T19:43:43.428+05:30  INFO 5124 --- [apachekafkawithspringboot] [quest-handler-2] k.coordinator.group.GroupCoordinator     : [GroupCoordinator 0]: Preparing to rebalance group xyz in state PreparingRebalance with old generation 1 (__consumer_offsets-3) (reason: Adding new member consumer-xyz-3-74d8bb66-da11-407b-a93c-090f3f594c38 with group instance id None; client reason: need to re-join with the given member-id: consumer-xyz-3-74d8bb66-da11-407b-a93c-090f3f594c38)
2025-07-28T19:43:43.436+05:30  INFO 5124 --- [apachekafkawithspringboot] [           main] o.a.kafka.common.utils.AppInfoParser     : Kafka version: 3.8.1
2025-07-28T19:43:43.436+05:30  INFO 5124 --- [apachekafkawithspringboot] [           main] o.a.kafka.common.utils.AppInfoParser     : Kafka commitId: 70d6ff42debf7e17
2025-07-28T19:43:43.436+05:30  INFO 5124 --- [apachekafkawithspringboot] [           main] o.a.kafka.common.utils.AppInfoParser     : Kafka startTimeMs: 1753712023436
2025-07-28T19:43:43.437+05:30  INFO 5124 --- [apachekafkawithspringboot] [           main] o.a.k.c.c.internals.LegacyKafkaConsumer  : [Consumer clientId=consumer-xyz-4, groupId=xyz] Subscribed to topic(s): myKafkaTest
2025-07-28T19:43:43.450+05:30  INFO 5124 --- [apachekafkawithspringboot] [ntainer#1-0-C-1] org.apache.kafka.clients.Metadata        : [Consumer clientId=consumer-xyz-4, groupId=xyz] Cluster ID: Ka3qcMujQviSsMmrNL_Tgw
2025-07-28T19:43:43.449+05:30  INFO 5124 --- [apachekafkawithspringboot] [           main] c.e.demo.consumer.MessageConsumerTest    : Started MessageConsumerTest in 5.366 seconds (process running for 15.269)
2025-07-28T19:43:43.452+05:30  INFO 5124 --- [apachekafkawithspringboot] [ntainer#1-0-C-1] o.a.k.c.c.internals.ConsumerCoordinator  : [Consumer clientId=consumer-xyz-4, groupId=xyz] Discovered group coordinator localhost:9092 (id: 2147483647 rack: null)
2025-07-28T19:43:43.454+05:30  INFO 5124 --- [apachekafkawithspringboot] [ntainer#1-0-C-1] o.a.k.c.c.internals.ConsumerCoordinator  : [Consumer clientId=consumer-xyz-4, groupId=xyz] (Re-)joining group
2025-07-28T19:43:43.464+05:30  INFO 5124 --- [apachekafkawithspringboot] [quest-handler-3] k.coordinator.group.GroupCoordinator     : [GroupCoordinator 0]: Dynamic member with unknown member id joins group xyz in PreparingRebalance state. Created a new member id consumer-xyz-4-20e90e9e-6986-423b-a5bc-2566f35776a1 and request the member to rejoin with this id.
2025-07-28T19:43:43.465+05:30  INFO 5124 --- [apachekafkawithspringboot] [ntainer#1-0-C-1] o.a.k.c.c.internals.ConsumerCoordinator  : [Consumer clientId=consumer-xyz-4, groupId=xyz] Request joining group due to: need to re-join with the given member-id: consumer-xyz-4-20e90e9e-6986-423b-a5bc-2566f35776a1
2025-07-28T19:43:43.466+05:30  INFO 5124 --- [apachekafkawithspringboot] [ntainer#1-0-C-1] o.a.k.c.c.internals.ConsumerCoordinator  : [Consumer clientId=consumer-xyz-4, groupId=xyz] (Re-)joining group
2025-07-28T19:43:43.543+05:30  INFO 5124 --- [apachekafkawithspringboot] [           main] o.a.k.clients.producer.ProducerConfig    : ProducerConfig values: 
	acks = -1
	auto.include.jmx.reporter = true
	batch.size = 16384
	bootstrap.servers = [127.0.0.1:9092]
	buffer.memory = 33554432
	client.dns.lookup = use_all_dns_ips
	client.id = producer-1
	compression.gzip.level = -1
	compression.lz4.level = 9
	compression.type = none
	compression.zstd.level = 3
	connections.max.idle.ms = 540000
	delivery.timeout.ms = 120000
	enable.idempotence = true
	enable.metrics.push = true
	interceptor.classes = []
	key.serializer = class org.apache.kafka.common.serialization.StringSerializer
	linger.ms = 1
	max.block.ms = 60000
	max.in.flight.requests.per.connection = 5
	max.request.size = 1048576
	metadata.max.age.ms = 300000
	metadata.max.idle.ms = 300000
	metadata.recovery.strategy = none
	metric.reporters = []
	metrics.num.samples = 2
	metrics.recording.level = INFO
	metrics.sample.window.ms = 30000
	partitioner.adaptive.partitioning.enable = true
	partitioner.availability.timeout.ms = 0
	partitioner.class = null
	partitioner.ignore.keys = false
	receive.buffer.bytes = 32768
	reconnect.backoff.max.ms = 1000
	reconnect.backoff.ms = 50
	request.timeout.ms = 30000
	retries = 2147483647
	retry.backoff.max.ms = 1000
	retry.backoff.ms = 100
	sasl.client.callback.handler.class = null
	sasl.jaas.config = null
	sasl.kerberos.kinit.cmd = /usr/bin/kinit
	sasl.kerberos.min.time.before.relogin = 60000
	sasl.kerberos.service.name = null
	sasl.kerberos.ticket.renew.jitter = 0.05
	sasl.kerberos.ticket.renew.window.factor = 0.8
	sasl.login.callback.handler.class = null
	sasl.login.class = null
	sasl.login.connect.timeout.ms = null
	sasl.login.read.timeout.ms = null
	sasl.login.refresh.buffer.seconds = 300
	sasl.login.refresh.min.period.seconds = 60
	sasl.login.refresh.window.factor = 0.8
	sasl.login.refresh.window.jitter = 0.05
	sasl.login.retry.backoff.max.ms = 10000
	sasl.login.retry.backoff.ms = 100
	sasl.mechanism = GSSAPI
	sasl.oauthbearer.clock.skew.seconds = 30
	sasl.oauthbearer.expected.audience = null
	sasl.oauthbearer.expected.issuer = null
	sasl.oauthbearer.jwks.endpoint.refresh.ms = 3600000
	sasl.oauthbearer.jwks.endpoint.retry.backoff.max.ms = 10000
	sasl.oauthbearer.jwks.endpoint.retry.backoff.ms = 100
	sasl.oauthbearer.jwks.endpoint.url = null
	sasl.oauthbearer.scope.claim.name = scope
	sasl.oauthbearer.sub.claim.name = sub
	sasl.oauthbearer.token.endpoint.url = null
	security.protocol = PLAINTEXT
	security.providers = null
	send.buffer.bytes = 131072
	socket.connection.setup.timeout.max.ms = 30000
	socket.connection.setup.timeout.ms = 10000
	ssl.cipher.suites = null
	ssl.enabled.protocols = [TLSv1.2, TLSv1.3]
	ssl.endpoint.identification.algorithm = https
	ssl.engine.factory.class = null
	ssl.key.password = null
	ssl.keymanager.algorithm = SunX509
	ssl.keystore.certificate.chain = null
	ssl.keystore.key = null
	ssl.keystore.location = null
	ssl.keystore.password = null
	ssl.keystore.type = JKS
	ssl.protocol = TLSv1.3
	ssl.provider = null
	ssl.secure.random.implementation = null
	ssl.trustmanager.algorithm = PKIX
	ssl.truststore.certificates = null
	ssl.truststore.location = null
	ssl.truststore.password = null
	ssl.truststore.type = JKS
	transaction.timeout.ms = 60000
	transactional.id = null
	value.serializer = class org.apache.kafka.common.serialization.StringSerializer

2025-07-28T19:43:43.544+05:30  INFO 5124 --- [apachekafkawithspringboot] [           main] o.a.k.c.t.i.KafkaMetricsCollector        : initializing Kafka metrics collector
2025-07-28T19:43:43.580+05:30  INFO 5124 --- [apachekafkawithspringboot] [           main] o.a.k.clients.producer.KafkaProducer     : [Producer clientId=producer-1] Instantiated an idempotent producer.
2025-07-28T19:43:43.627+05:30  INFO 5124 --- [apachekafkawithspringboot] [           main] o.a.kafka.common.utils.AppInfoParser     : Kafka version: 3.8.1
2025-07-28T19:43:43.627+05:30  INFO 5124 --- [apachekafkawithspringboot] [           main] o.a.kafka.common.utils.AppInfoParser     : Kafka commitId: 70d6ff42debf7e17
2025-07-28T19:43:43.631+05:30  INFO 5124 --- [apachekafkawithspringboot] [           main] o.a.kafka.common.utils.AppInfoParser     : Kafka startTimeMs: 1753712023627
2025-07-28T19:43:43.658+05:30  INFO 5124 --- [apachekafkawithspringboot] [ad | producer-1] org.apache.kafka.clients.Metadata        : [Producer clientId=producer-1] Cluster ID: Ka3qcMujQviSsMmrNL_Tgw
2025-07-28T19:43:43.699+05:30  INFO 5124 --- [apachekafkawithspringboot] [er-event-thread] kafka.controller.KafkaController         : [Controller id=0] Acquired new producerId block ProducerIdsBlock(assignedBrokerId=0, firstProducerId=0, size=1000) by writing to Zk with path version 1
2025-07-28T19:43:43.790+05:30  INFO 5124 --- [apachekafkawithspringboot] [ad | producer-1] o.a.k.c.p.internals.TransactionManager   : [Producer clientId=producer-1] ProducerId set to 0 with epoch 0
MESSAGE RECEIVED AT CONSUMER END -> test-message
]]></system-out>
  </testcase>
</testsuite>